#
# There is insufficient memory for the Java Runtime Environment to continue.
# Native memory allocation (malloc) failed to allocate 1795712 bytes for Chunk::new
# Possible reasons:
#   The system is out of physical RAM or swap space
#   In 32 bit mode, the process size limit was hit
# Possible solutions:
#   Reduce memory load on the system
#   Increase physical memory or swap space
#   Check if swap backing store is full
#   Use 64 bit Java on a 64 bit OS
#   Decrease Java heap size (-Xmx/-Xms)
#   Decrease number of Java threads
#   Decrease Java thread stack sizes (-Xss)
#   Set larger code cache with -XX:ReservedCodeCacheSize=
# This output file may be truncated or incomplete.
#
#  Out of Memory Error (allocation.cpp:390), pid=100, tid=0x0000000000000a64
#
# JRE version: OpenJDK Runtime Environment (8.0_152-b02) (build 1.8.0_152-release-1024-b02)
# Java VM: OpenJDK 64-Bit Server VM (25.152-b02 mixed mode windows-amd64 compressed oops)
# Failed to write core dump. Minidumps are not enabled by default on client versions of Windows
#

---------------  T H R E A D  ---------------

Current thread (0x000000001910b800):  JavaThread "C2 CompilerThread0" daemon [_thread_in_native, id=2660, stack(0x00000000198d0000,0x00000000199d0000)]

Stack: [0x00000000198d0000,0x00000000199d0000]
[error occurred during error reporting (printing stack bounds), id 0xc0000005]

Native frames: (J=compiled Java code, j=interpreted, Vv=VM code, C=native code)


Current CompileTask:
C2:   9426 1337       4       java.net.URLClassLoader$1::run (5 bytes)


---------------  P R O C E S S  ---------------

Java Threads: ( => current thread )
  0x0000000019271800 JavaThread "Cache worker for file hash cache (C:\Users\Lenovo-PC\Documents\SimpleCalculator\.gradle\4.4\fileHashes)" [_thread_blocked, id=12704, stack(0x000000001dbf0000,0x000000001dcf0000)]
  0x000000001a28d000 JavaThread "File lock request listener" [_thread_in_native, id=5156, stack(0x000000001cb20000,0x000000001cc20000)]
  0x000000001a331000 JavaThread "Cache worker for file hash cache (C:\Users\Lenovo-PC\.gradle\caches\4.4\fileHashes)" [_thread_blocked, id=2972, stack(0x000000001ca20000,0x000000001cb20000)]
  0x000000001a4b2800 JavaThread "Stdin handler" [_thread_blocked, id=14688, stack(0x000000001c720000,0x000000001c820000)]
  0x000000001a4a8000 JavaThread "Asynchronous log dispatcher for DefaultDaemonConnection: socket connection from /127.0.0.1:59196 to /127.0.0.1:59197" [_thread_blocked, id=928, stack(0x000000001c520000,0x000000001c620000)]
  0x000000001a4a0000 JavaThread "Daemon worker" [_thread_in_native, id=14276, stack(0x000000001c420000,0x000000001c520000)]
  0x000000001a45f000 JavaThread "Cancel handler" [_thread_blocked, id=4804, stack(0x000000001c320000,0x000000001c420000)]
  0x000000001a42d000 JavaThread "Handler for socket connection from /127.0.0.1:59196 to /127.0.0.1:59197" [_thread_in_native, id=1948, stack(0x000000001c020000,0x000000001c120000)]
  0x000000001ad76000 JavaThread "Daemon" [_thread_blocked, id=12196, stack(0x000000001bf20000,0x000000001c020000)]
  0x000000001a4ca800 JavaThread "Daemon periodic checks" [_thread_blocked, id=8084, stack(0x000000001be20000,0x000000001bf20000)]
  0x000000001a4cf800 JavaThread "Incoming local TCP Connector on port 59196" [_thread_in_native, id=10712, stack(0x000000001bbe0000,0x000000001bce0000)]
  0x00000000191a2800 JavaThread "Service Thread" daemon [_thread_blocked, id=13788, stack(0x0000000019cd0000,0x0000000019dd0000)]
  0x0000000019122000 JavaThread "C1 CompilerThread3" daemon [_thread_blocked, id=11260, stack(0x0000000019bd0000,0x0000000019cd0000)]
  0x000000001911f000 JavaThread "C2 CompilerThread2" daemon [_thread_in_native, id=580, stack(0x0000000019ad0000,0x0000000019bd0000)]
  0x0000000019110800 JavaThread "C2 CompilerThread1" daemon [_thread_in_native, id=9952, stack(0x00000000199d0000,0x0000000019ad0000)]
=>0x000000001910b800 JavaThread "C2 CompilerThread0" daemon [_thread_in_native, id=2660, stack(0x00000000198d0000,0x00000000199d0000)]
  0x0000000019116800 JavaThread "Attach Listener" daemon [_thread_blocked, id=13044, stack(0x00000000197d0000,0x00000000198d0000)]
  0x0000000019115800 JavaThread "Signal Dispatcher" daemon [_thread_blocked, id=8948, stack(0x00000000196d0000,0x00000000197d0000)]
  0x0000000003119800 JavaThread "Finalizer" daemon [_thread_blocked, id=13544, stack(0x00000000194e0000,0x00000000195e0000)]
  0x000000001720b000 JavaThread "Reference Handler" daemon [_thread_blocked, id=14512, stack(0x0000000018fe0000,0x00000000190e0000)]
  0x0000000003022800 JavaThread "main" [_thread_blocked, id=6704, stack(0x00000000032c0000,0x00000000033c0000)]

Other Threads:
  0x0000000017205000 VMThread [stack: 0x0000000018ee0000,0x0000000018fe0000] [id=9068]
  0x00000000191a3800 WatcherThread [stack: 0x0000000019dd0000,0x0000000019ed0000] [id=1704]

VM state:not at safepoint (normal execution)

VM Mutex/Monitor currently owned by a thread: None

Heap:
 PSYoungGen      total 38400K, used 35082K [0x00000000e0000000, 0x00000000e4b00000, 0x0000000100000000)
  eden space 33280K, 90% used [0x00000000e0000000,0x00000000e1d4a850,0x00000000e2080000)
  from space 5120K, 99% used [0x00000000e2080000,0x00000000e2578020,0x00000000e2580000)
  to   space 5120K, 0% used [0x00000000e4600000,0x00000000e4600000,0x00000000e4b00000)
 ParOldGen       total 87552K, used 2478K [0x00000000a0000000, 0x00000000a5580000, 0x00000000e0000000)
  object space 87552K, 2% used [0x00000000a0000000,0x00000000a026ba98,0x00000000a5580000)
 Metaspace       used 17281K, capacity 17722K, committed 17792K, reserved 1064960K
  class space    used 2493K, capacity 2653K, committed 2688K, reserved 1048576K

Card table byte_map: [0x0000000012810000,0x0000000012b20000] byte_map_base: 0x0000000012310000

Marking Bits: (ParMarkBitMap*) 0x000000005fdc4970
 Begin Bits: [0x0000000013520000, 0x0000000014d20000)
 End Bits:   [0x0000000014d20000, 0x0000000016520000)

Polling page: 0x00000000033c0000

CodeCache: size=245760Kb used=5214Kb max_used=5214Kb free=240545Kb
 bounds [0x0000000003450000, 0x0000000003970000, 0x0000000012450000]
 total_blobs=1900 nmethods=1523 adapters=290
 compilation: enabled

Compilation events (10 events):
Event: 9.340 Thread 0x0000000019122000 1545       3       sun.reflect.ClassFileAssembler::emitInt (46 bytes)
Event: 9.341 Thread 0x0000000019122000 nmethod 1545 0x0000000003959890 code [0x0000000003959a60, 0x0000000003959f98]
Event: 9.341 Thread 0x0000000019122000 1546       3       sun.security.provider.ByteArrayAccess::b2iBig64 (614 bytes)
Event: 9.343 Thread 0x0000000019122000 nmethod 1546 0x0000000003967010 code [0x0000000003967220, 0x0000000003967fe8]
Event: 9.343 Thread 0x0000000019122000 1547       3       java.net.URL::<init> (308 bytes)
Event: 9.346 Thread 0x0000000019122000 nmethod 1547 0x0000000003968610 code [0x0000000003968aa0, 0x000000000396ba98]
Event: 9.346 Thread 0x0000000019122000 1548       3       java.net.Parts::<init> (87 bytes)
Event: 9.348 Thread 0x0000000019122000 nmethod 1548 0x0000000003560210 code [0x00000000035603e0, 0x0000000003560d78]
Event: 9.348 Thread 0x0000000019122000 1549       3       java.util.jar.JarFile::<init> (15 bytes)
Event: 9.348 Thread 0x0000000019122000 nmethod 1549 0x0000000003958190 code [0x0000000003958320, 0x0000000003958638]

GC Heap History (6 events):
Event: 2.841 GC heap before
{Heap before GC invocations=1 (full 0):
 PSYoungGen      total 38400K, used 33280K [0x00000000e0000000, 0x00000000e2a80000, 0x0000000100000000)
  eden space 33280K, 100% used [0x00000000e0000000,0x00000000e2080000,0x00000000e2080000)
  from space 5120K, 0% used [0x00000000e2580000,0x00000000e2580000,0x00000000e2a80000)
  to   space 5120K, 0% used [0x00000000e2080000,0x00000000e2080000,0x00000000e2580000)
 ParOldGen       total 87552K, used 0K [0x00000000a0000000, 0x00000000a5580000, 0x00000000e0000000)
  object space 87552K, 0% used [0x00000000a0000000,0x00000000a0000000,0x00000000a5580000)
 Metaspace       used 6883K, capacity 7038K, committed 7168K, reserved 1056768K
  class space    used 841K, capacity 907K, committed 1024K, reserved 1048576K
Event: 2.859 GC heap after
Heap after GC invocations=1 (full 0):
 PSYoungGen      total 38400K, used 4222K [0x00000000e0000000, 0x00000000e2a80000, 0x0000000100000000)
  eden space 33280K, 0% used [0x00000000e0000000,0x00000000e0000000,0x00000000e2080000)
  from space 5120K, 82% used [0x00000000e2080000,0x00000000e249f840,0x00000000e2580000)
  to   space 5120K, 0% used [0x00000000e2580000,0x00000000e2580000,0x00000000e2a80000)
 ParOldGen       total 87552K, used 8K [0x00000000a0000000, 0x00000000a5580000, 0x00000000e0000000)
  object space 87552K, 0% used [0x00000000a0000000,0x00000000a0002000,0x00000000a5580000)
 Metaspace       used 6883K, capacity 7038K, committed 7168K, reserved 1056768K
  class space    used 841K, capacity 907K, committed 1024K, reserved 1048576K
}
Event: 7.314 GC heap before
{Heap before GC invocations=2 (full 0):
 PSYoungGen      total 38400K, used 37502K [0x00000000e0000000, 0x00000000e2a80000, 0x0000000100000000)
  eden space 33280K, 100% used [0x00000000e0000000,0x00000000e2080000,0x00000000e2080000)
  from space 5120K, 82% used [0x00000000e2080000,0x00000000e249f840,0x00000000e2580000)
  to   space 5120K, 0% used [0x00000000e2580000,0x00000000e2580000,0x00000000e2a80000)
 ParOldGen       total 87552K, used 8K [0x00000000a0000000, 0x00000000a5580000, 0x00000000e0000000)
  object space 87552K, 0% used [0x00000000a0000000,0x00000000a0002000,0x00000000a5580000)
 Metaspace       used 11373K, capacity 11698K, committed 11904K, reserved 1058816K
  class space    used 1510K, capacity 1627K, committed 1664K, reserved 1048576K
Event: 7.323 GC heap after
Heap after GC invocations=2 (full 0):
 PSYoungGen      total 38400K, used 5119K [0x00000000e0000000, 0x00000000e2a80000, 0x0000000100000000)
  eden space 33280K, 0% used [0x00000000e0000000,0x00000000e0000000,0x00000000e2080000)
  from space 5120K, 99% used [0x00000000e2580000,0x00000000e2a7ff30,0x00000000e2a80000)
  to   space 5120K, 0% used [0x00000000e2080000,0x00000000e2080000,0x00000000e2580000)
 ParOldGen       total 87552K, used 470K [0x00000000a0000000, 0x00000000a5580000, 0x00000000e0000000)
  object space 87552K, 0% used [0x00000000a0000000,0x00000000a0075a18,0x00000000a5580000)
 Metaspace       used 11373K, capacity 11698K, committed 11904K, reserved 1058816K
  class space    used 1510K, capacity 1627K, committed 1664K, reserved 1048576K
}
Event: 8.124 GC heap before
{Heap before GC invocations=3 (full 0):
 PSYoungGen      total 38400K, used 38399K [0x00000000e0000000, 0x00000000e2a80000, 0x0000000100000000)
  eden space 33280K, 100% used [0x00000000e0000000,0x00000000e2080000,0x00000000e2080000)
  from space 5120K, 99% used [0x00000000e2580000,0x00000000e2a7ff30,0x00000000e2a80000)
  to   space 5120K, 0% used [0x00000000e2080000,0x00000000e2080000,0x00000000e2580000)
 ParOldGen       total 87552K, used 470K [0x00000000a0000000, 0x00000000a5580000, 0x00000000e0000000)
  object space 87552K, 0% used [0x00000000a0000000,0x00000000a0075a18,0x00000000a5580000)
 Metaspace       used 14402K, capacity 14726K, committed 14976K, reserved 1062912K
  class space    used 2016K, capacity 2155K, committed 2176K, reserved 1048576K
Event: 8.150 GC heap after
Heap after GC invocations=3 (full 0):
 PSYoungGen      total 38400K, used 5088K [0x00000000e0000000, 0x00000000e4b00000, 0x0000000100000000)
  eden space 33280K, 0% used [0x00000000e0000000,0x00000000e0000000,0x00000000e2080000)
  from space 5120K, 99% used [0x00000000e2080000,0x00000000e2578020,0x00000000e2580000)
  to   space 5120K, 0% used [0x00000000e4600000,0x00000000e4600000,0x00000000e4b00000)
 ParOldGen       total 87552K, used 2478K [0x00000000a0000000, 0x00000000a5580000, 0x00000000e0000000)
  object space 87552K, 2% used [0x00000000a0000000,0x00000000a026ba98,0x00000000a5580000)
 Metaspace       used 14402K, capacity 14726K, committed 14976K, reserved 1062912K
  class space    used 2016K, capacity 2155K, committed 2176K, reserved 1048576K
}

Deoptimization events (10 events):
Event: 7.969 Thread 0x000000001a4a0000 Uncommon trap: reason=class_check action=maybe_recompile pc=0x00000000036bd99c method=java.util.regex.Matcher.match(II)Z @ 86
Event: 8.171 Thread 0x000000001a4a0000 Uncommon trap: reason=unstable_if action=reinterpret pc=0x00000000038a9fb4 method=java.lang.String.lastIndexOf([CII[CIII)I @ 66
Event: 8.933 Thread 0x000000001a4a0000 Uncommon trap: reason=unstable_if action=reinterpret pc=0x00000000035a18c8 method=java.net.URI.match(CJJ)Z @ 19
Event: 8.934 Thread 0x000000001a4a0000 Uncommon trap: reason=unstable_if action=reinterpret pc=0x0000000003701940 method=java.net.URI.match(CJJ)Z @ 19
Event: 8.934 Thread 0x000000001a4a0000 Uncommon trap: reason=unstable_if action=reinterpret pc=0x00000000035a2a08 method=java.net.URI.match(CJJ)Z @ 19
Event: 9.053 Thread 0x000000001a4a0000 Uncommon trap: reason=unstable_if action=reinterpret pc=0x00000000036ef8d8 method=java.io.File.getName()Ljava/lang/String; @ 16
Event: 9.322 Thread 0x000000001a4a0000 Uncommon trap: reason=bimorphic action=maybe_recompile pc=0x00000000038be7c8 method=java.lang.ClassLoader.loadClass(Ljava/lang/String;Z)Ljava/lang/Class; @ 38
Event: 9.328 Thread 0x000000001a4a0000 Uncommon trap: reason=bimorphic action=maybe_recompile pc=0x00000000038be7c8 method=java.lang.ClassLoader.loadClass(Ljava/lang/String;Z)Ljava/lang/Class; @ 38
Event: 9.330 Thread 0x000000001a4a0000 Uncommon trap: reason=bimorphic action=maybe_recompile pc=0x00000000038be7c8 method=java.lang.ClassLoader.loadClass(Ljava/lang/String;Z)Ljava/lang/Class; @ 38
Event: 9.331 Thread 0x000000001a4a0000 Uncommon trap: reason=bimorphic action=maybe_recompile pc=0x00000000038be7c8 method=java.lang.ClassLoader.loadClass(Ljava/lang/String;Z)Ljava/lang/Class; @ 38

Classes redefined (0 events):
No events

Internal exceptions (10 events):
Event: 7.380 Thread 0x000000001a42d000 Exception <a 'java/lang/NoSuchMethodError': <clinit>> (0x00000000e01bfa90) thrown at [D:\src\AOSP-openjdk-cygwin\jdk8u\hotspot\src\share\vm\prims\jni.cpp, line 1613]
Event: 7.381 Thread 0x000000001a42d000 Exception <a 'java/lang/NoSuchMethodError': <clinit>> (0x00000000e01cd678) thrown at [D:\src\AOSP-openjdk-cygwin\jdk8u\hotspot\src\share\vm\prims\jni.cpp, line 1613]
Event: 7.388 Thread 0x000000001a42d000 Exception <a 'java/lang/NoSuchMethodError': <clinit>> (0x00000000e01f2920) thrown at [D:\src\AOSP-openjdk-cygwin\jdk8u\hotspot\src\share\vm\prims\jni.cpp, line 1613]
Event: 7.436 Thread 0x000000001a4a0000 Exception <a 'java/lang/NoSuchMethodError': <clinit>> (0x00000000e0362368) thrown at [D:\src\AOSP-openjdk-cygwin\jdk8u\hotspot\src\share\vm\prims\jni.cpp, line 1613]
Event: 7.438 Thread 0x000000001a4a0000 Exception <a 'java/lang/NoSuchMethodError': <clinit>> (0x00000000e036a5f0) thrown at [D:\src\AOSP-openjdk-cygwin\jdk8u\hotspot\src\share\vm\prims\jni.cpp, line 1613]
Event: 9.108 Thread 0x000000001a4a0000 Exception <a 'java/lang/NoSuchMethodError': <clinit>> (0x00000000e183aea8) thrown at [D:\src\AOSP-openjdk-cygwin\jdk8u\hotspot\src\share\vm\prims\jni.cpp, line 1613]
Event: 9.110 Thread 0x000000001a4a0000 Exception <a 'java/lang/NoSuchMethodError': <clinit>> (0x00000000e183d848) thrown at [D:\src\AOSP-openjdk-cygwin\jdk8u\hotspot\src\share\vm\prims\jni.cpp, line 1613]
Event: 9.114 Thread 0x000000001a4a0000 Exception <a 'java/lang/NoSuchMethodError': <clinit>> (0x00000000e184ae38) thrown at [D:\src\AOSP-openjdk-cygwin\jdk8u\hotspot\src\share\vm\prims\jni.cpp, line 1613]
Event: 9.118 Thread 0x000000001a4a0000 Exception <a 'java/lang/NoSuchMethodError': <clinit>> (0x00000000e1856ba8) thrown at [D:\src\AOSP-openjdk-cygwin\jdk8u\hotspot\src\share\vm\prims\jni.cpp, line 1613]
Event: 9.340 Thread 0x000000001a4a0000 Exception <a 'java/lang/NoSuchMethodError': <clinit>> (0x00000000e1c1ce50) thrown at [D:\src\AOSP-openjdk-cygwin\jdk8u\hotspot\src\share\vm\prims\jni.cpp, line 1613]

Events (10 events):
Event: 9.335 loading class org/gradle/tooling/internal/consumer/connection/BuildInvocationsAdapterController
Event: 9.335 loading class org/gradle/tooling/internal/consumer/connection/BuildInvocationsAdapterController done
Event: 9.336 loading class org/gradle/tooling/BuildAction
Event: 9.336 loading class org/gradle/tooling/BuildAction done
Event: 9.337 loading class org/gradle/tooling/internal/consumer/versioning/VersionDetails
Event: 9.337 loading class org/gradle/tooling/internal/consumer/versioning/VersionDetails done
Event: 9.339 loading class org/gradle/tooling/internal/protocol/InternalBuildController
Event: 9.339 loading class org/gradle/tooling/internal/protocol/InternalBuildController done
Event: 9.340 loading class com/android/tools/idea/gradle/run/OutputBuildAction
Event: 9.340 loading class com/android/tools/idea/gradle/run/OutputBuildAction done


Dynamic libraries:
0x00007ff760530000 - 0x00007ff760561000 	C:\Program Files\Android\Android Studio\jre\bin\java.exe
0x00007fff95540000 - 0x00007fff95721000 	C:\WINDOWS\SYSTEM32\ntdll.dll
0x00007fff94780000 - 0x00007fff94832000 	C:\WINDOWS\System32\KERNEL32.DLL
0x00007fff91bb0000 - 0x00007fff91e23000 	C:\WINDOWS\System32\KERNELBASE.dll
0x00007fff94fe0000 - 0x00007fff95081000 	C:\WINDOWS\System32\ADVAPI32.dll
0x00007fff94f40000 - 0x00007fff94fde000 	C:\WINDOWS\System32\msvcrt.dll
0x00007fff954b0000 - 0x00007fff9550b000 	C:\WINDOWS\System32\sechost.dll
0x00007fff949c0000 - 0x00007fff94ae4000 	C:\WINDOWS\System32\RPCRT4.dll
0x00007fff94000000 - 0x00007fff94190000 	C:\WINDOWS\System32\USER32.dll
0x00007fff91aa0000 - 0x00007fff91ac0000 	C:\WINDOWS\System32\win32u.dll
0x00007fff94220000 - 0x00007fff94248000 	C:\WINDOWS\System32\GDI32.dll
0x00007fff92830000 - 0x00007fff929c2000 	C:\WINDOWS\System32\gdi32full.dll
0x00007fff91b10000 - 0x00007fff91baf000 	C:\WINDOWS\System32\msvcp_win.dll
0x00007fff92540000 - 0x00007fff9263a000 	C:\WINDOWS\System32\ucrtbase.dll
0x00007fff82810000 - 0x00007fff82a79000 	C:\WINDOWS\WinSxS\amd64_microsoft.windows.common-controls_6595b64144ccf1df_6.0.17134.285_none_fb4297e330656775\COMCTL32.dll
0x00007fff94250000 - 0x00007fff94573000 	C:\WINDOWS\System32\combase.dll
0x00007fff91910000 - 0x00007fff9198a000 	C:\WINDOWS\System32\bcryptPrimitives.dll
0x00007fff941f0000 - 0x00007fff9421d000 	C:\WINDOWS\System32\IMM32.DLL
0x00007fff85f10000 - 0x00007fff85f1a000 	C:\WINDOWS\SYSTEM32\VERSION.dll
0x0000000060a70000 - 0x0000000060aa9000 	C:\PROGRA~2\Sophos\SOPHOS~1\SOPHOS~2.DLL
0x00007fff95420000 - 0x00007fff95428000 	C:\WINDOWS\System32\PSAPI.DLL
0x00000000600d0000 - 0x00000000601a2000 	C:\Program Files\Android\Android Studio\jre\jre\bin\msvcr100.dll
0x000000005f600000 - 0x000000005fe3f000 	C:\Program Files\Android\Android Studio\jre\jre\bin\server\jvm.dll
0x00007fff88ca0000 - 0x00007fff88ca9000 	C:\WINDOWS\SYSTEM32\WSOCK32.dll
0x00007fff8f8f0000 - 0x00007fff8f913000 	C:\WINDOWS\SYSTEM32\WINMM.dll
0x00007fff929d0000 - 0x00007fff92a3c000 	C:\WINDOWS\System32\WS2_32.dll
0x00007fff8f7f0000 - 0x00007fff8f81a000 	C:\WINDOWS\SYSTEM32\winmmbase.dll
0x00007fff91ac0000 - 0x00007fff91b09000 	C:\WINDOWS\System32\cfgmgr32.dll
0x00007fff88e70000 - 0x00007fff88e7f000 	C:\Program Files\Android\Android Studio\jre\jre\bin\verify.dll
0x00007fff791d0000 - 0x00007fff791f9000 	C:\Program Files\Android\Android Studio\jre\jre\bin\java.dll
0x00007fff88e50000 - 0x00007fff88e66000 	C:\Program Files\Android\Android Studio\jre\jre\bin\zip.dll
0x00007fff92a40000 - 0x00007fff93e80000 	C:\WINDOWS\System32\SHELL32.dll
0x00007fff93f50000 - 0x00007fff93ff9000 	C:\WINDOWS\System32\shcore.dll
0x00007fff91e30000 - 0x00007fff9253d000 	C:\WINDOWS\System32\windows.storage.dll
0x00007fff95450000 - 0x00007fff954a1000 	C:\WINDOWS\System32\shlwapi.dll
0x00007fff918f0000 - 0x00007fff91901000 	C:\WINDOWS\System32\kernel.appcore.dll
0x00007fff918b0000 - 0x00007fff918cf000 	C:\WINDOWS\System32\profapi.dll
0x00007fff91860000 - 0x00007fff918ac000 	C:\WINDOWS\System32\powrprof.dll
0x00007fff91850000 - 0x00007fff9185a000 	C:\WINDOWS\System32\FLTLIB.DLL
0x00007fff69030000 - 0x00007fff6904a000 	C:\Program Files\Android\Android Studio\jre\jre\bin\net.dll
0x00007fff910d0000 - 0x00007fff91136000 	C:\WINDOWS\system32\mswsock.dll
0x00007fff69010000 - 0x00007fff69021000 	C:\Program Files\Android\Android Studio\jre\jre\bin\nio.dll
0x00007fff8e5b0000 - 0x00007fff8e5ce000 	C:\Users\Lenovo-PC\.gradle\native\25\windows-amd64\native-platform.dll
0x00007fff88e90000 - 0x00007fff88e9d000 	C:\Program Files\Android\Android Studio\jre\jre\bin\management.dll
0x00007fff91280000 - 0x00007fff91297000 	C:\WINDOWS\SYSTEM32\CRYPTSP.dll
0x00007fff90cb0000 - 0x00007fff90ce3000 	C:\WINDOWS\system32\rsaenh.dll
0x00007fff913b0000 - 0x00007fff913d5000 	C:\WINDOWS\SYSTEM32\bcrypt.dll
0x00007fff91780000 - 0x00007fff917a8000 	C:\WINDOWS\SYSTEM32\USERENV.dll
0x00007fff912a0000 - 0x00007fff912ab000 	C:\WINDOWS\SYSTEM32\CRYPTBASE.dll
0x00007fff90e50000 - 0x00007fff90e88000 	C:\WINDOWS\SYSTEM32\IPHLPAPI.DLL
0x00007fff95090000 - 0x00007fff95098000 	C:\WINDOWS\System32\NSI.dll
0x00007fff8d190000 - 0x00007fff8d1a6000 	C:\WINDOWS\SYSTEM32\dhcpcsvc6.DLL
0x00007fff8d170000 - 0x00007fff8d18a000 	C:\WINDOWS\SYSTEM32\dhcpcsvc.DLL

VM Arguments:
jvm_args: -Xmx1536m -Dfile.encoding=windows-1252 -Duser.country=GB -Duser.language=en -Duser.variant 
java_command: org.gradle.launcher.daemon.bootstrap.GradleDaemon 4.4
java_class_path (initial): C:\Users\Lenovo-PC\.gradle\wrapper\dists\gradle-4.4-all\9br9xq1tocpiv8o6njlyu5op1\gradle-4.4\lib\gradle-launcher-4.4.jar
Launcher Type: SUN_STANDARD

Environment Variables:
JAVA_HOME=C:\Program Files\Java\jdk1.8.0_60
PATH=C:\Program Files (x86)\Common Files\Oracle\Java\javapath;C:\ProgramData\Oracle\Java\javapath;C:\Program Files (x86)\Intel\iCLS Client\;C:\Program Files\Intel\iCLS Client\;C:\WINDOWS\system32;C:\WINDOWS;C:\WINDOWS\System32\Wbem;C:\WINDOWS\System32\WindowsPowerShell\v1.0\;C:\Program Files\Intel\Intel(R) Management Engine Components\DAL;C:\Program Files\Intel\Intel(R) Management Engine Components\IPT;C:\Program Files (x86)\Intel\Intel(R) Management Engine Components\DAL;C:\Program Files (x86)\Intel\Intel(R) Management Engine Components\IPT;C:\Program Files (x86)\Lenovo\Motion Control\;C:\Program Files\Calibre2\;C:\Program Files\MATLAB\MATLAB Production Server\R2015a\runtime\win64;C:\Program Files\MATLAB\MATLAB Production Server\R2015a\bin;C:\Program Files\MATLAB\MATLAB Production Server\R2015a\polyspace\bin;C:\Program Files (x86)\NVIDIA Corporation\PhysX\Common;C:\Program Files\Microsoft SQL Server\130\Tools\Binn\;C:\WINDOWS\system32;C:\WINDOWS;C:\WINDOWS\System32\Wbem;C:\WINDOWS\System32\WindowsPowerShell\v1.0\;C:\Program Files\Microsoft\Web Platform Installer\;C:\Program Files (x86)\Microsoft ASP.NET\ASP.NET Web Pages\v1.0\;C:\Program Files\Microsoft SQL Server\110\Tools\Binn\;C:\Python27;C:\Program Files\PuTTY\;C:\Program Files\nodejs\;C:\WINDOWS\System32\OpenSSH\;C:\Android;C:\Windows\System32;C:\Users\Lenovo-PC\Anaconda2;C:\Users\Lenovo-PC\Anaconda2\Scripts;C:\Users\Lenovo-PC\Anaconda2\Library\bin;C:\Users\Lenovo-PC\AppData\Local\Microsoft\WindowsApps;C:\Users\Lenovo-PC\AppData\Local\GitHub\PortableGit_f02737a78695063deace08e96d5042710d3e32db\cmd;C:\Users\Lenovo-PC\Anaconda2\pkgs\graphviz-2.38.0-4\Library\bin\graphviz;C:\Program Files (x86)\Nmap;C:\Users\Lenovo-PC\AppData\Roaming\npm;
USERNAME=Lenovo-PC
OS=Windows_NT
PROCESSOR_IDENTIFIER=Intel64 Family 6 Model 60 Stepping 3, GenuineIntel



---------------  S Y S T E M  ---------------

OS: Windows 10.0 , 64 bit Build 17134 (10.0.17134.1)

CPU:total 8 (initial active 8) (4 cores per cpu, 2 threads per core) family 6 model 60 stepping 3, cmov, cx8, fxsr, mmx, sse, sse2, sse3, ssse3, sse4.1, sse4.2, popcnt, avx, avx2, aes, clmul, erms, lzcnt, ht, tsc, tscinvbit, bmi1, bmi2

Memory: 4k page, physical 8298776k(546752k free), swap 12394776k(6340k free)

vm_info: OpenJDK 64-Bit Server VM (25.152-b02) for windows-amd64 JRE (1.8.0_152-release-1024-b02), built by "builder" with MS VC++ 10.0 (VS2010)

time: Fri Oct 12 02:53:19 2018
elapsed time: 9 seconds (0d 0h 0m 9s)

