#
# There is insufficient memory for the Java Runtime Environment to continue.
# Native memory allocation (malloc) failed to allocate 1571936 bytes for Chunk::new
# Possible reasons:
#   The system is out of physical RAM or swap space
#   In 32 bit mode, the process size limit was hit
# Possible solutions:
#   Reduce memory load on the system
#   Increase physical memory or swap space
#   Check if swap backing store is full
#   Use 64 bit Java on a 64 bit OS
#   Decrease Java heap size (-Xmx/-Xms)
#   Decrease number of Java threads
#   Decrease Java thread stack sizes (-Xss)
#   Set larger code cache with -XX:ReservedCodeCacheSize=
# This output file may be truncated or incomplete.
#
#  Out of Memory Error (allocation.cpp:390), pid=12420, tid=0x0000000000002f18
#
# JRE version: OpenJDK Runtime Environment (8.0_152-b02) (build 1.8.0_152-release-1024-b02)
# Java VM: OpenJDK 64-Bit Server VM (25.152-b02 mixed mode windows-amd64 compressed oops)
# Failed to write core dump. Minidumps are not enabled by default on client versions of Windows
#

---------------  T H R E A D  ---------------

Current thread (0x00000000188cb800):  JavaThread "C2 CompilerThread0" daemon [_thread_in_native, id=12056, stack(0x0000000019090000,0x0000000019190000)]

Stack: [0x0000000019090000,0x0000000019190000]
[error occurred during error reporting (printing stack bounds), id 0xc0000005]

Native frames: (J=compiled Java code, j=interpreted, Vv=VM code, C=native code)


Current CompileTask:
C2:   9439 1452   !   4       java.net.URLClassLoader$1::run (63 bytes)


---------------  P R O C E S S  ---------------

Java Threads: ( => current thread )
  0x000000001ace8800 JavaThread "Cache worker for file hash cache (C:\Users\Lenovo-PC\Documents\SCU\Mobile App Dev\Assignment2\.gradle\4.4\fileHashes)" [_thread_blocked, id=12664, stack(0x000000001d3b0000,0x000000001d4b0000)]
  0x000000001ab4f800 JavaThread "File lock request listener" [_thread_in_native, id=12868, stack(0x000000001c2e0000,0x000000001c3e0000)]
  0x0000000019a58000 JavaThread "Cache worker for file hash cache (C:\Users\Lenovo-PC\.gradle\caches\4.4\fileHashes)" [_thread_blocked, id=6488, stack(0x000000001c1e0000,0x000000001c2e0000)]
  0x0000000018ad4800 JavaThread "Stdin handler" [_thread_blocked, id=3592, stack(0x000000001bee0000,0x000000001bfe0000)]
  0x0000000018ac5000 JavaThread "Asynchronous log dispatcher for DefaultDaemonConnection: socket connection from /127.0.0.1:58975 to /127.0.0.1:58976" [_thread_blocked, id=4540, stack(0x000000001bce0000,0x000000001bde0000)]
  0x0000000019a09800 JavaThread "Daemon worker" [_thread_in_vm, id=8916, stack(0x000000001bbe0000,0x000000001bce0000)]
  0x0000000019a14000 JavaThread "Cancel handler" [_thread_blocked, id=2892, stack(0x000000001bae0000,0x000000001bbe0000)]
  0x00000000199bf800 JavaThread "Handler for socket connection from /127.0.0.1:58975 to /127.0.0.1:58976" [_thread_in_native, id=2952, stack(0x000000001b7e0000,0x000000001b8e0000)]
  0x00000000199be000 JavaThread "Daemon" [_thread_blocked, id=2376, stack(0x000000001b6e0000,0x000000001b7e0000)]
  0x000000001a6c3000 JavaThread "Daemon periodic checks" [_thread_blocked, id=240, stack(0x000000001b5e0000,0x000000001b6e0000)]
  0x000000001a6be800 JavaThread "Incoming local TCP Connector on port 58975" [_thread_in_native, id=8936, stack(0x000000001b3a0000,0x000000001b4a0000)]
  0x0000000018958000 JavaThread "Service Thread" daemon [_thread_blocked, id=14628, stack(0x0000000019490000,0x0000000019590000)]
  0x00000000188e2000 JavaThread "C1 CompilerThread3" daemon [_thread_blocked, id=2884, stack(0x0000000019390000,0x0000000019490000)]
  0x00000000188d7000 JavaThread "C2 CompilerThread2" daemon [_thread_in_native, id=264, stack(0x0000000019290000,0x0000000019390000)]
  0x00000000188d0000 JavaThread "C2 CompilerThread1" daemon [_thread_in_native, id=8720, stack(0x0000000019190000,0x0000000019290000)]
=>0x00000000188cb800 JavaThread "C2 CompilerThread0" daemon [_thread_in_native, id=12056, stack(0x0000000019090000,0x0000000019190000)]
  0x00000000188d6800 JavaThread "Attach Listener" daemon [_thread_blocked, id=12644, stack(0x0000000018f90000,0x0000000019090000)]
  0x00000000188d5000 JavaThread "Signal Dispatcher" daemon [_thread_blocked, id=15296, stack(0x0000000018e90000,0x0000000018f90000)]
  0x0000000002b29800 JavaThread "Finalizer" daemon [_thread_blocked, id=9700, stack(0x0000000018ca0000,0x0000000018da0000)]
  0x000000001698b000 JavaThread "Reference Handler" daemon [_thread_blocked, id=8640, stack(0x00000000187a0000,0x00000000188a0000)]
  0x0000000002a32800 JavaThread "main" [_thread_blocked, id=14748, stack(0x00000000028d0000,0x00000000029d0000)]

Other Threads:
  0x0000000016985000 VMThread [stack: 0x00000000186a0000,0x00000000187a0000] [id=5788]
  0x0000000018959000 WatcherThread [stack: 0x0000000019590000,0x0000000019690000] [id=9464]

VM state:not at safepoint (normal execution)

VM Mutex/Monitor currently owned by a thread: None

Heap:
 PSYoungGen      total 38400K, used 10864K [0x00000000e0000000, 0x00000000e2a80000, 0x0000000100000000)
  eden space 33280K, 17% used [0x00000000e0000000,0x00000000e059c248,0x00000000e2080000)
  from space 5120K, 100% used [0x00000000e2580000,0x00000000e2a80000,0x00000000e2a80000)
  to   space 5120K, 0% used [0x00000000e2080000,0x00000000e2080000,0x00000000e2580000)
 ParOldGen       total 87552K, used 5788K [0x00000000a0000000, 0x00000000a5580000, 0x00000000e0000000)
  object space 87552K, 6% used [0x00000000a0000000,0x00000000a05a7210,0x00000000a5580000)
 Metaspace       used 18427K, capacity 18816K, committed 18944K, reserved 1064960K
  class space    used 2649K, capacity 2782K, committed 2816K, reserved 1048576K

Card table byte_map: [0x0000000011f90000,0x00000000122a0000] byte_map_base: 0x0000000011a90000

Marking Bits: (ParMarkBitMap*) 0x000000005fdc4970
 Begin Bits: [0x0000000012ca0000, 0x00000000144a0000)
 End Bits:   [0x00000000144a0000, 0x0000000015ca0000)

Polling page: 0x0000000002750000

CodeCache: size=245760Kb used=5367Kb max_used=5383Kb free=240392Kb
 bounds [0x0000000002bd0000, 0x0000000003120000, 0x0000000011bd0000]
 total_blobs=1944 nmethods=1565 adapters=292
 compilation: enabled

Compilation events (10 events):
Event: 9.395 Thread 0x00000000188e2000 1593       3       java.lang.Integer::valueOf (32 bytes)
Event: 9.396 Thread 0x00000000188e2000 nmethod 1593 0x000000000310d950 code [0x000000000310dac0, 0x000000000310de10]
Event: 9.396 Thread 0x00000000188e2000 1592       3       java.lang.Integer::hashCode (2 bytes)
Event: 9.397 Thread 0x00000000188e2000 nmethod 1592 0x0000000003104ed0 code [0x0000000003105020, 0x0000000003105150]
Event: 9.397 Thread 0x00000000188e2000 1595       3       org.codehaus.groovy.reflection.GeneratedMetaMethod$DgmMethodRecord::<init> (5 bytes)
Event: 9.398 Thread 0x00000000188e2000 nmethod 1595 0x000000000310d590 code [0x000000000310d6e0, 0x000000000310d890]
Event: 9.422 Thread 0x00000000188e2000 1596       3       java.util.concurrent.ConcurrentLinkedQueue::poll (85 bytes)
Event: 9.424 Thread 0x00000000188e2000 nmethod 1596 0x000000000310b1d0 code [0x000000000310b3a0, 0x000000000310bd30]
Event: 9.425 Thread 0x00000000188d0000 nmethod 1590 0x0000000003113310 code [0x0000000003113500, 0x0000000003114860]
Event: 9.425 Thread 0x00000000188d0000 1594       4       java.io.DataInputStream::readUTF (501 bytes)

GC Heap History (8 events):
Event: 2.542 GC heap before
{Heap before GC invocations=1 (full 0):
 PSYoungGen      total 38400K, used 33280K [0x00000000e0000000, 0x00000000e2a80000, 0x0000000100000000)
  eden space 33280K, 100% used [0x00000000e0000000,0x00000000e2080000,0x00000000e2080000)
  from space 5120K, 0% used [0x00000000e2580000,0x00000000e2580000,0x00000000e2a80000)
  to   space 5120K, 0% used [0x00000000e2080000,0x00000000e2080000,0x00000000e2580000)
 ParOldGen       total 87552K, used 0K [0x00000000a0000000, 0x00000000a5580000, 0x00000000e0000000)
  object space 87552K, 0% used [0x00000000a0000000,0x00000000a0000000,0x00000000a5580000)
 Metaspace       used 6877K, capacity 7038K, committed 7168K, reserved 1056768K
  class space    used 841K, capacity 907K, committed 1024K, reserved 1048576K
Event: 2.552 GC heap after
Heap after GC invocations=1 (full 0):
 PSYoungGen      total 38400K, used 4267K [0x00000000e0000000, 0x00000000e2a80000, 0x0000000100000000)
  eden space 33280K, 0% used [0x00000000e0000000,0x00000000e0000000,0x00000000e2080000)
  from space 5120K, 83% used [0x00000000e2080000,0x00000000e24aafb8,0x00000000e2580000)
  to   space 5120K, 0% used [0x00000000e2580000,0x00000000e2580000,0x00000000e2a80000)
 ParOldGen       total 87552K, used 8K [0x00000000a0000000, 0x00000000a5580000, 0x00000000e0000000)
  object space 87552K, 0% used [0x00000000a0000000,0x00000000a0002000,0x00000000a5580000)
 Metaspace       used 6877K, capacity 7038K, committed 7168K, reserved 1056768K
  class space    used 841K, capacity 907K, committed 1024K, reserved 1048576K
}
Event: 7.021 GC heap before
{Heap before GC invocations=2 (full 0):
 PSYoungGen      total 38400K, used 37547K [0x00000000e0000000, 0x00000000e2a80000, 0x0000000100000000)
  eden space 33280K, 100% used [0x00000000e0000000,0x00000000e2080000,0x00000000e2080000)
  from space 5120K, 83% used [0x00000000e2080000,0x00000000e24aafb8,0x00000000e2580000)
  to   space 5120K, 0% used [0x00000000e2580000,0x00000000e2580000,0x00000000e2a80000)
 ParOldGen       total 87552K, used 8K [0x00000000a0000000, 0x00000000a5580000, 0x00000000e0000000)
  object space 87552K, 0% used [0x00000000a0000000,0x00000000a0002000,0x00000000a5580000)
 Metaspace       used 11368K, capacity 11698K, committed 11904K, reserved 1058816K
  class space    used 1510K, capacity 1627K, committed 1664K, reserved 1048576K
Event: 7.040 GC heap after
Heap after GC invocations=2 (full 0):
 PSYoungGen      total 38400K, used 5103K [0x00000000e0000000, 0x00000000e2a80000, 0x0000000100000000)
  eden space 33280K, 0% used [0x00000000e0000000,0x00000000e0000000,0x00000000e2080000)
  from space 5120K, 99% used [0x00000000e2580000,0x00000000e2a7bf20,0x00000000e2a80000)
  to   space 5120K, 0% used [0x00000000e2080000,0x00000000e2080000,0x00000000e2580000)
 ParOldGen       total 87552K, used 458K [0x00000000a0000000, 0x00000000a5580000, 0x00000000e0000000)
  object space 87552K, 0% used [0x00000000a0000000,0x00000000a0072ae0,0x00000000a5580000)
 Metaspace       used 11368K, capacity 11698K, committed 11904K, reserved 1058816K
  class space    used 1510K, capacity 1627K, committed 1664K, reserved 1048576K
}
Event: 7.912 GC heap before
{Heap before GC invocations=3 (full 0):
 PSYoungGen      total 38400K, used 38383K [0x00000000e0000000, 0x00000000e2a80000, 0x0000000100000000)
  eden space 33280K, 100% used [0x00000000e0000000,0x00000000e2080000,0x00000000e2080000)
  from space 5120K, 99% used [0x00000000e2580000,0x00000000e2a7bf20,0x00000000e2a80000)
  to   space 5120K, 0% used [0x00000000e2080000,0x00000000e2080000,0x00000000e2580000)
 ParOldGen       total 87552K, used 458K [0x00000000a0000000, 0x00000000a5580000, 0x00000000e0000000)
  object space 87552K, 0% used [0x00000000a0000000,0x00000000a0072ae0,0x00000000a5580000)
 Metaspace       used 14418K, capacity 14790K, committed 14976K, reserved 1062912K
  class space    used 2016K, capacity 2155K, committed 2176K, reserved 1048576K
Event: 7.930 GC heap after
Heap after GC invocations=3 (full 0):
 PSYoungGen      total 38400K, used 5108K [0x00000000e0000000, 0x00000000e2a80000, 0x0000000100000000)
  eden space 33280K, 0% used [0x00000000e0000000,0x00000000e0000000,0x00000000e2080000)
  from space 5120K, 99% used [0x00000000e2080000,0x00000000e257d0d0,0x00000000e2580000)
  to   space 5120K, 0% used [0x00000000e2580000,0x00000000e2580000,0x00000000e2a80000)
 ParOldGen       total 87552K, used 2471K [0x00000000a0000000, 0x00000000a5580000, 0x00000000e0000000)
  object space 87552K, 2% used [0x00000000a0000000,0x00000000a0269fe8,0x00000000a5580000)
 Metaspace       used 14418K, capacity 14790K, committed 14976K, reserved 1062912K
  class space    used 2016K, capacity 2155K, committed 2176K, reserved 1048576K
}
Event: 9.244 GC heap before
{Heap before GC invocations=4 (full 0):
 PSYoungGen      total 38400K, used 38388K [0x00000000e0000000, 0x00000000e2a80000, 0x0000000100000000)
  eden space 33280K, 100% used [0x00000000e0000000,0x00000000e2080000,0x00000000e2080000)
  from space 5120K, 99% used [0x00000000e2080000,0x00000000e257d0d0,0x00000000e2580000)
  to   space 5120K, 0% used [0x00000000e2580000,0x00000000e2580000,0x00000000e2a80000)
 ParOldGen       total 87552K, used 2471K [0x00000000a0000000, 0x00000000a5580000, 0x00000000e0000000)
  object space 87552K, 2% used [0x00000000a0000000,0x00000000a0269fe8,0x00000000a5580000)
 Metaspace       used 17714K, capacity 18080K, committed 18304K, reserved 1064960K
  class space    used 2544K, capacity 2686K, committed 2688K, reserved 1048576K
Event: 9.268 GC heap after
Heap after GC invocations=4 (full 0):
 PSYoungGen      total 38400K, used 5120K [0x00000000e0000000, 0x00000000e2a80000, 0x0000000100000000)
  eden space 33280K, 0% used [0x00000000e0000000,0x00000000e0000000,0x00000000e2080000)
  from space 5120K, 100% used [0x00000000e2580000,0x00000000e2a80000,0x00000000e2a80000)
  to   space 5120K, 0% used [0x00000000e2080000,0x00000000e2080000,0x00000000e2580000)
 ParOldGen       total 87552K, used 5788K [0x00000000a0000000, 0x00000000a5580000, 0x00000000e0000000)
  object space 87552K, 6% used [0x00000000a0000000,0x00000000a05a7210,0x00000000a5580000)
 Metaspace       used 17714K, capacity 18080K, committed 18304K, reserved 1064960K
  class space    used 2544K, capacity 2686K, committed 2688K, reserved 1048576K
}

Deoptimization events (10 events):
Event: 7.789 Thread 0x0000000019a09800 Uncommon trap: reason=class_check action=maybe_recompile pc=0x0000000002e3d01c method=java.util.regex.Matcher.match(II)Z @ 86
Event: 7.944 Thread 0x0000000019a09800 Uncommon trap: reason=unstable_if action=reinterpret pc=0x000000000303a6b4 method=java.lang.String.lastIndexOf([CII[CIII)I @ 66
Event: 8.044 Thread 0x0000000019a09800 Uncommon trap: reason=unstable_if action=reinterpret pc=0x0000000002d22188 method=java.net.URI.match(CJJ)Z @ 19
Event: 8.044 Thread 0x0000000019a09800 Uncommon trap: reason=unstable_if action=reinterpret pc=0x0000000002e7a2c0 method=java.net.URI.match(CJJ)Z @ 19
Event: 8.044 Thread 0x0000000019a09800 Uncommon trap: reason=unstable_if action=reinterpret pc=0x0000000002d26c48 method=java.net.URI.match(CJJ)Z @ 19
Event: 8.736 Thread 0x0000000019a09800 Uncommon trap: reason=unstable_if action=reinterpret pc=0x0000000002e63c98 method=java.io.File.getName()Ljava/lang/String; @ 16
Event: 8.984 Thread 0x0000000019a09800 Uncommon trap: reason=bimorphic action=maybe_recompile pc=0x000000000304b9c8 method=java.lang.ClassLoader.loadClass(Ljava/lang/String;Z)Ljava/lang/Class; @ 38
Event: 8.991 Thread 0x0000000019a09800 Uncommon trap: reason=bimorphic action=maybe_recompile pc=0x000000000304b9c8 method=java.lang.ClassLoader.loadClass(Ljava/lang/String;Z)Ljava/lang/Class; @ 38
Event: 8.993 Thread 0x0000000019a09800 Uncommon trap: reason=bimorphic action=maybe_recompile pc=0x000000000304b9c8 method=java.lang.ClassLoader.loadClass(Ljava/lang/String;Z)Ljava/lang/Class; @ 38
Event: 8.995 Thread 0x0000000019a09800 Uncommon trap: reason=bimorphic action=maybe_recompile pc=0x000000000304b9c8 method=java.lang.ClassLoader.loadClass(Ljava/lang/String;Z)Ljava/lang/Class; @ 38

Classes redefined (0 events):
No events

Internal exceptions (10 events):
Event: 8.787 Thread 0x0000000019a09800 Exception <a 'java/lang/NoSuchMethodError': <clinit>> (0x00000000e1837430) thrown at [D:\src\AOSP-openjdk-cygwin\jdk8u\hotspot\src\share\vm\prims\jni.cpp, line 1613]
Event: 8.788 Thread 0x0000000019a09800 Exception <a 'java/lang/NoSuchMethodError': <clinit>> (0x00000000e1839dd0) thrown at [D:\src\AOSP-openjdk-cygwin\jdk8u\hotspot\src\share\vm\prims\jni.cpp, line 1613]
Event: 8.793 Thread 0x0000000019a09800 Exception <a 'java/lang/NoSuchMethodError': <clinit>> (0x00000000e18473c0) thrown at [D:\src\AOSP-openjdk-cygwin\jdk8u\hotspot\src\share\vm\prims\jni.cpp, line 1613]
Event: 8.796 Thread 0x0000000019a09800 Exception <a 'java/lang/NoSuchMethodError': <clinit>> (0x00000000e1852b40) thrown at [D:\src\AOSP-openjdk-cygwin\jdk8u\hotspot\src\share\vm\prims\jni.cpp, line 1613]
Event: 9.002 Thread 0x0000000019a09800 Exception <a 'java/lang/NoSuchMethodError': <clinit>> (0x00000000e1c19168) thrown at [D:\src\AOSP-openjdk-cygwin\jdk8u\hotspot\src\share\vm\prims\jni.cpp, line 1613]
Event: 9.042 Thread 0x0000000019a09800 Exception <a 'java/lang/NoSuchMethodError': <clinit>> (0x00000000e1c64868) thrown at [D:\src\AOSP-openjdk-cygwin\jdk8u\hotspot\src\share\vm\prims\jni.cpp, line 1613]
Event: 9.044 Thread 0x0000000019a09800 Exception <a 'java/lang/NoSuchMethodError': <clinit>> (0x00000000e1c723d8) thrown at [D:\src\AOSP-openjdk-cygwin\jdk8u\hotspot\src\share\vm\prims\jni.cpp, line 1613]
Event: 9.072 Thread 0x0000000019a09800 Exception <a 'java/lang/NoSuchMethodError': <clinit>> (0x00000000e1cf14b0) thrown at [D:\src\AOSP-openjdk-cygwin\jdk8u\hotspot\src\share\vm\prims\jni.cpp, line 1613]
Event: 9.072 Thread 0x0000000019a09800 Exception <a 'java/lang/NoSuchMethodError': <clinit>> (0x00000000e1cf5170) thrown at [D:\src\AOSP-openjdk-cygwin\jdk8u\hotspot\src\share\vm\prims\jni.cpp, line 1613]
Event: 9.073 Thread 0x0000000019a09800 Exception <a 'java/lang/NoSuchMethodError': <clinit>> (0x00000000e1cf6c78) thrown at [D:\src\AOSP-openjdk-cygwin\jdk8u\hotspot\src\share\vm\prims\jni.cpp, line 1613]

Events (10 events):
Event: 9.428 loading class org/codehaus/groovy/reflection/GroovyClassValuePreJava7$GroovyClassValuePreJava7Map
Event: 9.428 loading class org/codehaus/groovy/reflection/GroovyClassValuePreJava7$GroovyClassValuePreJava7Map done
Event: 9.429 loading class org/codehaus/groovy/util/ManagedConcurrentMap
Event: 9.429 loading class org/codehaus/groovy/util/ManagedConcurrentMap done
Event: 9.429 loading class org/codehaus/groovy/util/AbstractConcurrentMap
Event: 9.429 loading class org/codehaus/groovy/util/AbstractConcurrentMap done
Event: 9.430 loading class org/codehaus/groovy/util/AbstractConcurrentMapBase
Event: 9.430 loading class org/codehaus/groovy/util/AbstractConcurrentMapBase done
Event: 9.431 loading class org/codehaus/groovy/util/AbstractConcurrentMapBase$Segment
Event: 9.431 loading class org/codehaus/groovy/util/AbstractConcurrentMapBase$Segment done


Dynamic libraries:
0x00007ff760530000 - 0x00007ff760561000 	C:\Program Files\Android\Android Studio\jre\bin\java.exe
0x00007fff95540000 - 0x00007fff95721000 	C:\WINDOWS\SYSTEM32\ntdll.dll
0x00007fff94780000 - 0x00007fff94832000 	C:\WINDOWS\System32\KERNEL32.DLL
0x00007fff91bb0000 - 0x00007fff91e23000 	C:\WINDOWS\System32\KERNELBASE.dll
0x00007fff94fe0000 - 0x00007fff95081000 	C:\WINDOWS\System32\ADVAPI32.dll
0x00007fff94f40000 - 0x00007fff94fde000 	C:\WINDOWS\System32\msvcrt.dll
0x00007fff954b0000 - 0x00007fff9550b000 	C:\WINDOWS\System32\sechost.dll
0x00007fff949c0000 - 0x00007fff94ae4000 	C:\WINDOWS\System32\RPCRT4.dll
0x00007fff94000000 - 0x00007fff94190000 	C:\WINDOWS\System32\USER32.dll
0x00007fff91aa0000 - 0x00007fff91ac0000 	C:\WINDOWS\System32\win32u.dll
0x00007fff94220000 - 0x00007fff94248000 	C:\WINDOWS\System32\GDI32.dll
0x00007fff92830000 - 0x00007fff929c2000 	C:\WINDOWS\System32\gdi32full.dll
0x00007fff91b10000 - 0x00007fff91baf000 	C:\WINDOWS\System32\msvcp_win.dll
0x00007fff92540000 - 0x00007fff9263a000 	C:\WINDOWS\System32\ucrtbase.dll
0x00007fff82810000 - 0x00007fff82a79000 	C:\WINDOWS\WinSxS\amd64_microsoft.windows.common-controls_6595b64144ccf1df_6.0.17134.285_none_fb4297e330656775\COMCTL32.dll
0x00007fff94250000 - 0x00007fff94573000 	C:\WINDOWS\System32\combase.dll
0x00007fff91910000 - 0x00007fff9198a000 	C:\WINDOWS\System32\bcryptPrimitives.dll
0x00007fff941f0000 - 0x00007fff9421d000 	C:\WINDOWS\System32\IMM32.DLL
0x00007fff85f10000 - 0x00007fff85f1a000 	C:\WINDOWS\SYSTEM32\VERSION.dll
0x0000000060a70000 - 0x0000000060aa9000 	C:\PROGRA~2\Sophos\SOPHOS~1\SOPHOS~2.DLL
0x00007fff95420000 - 0x00007fff95428000 	C:\WINDOWS\System32\PSAPI.DLL
0x00000000600d0000 - 0x00000000601a2000 	C:\Program Files\Android\Android Studio\jre\jre\bin\msvcr100.dll
0x000000005f600000 - 0x000000005fe3f000 	C:\Program Files\Android\Android Studio\jre\jre\bin\server\jvm.dll
0x00007fff8f8f0000 - 0x00007fff8f913000 	C:\WINDOWS\SYSTEM32\WINMM.dll
0x00007fff88ca0000 - 0x00007fff88ca9000 	C:\WINDOWS\SYSTEM32\WSOCK32.dll
0x00007fff929d0000 - 0x00007fff92a3c000 	C:\WINDOWS\System32\WS2_32.dll
0x00007fff8f7f0000 - 0x00007fff8f81a000 	C:\WINDOWS\SYSTEM32\winmmbase.dll
0x00007fff91ac0000 - 0x00007fff91b09000 	C:\WINDOWS\System32\cfgmgr32.dll
0x00007fff88e70000 - 0x00007fff88e7f000 	C:\Program Files\Android\Android Studio\jre\jre\bin\verify.dll
0x00007fff791d0000 - 0x00007fff791f9000 	C:\Program Files\Android\Android Studio\jre\jre\bin\java.dll
0x00007fff88e50000 - 0x00007fff88e66000 	C:\Program Files\Android\Android Studio\jre\jre\bin\zip.dll
0x00007fff92a40000 - 0x00007fff93e80000 	C:\WINDOWS\System32\SHELL32.dll
0x00007fff93f50000 - 0x00007fff93ff9000 	C:\WINDOWS\System32\shcore.dll
0x00007fff91e30000 - 0x00007fff9253d000 	C:\WINDOWS\System32\windows.storage.dll
0x00007fff95450000 - 0x00007fff954a1000 	C:\WINDOWS\System32\shlwapi.dll
0x00007fff918f0000 - 0x00007fff91901000 	C:\WINDOWS\System32\kernel.appcore.dll
0x00007fff918b0000 - 0x00007fff918cf000 	C:\WINDOWS\System32\profapi.dll
0x00007fff91860000 - 0x00007fff918ac000 	C:\WINDOWS\System32\powrprof.dll
0x00007fff91850000 - 0x00007fff9185a000 	C:\WINDOWS\System32\FLTLIB.DLL
0x00007fff69030000 - 0x00007fff6904a000 	C:\Program Files\Android\Android Studio\jre\jre\bin\net.dll
0x00007fff910d0000 - 0x00007fff91136000 	C:\WINDOWS\system32\mswsock.dll
0x00007fff69010000 - 0x00007fff69021000 	C:\Program Files\Android\Android Studio\jre\jre\bin\nio.dll
0x00007fff8e5b0000 - 0x00007fff8e5ce000 	C:\Users\Lenovo-PC\.gradle\native\25\windows-amd64\native-platform.dll
0x00007fff88e90000 - 0x00007fff88e9d000 	C:\Program Files\Android\Android Studio\jre\jre\bin\management.dll
0x00007fff91280000 - 0x00007fff91297000 	C:\WINDOWS\SYSTEM32\CRYPTSP.dll
0x00007fff90cb0000 - 0x00007fff90ce3000 	C:\WINDOWS\system32\rsaenh.dll
0x00007fff913b0000 - 0x00007fff913d5000 	C:\WINDOWS\SYSTEM32\bcrypt.dll
0x00007fff91780000 - 0x00007fff917a8000 	C:\WINDOWS\SYSTEM32\USERENV.dll
0x00007fff912a0000 - 0x00007fff912ab000 	C:\WINDOWS\SYSTEM32\CRYPTBASE.dll
0x00007fff90e50000 - 0x00007fff90e88000 	C:\WINDOWS\SYSTEM32\IPHLPAPI.DLL
0x00007fff95090000 - 0x00007fff95098000 	C:\WINDOWS\System32\NSI.dll
0x00007fff8d190000 - 0x00007fff8d1a6000 	C:\WINDOWS\SYSTEM32\dhcpcsvc6.DLL
0x00007fff8d170000 - 0x00007fff8d18a000 	C:\WINDOWS\SYSTEM32\dhcpcsvc.DLL

VM Arguments:
jvm_args: -Xmx1536m -Dfile.encoding=windows-1252 -Duser.country=GB -Duser.language=en -Duser.variant 
java_command: org.gradle.launcher.daemon.bootstrap.GradleDaemon 4.4
java_class_path (initial): C:\Users\Lenovo-PC\.gradle\wrapper\dists\gradle-4.4-all\9br9xq1tocpiv8o6njlyu5op1\gradle-4.4\lib\gradle-launcher-4.4.jar
Launcher Type: SUN_STANDARD

Environment Variables:
JAVA_HOME=C:\Program Files\Java\jdk1.8.0_60
PATH=C:\Program Files (x86)\Common Files\Oracle\Java\javapath;C:\ProgramData\Oracle\Java\javapath;C:\Program Files (x86)\Intel\iCLS Client\;C:\Program Files\Intel\iCLS Client\;C:\WINDOWS\system32;C:\WINDOWS;C:\WINDOWS\System32\Wbem;C:\WINDOWS\System32\WindowsPowerShell\v1.0\;C:\Program Files\Intel\Intel(R) Management Engine Components\DAL;C:\Program Files\Intel\Intel(R) Management Engine Components\IPT;C:\Program Files (x86)\Intel\Intel(R) Management Engine Components\DAL;C:\Program Files (x86)\Intel\Intel(R) Management Engine Components\IPT;C:\Program Files (x86)\Lenovo\Motion Control\;C:\Program Files\Calibre2\;C:\Program Files\MATLAB\MATLAB Production Server\R2015a\runtime\win64;C:\Program Files\MATLAB\MATLAB Production Server\R2015a\bin;C:\Program Files\MATLAB\MATLAB Production Server\R2015a\polyspace\bin;C:\Program Files (x86)\NVIDIA Corporation\PhysX\Common;C:\Program Files\Microsoft SQL Server\130\Tools\Binn\;C:\WINDOWS\system32;C:\WINDOWS;C:\WINDOWS\System32\Wbem;C:\WINDOWS\System32\WindowsPowerShell\v1.0\;C:\Program Files\Microsoft\Web Platform Installer\;C:\Program Files (x86)\Microsoft ASP.NET\ASP.NET Web Pages\v1.0\;C:\Program Files\Microsoft SQL Server\110\Tools\Binn\;C:\Python27;C:\Program Files\PuTTY\;C:\Program Files\nodejs\;C:\WINDOWS\System32\OpenSSH\;C:\Android;C:\Windows\System32;C:\Users\Lenovo-PC\Anaconda2;C:\Users\Lenovo-PC\Anaconda2\Scripts;C:\Users\Lenovo-PC\Anaconda2\Library\bin;C:\Users\Lenovo-PC\AppData\Local\Microsoft\WindowsApps;C:\Users\Lenovo-PC\AppData\Local\GitHub\PortableGit_f02737a78695063deace08e96d5042710d3e32db\cmd;C:\Users\Lenovo-PC\Anaconda2\pkgs\graphviz-2.38.0-4\Library\bin\graphviz;C:\Program Files (x86)\Nmap;C:\Users\Lenovo-PC\AppData\Roaming\npm;
USERNAME=Lenovo-PC
OS=Windows_NT
PROCESSOR_IDENTIFIER=Intel64 Family 6 Model 60 Stepping 3, GenuineIntel



---------------  S Y S T E M  ---------------

OS: Windows 10.0 , 64 bit Build 17134 (10.0.17134.1)

CPU:total 8 (initial active 8) (4 cores per cpu, 2 threads per core) family 6 model 60 stepping 3, cmov, cx8, fxsr, mmx, sse, sse2, sse3, ssse3, sse4.1, sse4.2, popcnt, avx, avx2, aes, clmul, erms, lzcnt, ht, tsc, tscinvbit, bmi1, bmi2

Memory: 4k page, physical 8298776k(672388k free), swap 12394776k(6488k free)

vm_info: OpenJDK 64-Bit Server VM (25.152-b02) for windows-amd64 JRE (1.8.0_152-release-1024-b02), built by "builder" with MS VC++ 10.0 (VS2010)

time: Fri Oct 12 02:44:54 2018
elapsed time: 9 seconds (0d 0h 0m 9s)

