#
# There is insufficient memory for the Java Runtime Environment to continue.
# Native memory allocation (malloc) failed to allocate 915296 bytes for Chunk::new
# Possible reasons:
#   The system is out of physical RAM or swap space
#   In 32 bit mode, the process size limit was hit
# Possible solutions:
#   Reduce memory load on the system
#   Increase physical memory or swap space
#   Check if swap backing store is full
#   Use 64 bit Java on a 64 bit OS
#   Decrease Java heap size (-Xmx/-Xms)
#   Decrease number of Java threads
#   Decrease Java thread stack sizes (-Xss)
#   Set larger code cache with -XX:ReservedCodeCacheSize=
# This output file may be truncated or incomplete.
#
#  Out of Memory Error (allocation.cpp:390), pid=12076, tid=0x0000000000001248
#
# JRE version: OpenJDK Runtime Environment (8.0_152-b02) (build 1.8.0_152-release-1024-b02)
# Java VM: OpenJDK 64-Bit Server VM (25.152-b02 mixed mode windows-amd64 compressed oops)
# Failed to write core dump. Minidumps are not enabled by default on client versions of Windows
#

---------------  T H R E A D  ---------------

Current thread (0x0000000018758000):  JavaThread "C2 CompilerThread1" daemon [_thread_in_native, id=4680, stack(0x0000000019020000,0x0000000019120000)]

Stack: [0x0000000019020000,0x0000000019120000]
[error occurred during error reporting (printing stack bounds), id 0xc0000005]

Native frames: (J=compiled Java code, j=interpreted, Vv=VM code, C=native code)


Current CompileTask:
C2:   8418 1441   !   4       java.net.URLClassLoader$1::run (63 bytes)


---------------  P R O C E S S  ---------------

Java Threads: ( => current thread )
  0x000000001a585000 JavaThread "Cache worker for file hash cache (C:\Users\Lenovo-PC\Documents\SCU\Mobile App Dev\Assignment2\.gradle\4.4\fileHashes)" [_thread_blocked, id=15156, stack(0x000000001d240000,0x000000001d340000)]
  0x000000001a9e9000 JavaThread "File lock request listener" [_thread_in_native, id=5792, stack(0x000000001c170000,0x000000001c270000)]
  0x000000001a52e000 JavaThread "Cache worker for file hash cache (C:\Users\Lenovo-PC\.gradle\caches\4.4\fileHashes)" [_thread_blocked, id=15132, stack(0x000000001c070000,0x000000001c170000)]
  0x000000001996e800 JavaThread "Stdin handler" [_thread_blocked, id=14660, stack(0x000000001bd70000,0x000000001be70000)]
  0x0000000019969800 JavaThread "Asynchronous log dispatcher for DefaultDaemonConnection: socket connection from /127.0.0.1:58985 to /127.0.0.1:58986" [_thread_blocked, id=14548, stack(0x000000001bb70000,0x000000001bc70000)]
  0x0000000019966000 JavaThread "Daemon worker" [_thread_in_vm, id=15096, stack(0x000000001ba70000,0x000000001bb70000)]
  0x0000000019965000 JavaThread "Cancel handler" [_thread_blocked, id=7928, stack(0x000000001b970000,0x000000001ba70000)]
  0x0000000019e66000 JavaThread "Handler for socket connection from /127.0.0.1:58985 to /127.0.0.1:58986" [_thread_in_native, id=15188, stack(0x000000001b670000,0x000000001b770000)]
  0x0000000019e65000 JavaThread "Daemon" [_thread_blocked, id=7708, stack(0x000000001b570000,0x000000001b670000)]
  0x0000000018a0f000 JavaThread "Daemon periodic checks" [_thread_blocked, id=1392, stack(0x000000001b470000,0x000000001b570000)]
  0x0000000018a01000 JavaThread "Incoming local TCP Connector on port 58985" [_thread_in_native, id=13188, stack(0x000000001b230000,0x000000001b330000)]
  0x00000000187f7000 JavaThread "Service Thread" daemon [_thread_blocked, id=1300, stack(0x0000000019320000,0x0000000019420000)]
  0x0000000018768000 JavaThread "C1 CompilerThread3" daemon [_thread_blocked, id=10028, stack(0x0000000019220000,0x0000000019320000)]
  0x000000001875a800 JavaThread "C2 CompilerThread2" daemon [_thread_in_native, id=3004, stack(0x0000000019120000,0x0000000019220000)]
=>0x0000000018758000 JavaThread "C2 CompilerThread1" daemon [_thread_in_native, id=4680, stack(0x0000000019020000,0x0000000019120000)]
  0x0000000018755000 JavaThread "C2 CompilerThread0" daemon [_thread_blocked, id=14536, stack(0x0000000018f20000,0x0000000019020000)]
  0x0000000018764800 JavaThread "Attach Listener" daemon [_thread_blocked, id=14456, stack(0x0000000018e20000,0x0000000018f20000)]
  0x0000000018761800 JavaThread "Signal Dispatcher" daemon [_thread_blocked, id=8784, stack(0x0000000018d20000,0x0000000018e20000)]
  0x0000000018750800 JavaThread "Finalizer" daemon [_thread_blocked, id=5852, stack(0x0000000018b30000,0x0000000018c30000)]
  0x000000001684b800 JavaThread "Reference Handler" daemon [_thread_blocked, id=12504, stack(0x0000000018630000,0x0000000018730000)]
  0x0000000002542800 JavaThread "main" [_thread_blocked, id=3336, stack(0x0000000002830000,0x0000000002930000)]

Other Threads:
  0x0000000016845800 VMThread [stack: 0x0000000018530000,0x0000000018630000] [id=8644]
  0x00000000187b6000 WatcherThread [stack: 0x0000000019420000,0x0000000019520000] [id=12164]

VM state:not at safepoint (normal execution)

VM Mutex/Monitor currently owned by a thread: None

Heap:
 PSYoungGen      total 38400K, used 22771K [0x00000000e0000000, 0x00000000e4b00000, 0x0000000100000000)
  eden space 33280K, 53% used [0x00000000e0000000,0x00000000e1144c68,0x00000000e2080000)
  from space 5120K, 99% used [0x00000000e2080000,0x00000000e25781e8,0x00000000e2580000)
  to   space 5120K, 0% used [0x00000000e4600000,0x00000000e4600000,0x00000000e4b00000)
 ParOldGen       total 87552K, used 2491K [0x00000000a0000000, 0x00000000a5580000, 0x00000000e0000000)
  object space 87552K, 2% used [0x00000000a0000000,0x00000000a026eea0,0x00000000a5580000)
 Metaspace       used 15995K, capacity 16358K, committed 16640K, reserved 1062912K
  class space    used 2285K, capacity 2443K, committed 2560K, reserved 1048576K

Card table byte_map: [0x0000000011f50000,0x0000000012260000] byte_map_base: 0x0000000011a50000

Marking Bits: (ParMarkBitMap*) 0x000000005fdc4970
 Begin Bits: [0x0000000012b60000, 0x0000000014360000)
 End Bits:   [0x0000000014360000, 0x0000000015b60000)

Polling page: 0x0000000000d60000

CodeCache: size=245760Kb used=4899Kb max_used=4899Kb free=240860Kb
 bounds [0x0000000002b90000, 0x0000000003060000, 0x0000000011b90000]
 total_blobs=1823 nmethods=1450 adapters=286
 compilation: enabled

Compilation events (10 events):
Event: 8.303 Thread 0x0000000018768000 1448       3       java.util.concurrent.locks.ReentrantLock$NonfairSync::<init> (5 bytes)
Event: 8.304 Thread 0x0000000018768000 nmethod 1448 0x0000000003059c10 code [0x0000000003059d80, 0x000000000305a050]
Event: 8.304 Thread 0x0000000018768000 1449       3       java.util.ArrayList::isEmpty (13 bytes)
Event: 8.304 Thread 0x0000000018768000 nmethod 1449 0x000000000305a190 code [0x000000000305a2e0, 0x000000000305a490]
Event: 8.319 Thread 0x0000000018768000 1450       3       org.gradle.internal.service.DefaultServiceRegistry$ParentServices::wrap (10 bytes)
Event: 8.319 Thread 0x0000000018768000 nmethod 1450 0x000000000305a510 code [0x000000000305a680, 0x000000000305a910]
Event: 8.319 Thread 0x0000000018768000 1451       3       org.gradle.internal.service.DefaultServiceRegistry$ParentServices$1::<init> (15 bytes)
Event: 8.320 Thread 0x0000000018768000 nmethod 1451 0x000000000305aa10 code [0x000000000305ab60, 0x000000000305ad30]
Event: 8.320 Thread 0x0000000018768000 1452       3       java.util.IdentityHashMap::maskNull (12 bytes)
Event: 8.320 Thread 0x0000000018768000 nmethod 1452 0x000000000305add0 code [0x000000000305af20, 0x000000000305b0b0]

GC Heap History (6 events):
Event: 2.356 GC heap before
{Heap before GC invocations=1 (full 0):
 PSYoungGen      total 38400K, used 33280K [0x00000000e0000000, 0x00000000e2a80000, 0x0000000100000000)
  eden space 33280K, 100% used [0x00000000e0000000,0x00000000e2080000,0x00000000e2080000)
  from space 5120K, 0% used [0x00000000e2580000,0x00000000e2580000,0x00000000e2a80000)
  to   space 5120K, 0% used [0x00000000e2080000,0x00000000e2080000,0x00000000e2580000)
 ParOldGen       total 87552K, used 0K [0x00000000a0000000, 0x00000000a5580000, 0x00000000e0000000)
  object space 87552K, 0% used [0x00000000a0000000,0x00000000a0000000,0x00000000a5580000)
 Metaspace       used 6884K, capacity 7038K, committed 7168K, reserved 1056768K
  class space    used 841K, capacity 907K, committed 1024K, reserved 1048576K
Event: 2.369 GC heap after
Heap after GC invocations=1 (full 0):
 PSYoungGen      total 38400K, used 4284K [0x00000000e0000000, 0x00000000e2a80000, 0x0000000100000000)
  eden space 33280K, 0% used [0x00000000e0000000,0x00000000e0000000,0x00000000e2080000)
  from space 5120K, 83% used [0x00000000e2080000,0x00000000e24af0b8,0x00000000e2580000)
  to   space 5120K, 0% used [0x00000000e2580000,0x00000000e2580000,0x00000000e2a80000)
 ParOldGen       total 87552K, used 8K [0x00000000a0000000, 0x00000000a5580000, 0x00000000e0000000)
  object space 87552K, 0% used [0x00000000a0000000,0x00000000a0002000,0x00000000a5580000)
 Metaspace       used 6884K, capacity 7038K, committed 7168K, reserved 1056768K
  class space    used 841K, capacity 907K, committed 1024K, reserved 1048576K
}
Event: 7.269 GC heap before
{Heap before GC invocations=2 (full 0):
 PSYoungGen      total 38400K, used 37564K [0x00000000e0000000, 0x00000000e2a80000, 0x0000000100000000)
  eden space 33280K, 100% used [0x00000000e0000000,0x00000000e2080000,0x00000000e2080000)
  from space 5120K, 83% used [0x00000000e2080000,0x00000000e24af0b8,0x00000000e2580000)
  to   space 5120K, 0% used [0x00000000e2580000,0x00000000e2580000,0x00000000e2a80000)
 ParOldGen       total 87552K, used 8K [0x00000000a0000000, 0x00000000a5580000, 0x00000000e0000000)
  object space 87552K, 0% used [0x00000000a0000000,0x00000000a0002000,0x00000000a5580000)
 Metaspace       used 11288K, capacity 11598K, committed 11904K, reserved 1058816K
  class space    used 1499K, capacity 1593K, committed 1664K, reserved 1048576K
Event: 7.276 GC heap after
Heap after GC invocations=2 (full 0):
 PSYoungGen      total 38400K, used 5103K [0x00000000e0000000, 0x00000000e2a80000, 0x0000000100000000)
  eden space 33280K, 0% used [0x00000000e0000000,0x00000000e0000000,0x00000000e2080000)
  from space 5120K, 99% used [0x00000000e2580000,0x00000000e2a7bf40,0x00000000e2a80000)
  to   space 5120K, 0% used [0x00000000e2080000,0x00000000e2080000,0x00000000e2580000)
 ParOldGen       total 87552K, used 454K [0x00000000a0000000, 0x00000000a5580000, 0x00000000e0000000)
  object space 87552K, 0% used [0x00000000a0000000,0x00000000a0071a00,0x00000000a5580000)
 Metaspace       used 11288K, capacity 11598K, committed 11904K, reserved 1058816K
  class space    used 1499K, capacity 1593K, committed 1664K, reserved 1048576K
}
Event: 7.866 GC heap before
{Heap before GC invocations=3 (full 0):
 PSYoungGen      total 38400K, used 38383K [0x00000000e0000000, 0x00000000e2a80000, 0x0000000100000000)
  eden space 33280K, 100% used [0x00000000e0000000,0x00000000e2080000,0x00000000e2080000)
  from space 5120K, 99% used [0x00000000e2580000,0x00000000e2a7bf40,0x00000000e2a80000)
  to   space 5120K, 0% used [0x00000000e2080000,0x00000000e2080000,0x00000000e2580000)
 ParOldGen       total 87552K, used 454K [0x00000000a0000000, 0x00000000a5580000, 0x00000000e0000000)
  object space 87552K, 0% used [0x00000000a0000000,0x00000000a0071a00,0x00000000a5580000)
 Metaspace       used 14412K, capacity 14726K, committed 14976K, reserved 1062912K
  class space    used 2015K, capacity 2155K, committed 2176K, reserved 1048576K
Event: 7.883 GC heap after
Heap after GC invocations=3 (full 0):
 PSYoungGen      total 38400K, used 5088K [0x00000000e0000000, 0x00000000e4b00000, 0x0000000100000000)
  eden space 33280K, 0% used [0x00000000e0000000,0x00000000e0000000,0x00000000e2080000)
  from space 5120K, 99% used [0x00000000e2080000,0x00000000e25781e8,0x00000000e2580000)
  to   space 5120K, 0% used [0x00000000e4600000,0x00000000e4600000,0x00000000e4b00000)
 ParOldGen       total 87552K, used 2491K [0x00000000a0000000, 0x00000000a5580000, 0x00000000e0000000)
  object space 87552K, 2% used [0x00000000a0000000,0x00000000a026eea0,0x00000000a5580000)
 Metaspace       used 14412K, capacity 14726K, committed 14976K, reserved 1062912K
  class space    used 2015K, capacity 2155K, committed 2176K, reserved 1048576K
}

Deoptimization events (10 events):
Event: 7.286 Thread 0x0000000019e66000 Uncommon trap: reason=unstable_if action=reinterpret pc=0x0000000002f16a94 method=java.util.concurrent.ConcurrentHashMap.putVal(Ljava/lang/Object;Ljava/lang/Object;Z)Ljava/lang/Object; @ 206
Event: 7.368 Thread 0x0000000019966000 Uncommon trap: reason=bimorphic action=maybe_recompile pc=0x0000000002ebb3a4 method=java.util.HashMap.putVal(ILjava/lang/Object;Ljava/lang/Object;ZZ)Ljava/lang/Object; @ 253
Event: 7.368 Thread 0x0000000019966000 Uncommon trap: reason=bimorphic action=maybe_recompile pc=0x0000000002ebb3a4 method=java.util.HashMap.putVal(ILjava/lang/Object;Ljava/lang/Object;ZZ)Ljava/lang/Object; @ 253
Event: 7.381 Thread 0x0000000019966000 Uncommon trap: reason=class_check action=maybe_recompile pc=0x0000000002e1e0d8 method=java.util.regex.Matcher.match(II)Z @ 86
Event: 7.761 Thread 0x0000000019966000 Uncommon trap: reason=class_check action=maybe_recompile pc=0x0000000002e1e0d8 method=java.util.regex.Matcher.match(II)Z @ 86
Event: 7.762 Thread 0x0000000019966000 Uncommon trap: reason=class_check action=maybe_recompile pc=0x0000000002dfd75c method=java.util.regex.Matcher.match(II)Z @ 86
Event: 7.902 Thread 0x0000000019966000 Uncommon trap: reason=unstable_if action=reinterpret pc=0x0000000002fe6e74 method=java.lang.String.lastIndexOf([CII[CIII)I @ 66
Event: 8.021 Thread 0x0000000019966000 Uncommon trap: reason=unstable_if action=reinterpret pc=0x0000000002ce6d88 method=java.net.URI.match(CJJ)Z @ 19
Event: 8.022 Thread 0x0000000019966000 Uncommon trap: reason=unstable_if action=reinterpret pc=0x0000000002e3aa00 method=java.net.URI.match(CJJ)Z @ 19
Event: 8.022 Thread 0x0000000019966000 Uncommon trap: reason=unstable_if action=reinterpret pc=0x0000000002ce7b48 method=java.net.URI.match(CJJ)Z @ 19

Classes redefined (0 events):
No events

Internal exceptions (10 events):
Event: 7.305 Thread 0x0000000019e66000 Exception <a 'java/lang/NoSuchMethodError': <clinit>> (0x00000000e00fc310) thrown at [D:\src\AOSP-openjdk-cygwin\jdk8u\hotspot\src\share\vm\prims\jni.cpp, line 1613]
Event: 7.305 Thread 0x0000000019e66000 Exception <a 'java/lang/NoSuchMethodError': <clinit>> (0x00000000e0104dd8) thrown at [D:\src\AOSP-openjdk-cygwin\jdk8u\hotspot\src\share\vm\prims\jni.cpp, line 1613]
Event: 7.307 Thread 0x0000000019e66000 Exception <a 'java/lang/NoSuchMethodError': <clinit>> (0x00000000e01164c0) thrown at [D:\src\AOSP-openjdk-cygwin\jdk8u\hotspot\src\share\vm\prims\jni.cpp, line 1613]
Event: 7.322 Thread 0x0000000019e66000 Exception <a 'java/lang/NoSuchMethodError': <clinit>> (0x00000000e017b920) thrown at [D:\src\AOSP-openjdk-cygwin\jdk8u\hotspot\src\share\vm\prims\jni.cpp, line 1613]
Event: 7.325 Thread 0x0000000019e66000 Exception <a 'java/lang/NoSuchMethodError': <clinit>> (0x00000000e019f068) thrown at [D:\src\AOSP-openjdk-cygwin\jdk8u\hotspot\src\share\vm\prims\jni.cpp, line 1613]
Event: 7.329 Thread 0x0000000019e66000 Exception <a 'java/lang/NoSuchMethodError': <clinit>> (0x00000000e01c91b8) thrown at [D:\src\AOSP-openjdk-cygwin\jdk8u\hotspot\src\share\vm\prims\jni.cpp, line 1613]
Event: 7.330 Thread 0x0000000019e66000 Exception <a 'java/lang/NoSuchMethodError': <clinit>> (0x00000000e01d6db8) thrown at [D:\src\AOSP-openjdk-cygwin\jdk8u\hotspot\src\share\vm\prims\jni.cpp, line 1613]
Event: 7.332 Thread 0x0000000019e66000 Exception <a 'java/lang/NoSuchMethodError': <clinit>> (0x00000000e01fc050) thrown at [D:\src\AOSP-openjdk-cygwin\jdk8u\hotspot\src\share\vm\prims\jni.cpp, line 1613]
Event: 7.358 Thread 0x0000000019966000 Exception <a 'java/lang/NoSuchMethodError': <clinit>> (0x00000000e03602c0) thrown at [D:\src\AOSP-openjdk-cygwin\jdk8u\hotspot\src\share\vm\prims\jni.cpp, line 1613]
Event: 7.359 Thread 0x0000000019966000 Exception <a 'java/lang/NoSuchMethodError': <clinit>> (0x00000000e0368548) thrown at [D:\src\AOSP-openjdk-cygwin\jdk8u\hotspot\src\share\vm\prims\jni.cpp, line 1613]

Events (10 events):
Event: 8.400 loading class org/gradle/api/internal/DependencyInjectingInstantiator
Event: 8.400 loading class org/gradle/api/internal/DependencyInjectingInstantiator done
Event: 8.403 loading class org/gradle/api/internal/DependencyInjectingInstantiator$1
Event: 8.403 loading class org/gradle/api/internal/DependencyInjectingInstantiator$1 done
Event: 8.404 loading class org/gradle/configuration/ScriptPluginFactorySelector
Event: 8.404 loading class org/gradle/configuration/ScriptPluginFactorySelector done
Event: 8.405 loading class org/gradle/configuration/ScriptPluginFactorySelector$ProviderInstantiator
Event: 8.405 loading class org/gradle/configuration/ScriptPluginFactorySelector$ProviderInstantiator done
Event: 8.406 loading class org/gradle/configuration/ScriptPluginFactorySelector$1
Event: 8.406 loading class org/gradle/configuration/ScriptPluginFactorySelector$1 done


Dynamic libraries:
0x00007ff760530000 - 0x00007ff760561000 	C:\Program Files\Android\Android Studio\jre\bin\java.exe
0x00007fff95540000 - 0x00007fff95721000 	C:\WINDOWS\SYSTEM32\ntdll.dll
0x00007fff94780000 - 0x00007fff94832000 	C:\WINDOWS\System32\KERNEL32.DLL
0x00007fff91bb0000 - 0x00007fff91e23000 	C:\WINDOWS\System32\KERNELBASE.dll
0x00007fff94fe0000 - 0x00007fff95081000 	C:\WINDOWS\System32\ADVAPI32.dll
0x00007fff94f40000 - 0x00007fff94fde000 	C:\WINDOWS\System32\msvcrt.dll
0x00007fff954b0000 - 0x00007fff9550b000 	C:\WINDOWS\System32\sechost.dll
0x00007fff949c0000 - 0x00007fff94ae4000 	C:\WINDOWS\System32\RPCRT4.dll
0x00007fff94000000 - 0x00007fff94190000 	C:\WINDOWS\System32\USER32.dll
0x00007fff91aa0000 - 0x00007fff91ac0000 	C:\WINDOWS\System32\win32u.dll
0x00007fff94220000 - 0x00007fff94248000 	C:\WINDOWS\System32\GDI32.dll
0x00007fff92830000 - 0x00007fff929c2000 	C:\WINDOWS\System32\gdi32full.dll
0x00007fff91b10000 - 0x00007fff91baf000 	C:\WINDOWS\System32\msvcp_win.dll
0x00007fff92540000 - 0x00007fff9263a000 	C:\WINDOWS\System32\ucrtbase.dll
0x00007fff82810000 - 0x00007fff82a79000 	C:\WINDOWS\WinSxS\amd64_microsoft.windows.common-controls_6595b64144ccf1df_6.0.17134.285_none_fb4297e330656775\COMCTL32.dll
0x00007fff94250000 - 0x00007fff94573000 	C:\WINDOWS\System32\combase.dll
0x00007fff91910000 - 0x00007fff9198a000 	C:\WINDOWS\System32\bcryptPrimitives.dll
0x00007fff941f0000 - 0x00007fff9421d000 	C:\WINDOWS\System32\IMM32.DLL
0x00007fff85f10000 - 0x00007fff85f1a000 	C:\WINDOWS\SYSTEM32\VERSION.dll
0x0000000060a70000 - 0x0000000060aa9000 	C:\PROGRA~2\Sophos\SOPHOS~1\SOPHOS~2.DLL
0x00007fff95420000 - 0x00007fff95428000 	C:\WINDOWS\System32\PSAPI.DLL
0x00000000600d0000 - 0x00000000601a2000 	C:\Program Files\Android\Android Studio\jre\jre\bin\msvcr100.dll
0x000000005f600000 - 0x000000005fe3f000 	C:\Program Files\Android\Android Studio\jre\jre\bin\server\jvm.dll
0x00007fff88ca0000 - 0x00007fff88ca9000 	C:\WINDOWS\SYSTEM32\WSOCK32.dll
0x00007fff929d0000 - 0x00007fff92a3c000 	C:\WINDOWS\System32\WS2_32.dll
0x00007fff8f8f0000 - 0x00007fff8f913000 	C:\WINDOWS\SYSTEM32\WINMM.dll
0x00007fff8f7f0000 - 0x00007fff8f81a000 	C:\WINDOWS\SYSTEM32\winmmbase.dll
0x00007fff91ac0000 - 0x00007fff91b09000 	C:\WINDOWS\System32\cfgmgr32.dll
0x00007fff88e70000 - 0x00007fff88e7f000 	C:\Program Files\Android\Android Studio\jre\jre\bin\verify.dll
0x00007fff791d0000 - 0x00007fff791f9000 	C:\Program Files\Android\Android Studio\jre\jre\bin\java.dll
0x00007fff88e50000 - 0x00007fff88e66000 	C:\Program Files\Android\Android Studio\jre\jre\bin\zip.dll
0x00007fff92a40000 - 0x00007fff93e80000 	C:\WINDOWS\System32\SHELL32.dll
0x00007fff93f50000 - 0x00007fff93ff9000 	C:\WINDOWS\System32\shcore.dll
0x00007fff91e30000 - 0x00007fff9253d000 	C:\WINDOWS\System32\windows.storage.dll
0x00007fff95450000 - 0x00007fff954a1000 	C:\WINDOWS\System32\shlwapi.dll
0x00007fff918f0000 - 0x00007fff91901000 	C:\WINDOWS\System32\kernel.appcore.dll
0x00007fff918b0000 - 0x00007fff918cf000 	C:\WINDOWS\System32\profapi.dll
0x00007fff91860000 - 0x00007fff918ac000 	C:\WINDOWS\System32\powrprof.dll
0x00007fff91850000 - 0x00007fff9185a000 	C:\WINDOWS\System32\FLTLIB.DLL
0x00007fff69030000 - 0x00007fff6904a000 	C:\Program Files\Android\Android Studio\jre\jre\bin\net.dll
0x00007fff910d0000 - 0x00007fff91136000 	C:\WINDOWS\system32\mswsock.dll
0x00007fff69010000 - 0x00007fff69021000 	C:\Program Files\Android\Android Studio\jre\jre\bin\nio.dll
0x00007fff8e5b0000 - 0x00007fff8e5ce000 	C:\Users\Lenovo-PC\.gradle\native\25\windows-amd64\native-platform.dll
0x00007fff88e90000 - 0x00007fff88e9d000 	C:\Program Files\Android\Android Studio\jre\jre\bin\management.dll
0x00007fff91280000 - 0x00007fff91297000 	C:\WINDOWS\SYSTEM32\CRYPTSP.dll
0x00007fff90cb0000 - 0x00007fff90ce3000 	C:\WINDOWS\system32\rsaenh.dll
0x00007fff913b0000 - 0x00007fff913d5000 	C:\WINDOWS\SYSTEM32\bcrypt.dll
0x00007fff91780000 - 0x00007fff917a8000 	C:\WINDOWS\SYSTEM32\USERENV.dll
0x00007fff912a0000 - 0x00007fff912ab000 	C:\WINDOWS\SYSTEM32\CRYPTBASE.dll
0x00007fff90e50000 - 0x00007fff90e88000 	C:\WINDOWS\SYSTEM32\IPHLPAPI.DLL
0x00007fff95090000 - 0x00007fff95098000 	C:\WINDOWS\System32\NSI.dll
0x00007fff8d190000 - 0x00007fff8d1a6000 	C:\WINDOWS\SYSTEM32\dhcpcsvc6.DLL
0x00007fff8d170000 - 0x00007fff8d18a000 	C:\WINDOWS\SYSTEM32\dhcpcsvc.DLL

VM Arguments:
jvm_args: -Xmx1536m -Dfile.encoding=windows-1252 -Duser.country=GB -Duser.language=en -Duser.variant 
java_command: org.gradle.launcher.daemon.bootstrap.GradleDaemon 4.4
java_class_path (initial): C:\Users\Lenovo-PC\.gradle\wrapper\dists\gradle-4.4-all\9br9xq1tocpiv8o6njlyu5op1\gradle-4.4\lib\gradle-launcher-4.4.jar
Launcher Type: SUN_STANDARD

Environment Variables:
JAVA_HOME=C:\Program Files\Java\jdk1.8.0_60
PATH=C:\Program Files (x86)\Common Files\Oracle\Java\javapath;C:\ProgramData\Oracle\Java\javapath;C:\Program Files (x86)\Intel\iCLS Client\;C:\Program Files\Intel\iCLS Client\;C:\WINDOWS\system32;C:\WINDOWS;C:\WINDOWS\System32\Wbem;C:\WINDOWS\System32\WindowsPowerShell\v1.0\;C:\Program Files\Intel\Intel(R) Management Engine Components\DAL;C:\Program Files\Intel\Intel(R) Management Engine Components\IPT;C:\Program Files (x86)\Intel\Intel(R) Management Engine Components\DAL;C:\Program Files (x86)\Intel\Intel(R) Management Engine Components\IPT;C:\Program Files (x86)\Lenovo\Motion Control\;C:\Program Files\Calibre2\;C:\Program Files\MATLAB\MATLAB Production Server\R2015a\runtime\win64;C:\Program Files\MATLAB\MATLAB Production Server\R2015a\bin;C:\Program Files\MATLAB\MATLAB Production Server\R2015a\polyspace\bin;C:\Program Files (x86)\NVIDIA Corporation\PhysX\Common;C:\Program Files\Microsoft SQL Server\130\Tools\Binn\;C:\WINDOWS\system32;C:\WINDOWS;C:\WINDOWS\System32\Wbem;C:\WINDOWS\System32\WindowsPowerShell\v1.0\;C:\Program Files\Microsoft\Web Platform Installer\;C:\Program Files (x86)\Microsoft ASP.NET\ASP.NET Web Pages\v1.0\;C:\Program Files\Microsoft SQL Server\110\Tools\Binn\;C:\Python27;C:\Program Files\PuTTY\;C:\Program Files\nodejs\;C:\WINDOWS\System32\OpenSSH\;C:\Android;C:\Windows\System32;C:\Users\Lenovo-PC\Anaconda2;C:\Users\Lenovo-PC\Anaconda2\Scripts;C:\Users\Lenovo-PC\Anaconda2\Library\bin;C:\Users\Lenovo-PC\AppData\Local\Microsoft\WindowsApps;C:\Users\Lenovo-PC\AppData\Local\GitHub\PortableGit_f02737a78695063deace08e96d5042710d3e32db\cmd;C:\Users\Lenovo-PC\Anaconda2\pkgs\graphviz-2.38.0-4\Library\bin\graphviz;C:\Program Files (x86)\Nmap;C:\Users\Lenovo-PC\AppData\Roaming\npm;
USERNAME=Lenovo-PC
OS=Windows_NT
PROCESSOR_IDENTIFIER=Intel64 Family 6 Model 60 Stepping 3, GenuineIntel



---------------  S Y S T E M  ---------------

OS: Windows 10.0 , 64 bit Build 17134 (10.0.17134.1)

CPU:total 8 (initial active 8) (4 cores per cpu, 2 threads per core) family 6 model 60 stepping 3, cmov, cx8, fxsr, mmx, sse, sse2, sse3, ssse3, sse4.1, sse4.2, popcnt, avx, avx2, aes, clmul, erms, lzcnt, ht, tsc, tscinvbit, bmi1, bmi2

Memory: 4k page, physical 8298776k(667628k free), swap 12394776k(4924k free)

vm_info: OpenJDK 64-Bit Server VM (25.152-b02) for windows-amd64 JRE (1.8.0_152-release-1024-b02), built by "builder" with MS VC++ 10.0 (VS2010)

time: Fri Oct 12 02:45:47 2018
elapsed time: 8 seconds (0d 0h 0m 8s)

