#
# There is insufficient memory for the Java Runtime Environment to continue.
# Native memory allocation (malloc) failed to allocate 32744 bytes for ChunkPool::allocate
# Possible reasons:
#   The system is out of physical RAM or swap space
#   In 32 bit mode, the process size limit was hit
# Possible solutions:
#   Reduce memory load on the system
#   Increase physical memory or swap space
#   Check if swap backing store is full
#   Use 64 bit Java on a 64 bit OS
#   Decrease Java heap size (-Xmx/-Xms)
#   Decrease number of Java threads
#   Decrease Java thread stack sizes (-Xss)
#   Set larger code cache with -XX:ReservedCodeCacheSize=
# This output file may be truncated or incomplete.
#
#  Out of Memory Error (allocation.cpp:273), pid=5044, tid=0x0000000000000bcc
#
# JRE version: OpenJDK Runtime Environment (8.0_152-b02) (build 1.8.0_152-release-1024-b02)
# Java VM: OpenJDK 64-Bit Server VM (25.152-b02 mixed mode windows-amd64 compressed oops)
# Failed to write core dump. Minidumps are not enabled by default on client versions of Windows
#

---------------  T H R E A D  ---------------

Current thread (0x0000000018f33000):  JavaThread "C2 CompilerThread1" daemon [_thread_in_native, id=3020, stack(0x00000000197f0000,0x00000000198f0000)]

Stack: [0x00000000197f0000,0x00000000198f0000]
[error occurred during error reporting (printing stack bounds), id 0xc0000005]

Native frames: (J=compiled Java code, j=interpreted, Vv=VM code, C=native code)


Current CompileTask:
C2:   9585 1444   !   4       java.net.URLClassLoader$1::run (63 bytes)


---------------  P R O C E S S  ---------------

Java Threads: ( => current thread )
  0x000000001b2d7000 JavaThread "Cache worker for file hash cache (C:\Users\Lenovo-PC\Documents\SCU\Mobile App Dev\Assignment2\.gradle\4.4\fileHashes)" [_thread_blocked, id=14364, stack(0x000000001da10000,0x000000001db10000)]
  0x0000000019f49800 JavaThread "File lock request listener" [_thread_in_native, id=14348, stack(0x000000001c940000,0x000000001ca40000)]
  0x000000001a342000 JavaThread "Cache worker for file hash cache (C:\Users\Lenovo-PC\.gradle\caches\4.4\fileHashes)" [_thread_blocked, id=2692, stack(0x000000001c840000,0x000000001c940000)]
  0x000000001ae2a000 JavaThread "Stdin handler" [_thread_blocked, id=7148, stack(0x000000001c540000,0x000000001c640000)]
  0x000000001ae12800 JavaThread "Asynchronous log dispatcher for DefaultDaemonConnection: socket connection from /127.0.0.1:58961 to /127.0.0.1:58962" [_thread_blocked, id=12000, stack(0x000000001c340000,0x000000001c440000)]
  0x000000001ae0f000 JavaThread "Daemon worker" [_thread_blocked, id=6480, stack(0x000000001c240000,0x000000001c340000)]
  0x000000001ae35800 JavaThread "Cancel handler" [_thread_blocked, id=8524, stack(0x000000001c140000,0x000000001c240000)]
  0x000000001a427000 JavaThread "Handler for socket connection from /127.0.0.1:58961 to /127.0.0.1:58962" [_thread_in_native, id=4004, stack(0x000000001be40000,0x000000001bf40000)]
  0x000000001a425800 JavaThread "Daemon" [_thread_blocked, id=5124, stack(0x000000001bd40000,0x000000001be40000)]
  0x0000000019f90800 JavaThread "Daemon periodic checks" [_thread_blocked, id=3544, stack(0x000000001bc40000,0x000000001bd40000)]
  0x000000001acd4800 JavaThread "Incoming local TCP Connector on port 58961" [_thread_in_native, id=12840, stack(0x000000001ba00000,0x000000001bb00000)]
  0x0000000018fbd000 JavaThread "Service Thread" daemon [_thread_blocked, id=11164, stack(0x0000000019af0000,0x0000000019bf0000)]
  0x0000000018f3d000 JavaThread "C1 CompilerThread3" daemon [_thread_blocked, id=8236, stack(0x00000000199f0000,0x0000000019af0000)]
  0x0000000018f35800 JavaThread "C2 CompilerThread2" daemon [_thread_in_native, id=3272, stack(0x00000000198f0000,0x00000000199f0000)]
=>0x0000000018f33000 JavaThread "C2 CompilerThread1" daemon [_thread_in_native, id=3020, stack(0x00000000197f0000,0x00000000198f0000)]
  0x0000000018f2c000 JavaThread "C2 CompilerThread0" daemon [_thread_blocked, id=9272, stack(0x00000000196f0000,0x00000000197f0000)]
  0x0000000018f29000 JavaThread "Attach Listener" daemon [_thread_blocked, id=8968, stack(0x00000000195f0000,0x00000000196f0000)]
  0x0000000018f26000 JavaThread "Signal Dispatcher" daemon [_thread_blocked, id=11024, stack(0x00000000194f0000,0x00000000195f0000)]
  0x0000000018f20800 
[error occurred during error reporting (printing all threads), id 0xc0000005]

VM state:at safepoint (normal execution)

VM Mutex/Monitor currently owned by a thread:  ([mutex/lock_event])
[0x000000000311d500] Threads_lock - owner thread: 0x0000000017015800
[0x000000000311e000] Heap_lock - owner thread: 0x000000001ae0f000

Heap:
 PSYoungGen      total 38400K, used 5104K [0x00000000e0000000, 0x00000000e2a80000, 0x0000000100000000)
  eden space 33280K, 0% used [0x00000000e0000000,0x00000000e0000000,0x00000000e2080000)
  from space 5120K, 99% used [0x00000000e2080000,0x00000000e257c030,0x00000000e2580000)
  to   space 5120K, 0% used [0x00000000e2580000,0x00000000e2580000,0x00000000e2a80000)
 ParOldGen       total 87552K, used 6112K [0x00000000a0000000, 0x00000000a5580000, 0x00000000e0000000)
  object space 87552K, 6% used [0x00000000a0000000,0x00000000a05f8318,0x00000000a5580000)
 Metaspace       used 17963K, capacity 18304K, committed 18432K, reserved 1069056K
  class space    used 2579K, capacity 2718K, committed 2816K, reserved 1048576K

Card table byte_map: [0x0000000012620000,0x0000000012930000] byte_map_base: 0x0000000012120000

Marking Bits: (ParMarkBitMap*) 0x000000005fdc4970
 Begin Bits: [0x0000000013330000, 0x0000000014b30000)
 End Bits:   [0x0000000014b30000, 0x0000000016330000)

Polling page: 0x0000000001150000

CodeCache: size=245760Kb used=5232Kb max_used=5306Kb free=240527Kb
 bounds [0x0000000003260000, 0x00000000037a0000, 0x0000000012260000]
 total_blobs=1906 nmethods=1527 adapters=292
 compilation: enabled

Compilation events (10 events):
Event: 9.468 Thread 0x0000000018f2c000 1571   !   4       java.lang.ref.Reference::tryHandlePending (115 bytes)
Event: 9.489 Thread 0x0000000018f2c000 nmethod 1571 0x0000000003792250 code [0x0000000003792400, 0x0000000003792d48]
Event: 9.489 Thread 0x0000000018f2c000 1572   !   4       java.lang.ref.ReferenceQueue::enqueue (119 bytes)
Event: 9.501 Thread 0x0000000018f2c000 nmethod 1572 0x0000000003372750 code [0x00000000033728a0, 0x0000000003372d68]
Event: 9.501 Thread 0x0000000018f2c000 1573       4       java.lang.ref.ReferenceQueue::remove (6 bytes)
Event: 9.516 Thread 0x0000000018f2c000 nmethod 1573 0x00000000033b8c50 code [0x00000000033b8dc0, 0x00000000033b9408]
Event: 9.517 Thread 0x0000000018f2c000 1574   !   4       java.lang.ref.ReferenceQueue::remove (125 bytes)
Event: 9.522 Thread 0x0000000018f3d000 1575       3       java.util.concurrent.ConcurrentLinkedQueue::poll (85 bytes)
Event: 9.526 Thread 0x0000000018f3d000 nmethod 1575 0x0000000003384750 code [0x0000000003384920, 0x00000000033852b0]
Event: 9.532 Thread 0x0000000018f2c000 nmethod 1574 0x0000000003429f10 code [0x000000000342a080, 0x000000000342a728]

GC Heap History (10 events):
Event: 2.496 GC heap after
Heap after GC invocations=1 (full 0):
 PSYoungGen      total 38400K, used 4243K [0x00000000e0000000, 0x00000000e2a80000, 0x0000000100000000)
  eden space 33280K, 0% used [0x00000000e0000000,0x00000000e0000000,0x00000000e2080000)
  from space 5120K, 82% used [0x00000000e2080000,0x00000000e24a4df8,0x00000000e2580000)
  to   space 5120K, 0% used [0x00000000e2580000,0x00000000e2580000,0x00000000e2a80000)
 ParOldGen       total 87552K, used 8K [0x00000000a0000000, 0x00000000a5580000, 0x00000000e0000000)
  object space 87552K, 0% used [0x00000000a0000000,0x00000000a0002000,0x00000000a5580000)
 Metaspace       used 6884K, capacity 7038K, committed 7168K, reserved 1056768K
  class space    used 841K, capacity 907K, committed 1024K, reserved 1048576K
}
Event: 7.102 GC heap before
{Heap before GC invocations=2 (full 0):
 PSYoungGen      total 38400K, used 37523K [0x00000000e0000000, 0x00000000e2a80000, 0x0000000100000000)
  eden space 33280K, 100% used [0x00000000e0000000,0x00000000e2080000,0x00000000e2080000)
  from space 5120K, 82% used [0x00000000e2080000,0x00000000e24a4df8,0x00000000e2580000)
  to   space 5120K, 0% used [0x00000000e2580000,0x00000000e2580000,0x00000000e2a80000)
 ParOldGen       total 87552K, used 8K [0x00000000a0000000, 0x00000000a5580000, 0x00000000e0000000)
  object space 87552K, 0% used [0x00000000a0000000,0x00000000a0002000,0x00000000a5580000)
 Metaspace       used 11367K, capacity 11698K, committed 11904K, reserved 1058816K
  class space    used 1510K, capacity 1627K, committed 1664K, reserved 1048576K
Event: 7.110 GC heap after
Heap after GC invocations=2 (full 0):
 PSYoungGen      total 38400K, used 5103K [0x00000000e0000000, 0x00000000e2a80000, 0x0000000100000000)
  eden space 33280K, 0% used [0x00000000e0000000,0x00000000e0000000,0x00000000e2080000)
  from space 5120K, 99% used [0x00000000e2580000,0x00000000e2a7bd28,0x00000000e2a80000)
  to   space 5120K, 0% used [0x00000000e2080000,0x00000000e2080000,0x00000000e2580000)
 ParOldGen       total 87552K, used 499K [0x00000000a0000000, 0x00000000a5580000, 0x00000000e0000000)
  object space 87552K, 0% used [0x00000000a0000000,0x00000000a007cee0,0x00000000a5580000)
 Metaspace       used 11367K, capacity 11698K, committed 11904K, reserved 1058816K
  class space    used 1510K, capacity 1627K, committed 1664K, reserved 1048576K
}
Event: 8.082 GC heap before
{Heap before GC invocations=3 (full 0):
 PSYoungGen      total 38400K, used 38383K [0x00000000e0000000, 0x00000000e2a80000, 0x0000000100000000)
  eden space 33280K, 100% used [0x00000000e0000000,0x00000000e2080000,0x00000000e2080000)
  from space 5120K, 99% used [0x00000000e2580000,0x00000000e2a7bd28,0x00000000e2a80000)
  to   space 5120K, 0% used [0x00000000e2080000,0x00000000e2080000,0x00000000e2580000)
 ParOldGen       total 87552K, used 499K [0x00000000a0000000, 0x00000000a5580000, 0x00000000e0000000)
  object space 87552K, 0% used [0x00000000a0000000,0x00000000a007cee0,0x00000000a5580000)
 Metaspace       used 14418K, capacity 14790K, committed 14976K, reserved 1062912K
  class space    used 2016K, capacity 2155K, committed 2176K, reserved 1048576K
Event: 8.099 GC heap after
Heap after GC invocations=3 (full 0):
 PSYoungGen      total 38400K, used 5117K [0x00000000e0000000, 0x00000000e2a80000, 0x0000000100000000)
  eden space 33280K, 0% used [0x00000000e0000000,0x00000000e0000000,0x00000000e2080000)
  from space 5120K, 99% used [0x00000000e2080000,0x00000000e257f528,0x00000000e2580000)
  to   space 5120K, 0% used [0x00000000e2580000,0x00000000e2580000,0x00000000e2a80000)
 ParOldGen       total 87552K, used 2526K [0x00000000a0000000, 0x00000000a5580000, 0x00000000e0000000)
  object space 87552K, 2% used [0x00000000a0000000,0x00000000a0277978,0x00000000a5580000)
 Metaspace       used 14418K, capacity 14790K, committed 14976K, reserved 1062912K
  class space    used 2016K, capacity 2155K, committed 2176K, reserved 1048576K
}
Event: 9.440 GC heap before
{Heap before GC invocations=4 (full 0):
 PSYoungGen      total 38400K, used 38397K [0x00000000e0000000, 0x00000000e2a80000, 0x0000000100000000)
  eden space 33280K, 100% used [0x00000000e0000000,0x00000000e2080000,0x00000000e2080000)
  from space 5120K, 99% used [0x00000000e2080000,0x00000000e257f528,0x00000000e2580000)
  to   space 5120K, 0% used [0x00000000e2580000,0x00000000e2580000,0x00000000e2a80000)
 ParOldGen       total 87552K, used 2526K [0x00000000a0000000, 0x00000000a5580000, 0x00000000e0000000)
  object space 87552K, 2% used [0x00000000a0000000,0x00000000a0277978,0x00000000a5580000)
 Metaspace       used 17700K, capacity 18080K, committed 18304K, reserved 1064960K
  class space    used 2544K, capacity 2686K, committed 2688K, reserved 1048576K
Event: 9.467 GC heap after
Heap after GC invocations=4 (full 0):
 PSYoungGen      total 38400K, used 5104K [0x00000000e0000000, 0x00000000e2a80000, 0x0000000100000000)
  eden space 33280K, 0% used [0x00000000e0000000,0x00000000e0000000,0x00000000e2080000)
  from space 5120K, 99% used [0x00000000e2580000,0x00000000e2a7c010,0x00000000e2a80000)
  to   space 5120K, 0% used [0x00000000e2080000,0x00000000e2080000,0x00000000e2580000)
 ParOldGen       total 87552K, used 5854K [0x00000000a0000000, 0x00000000a5580000, 0x00000000e0000000)
  object space 87552K, 6% used [0x00000000a0000000,0x00000000a05b7bb8,0x00000000a5580000)
 Metaspace       used 17700K, capacity 18080K, committed 18304K, reserved 1064960K
  class space    used 2544K, capacity 2686K, committed 2688K, reserved 1048576K
}
Event: 9.539 GC heap before
{Heap before GC invocations=5 (full 0):
 PSYoungGen      total 38400K, used 7024K [0x00000000e0000000, 0x00000000e2a80000, 0x0000000100000000)
  eden space 33280K, 5% used [0x00000000e0000000,0x00000000e01e0258,0x00000000e2080000)
  from space 5120K, 99% used [0x00000000e2580000,0x00000000e2a7c010,0x00000000e2a80000)
  to   space 5120K, 0% used [0x00000000e2080000,0x00000000e2080000,0x00000000e2580000)
 ParOldGen       total 87552K, used 5854K [0x00000000a0000000, 0x00000000a5580000, 0x00000000e0000000)
  object space 87552K, 6% used [0x00000000a0000000,0x00000000a05b7bb8,0x00000000a5580000)
 Metaspace       used 17963K, capacity 18304K, committed 18432K, reserved 1069056K
  class space    used 2579K, capacity 2718K, committed 2816K, reserved 1048576K
Event: 9.551 GC heap after
Heap after GC invocations=5 (full 0):
 PSYoungGen      total 38400K, used 5104K [0x00000000e0000000, 0x00000000e2a80000, 0x0000000100000000)
  eden space 33280K, 0% used [0x00000000e0000000,0x00000000e0000000,0x00000000e2080000)
  from space 5120K, 99% used [0x00000000e2080000,0x00000000e257c030,0x00000000e2580000)
  to   space 5120K, 0% used [0x00000000e2580000,0x00000000e2580000,0x00000000e2a80000)
 ParOldGen       total 87552K, used 6112K [0x00000000a0000000, 0x00000000a5580000, 0x00000000e0000000)
  object space 87552K, 6% used [0x00000000a0000000,0x00000000a05f8318,0x00000000a5580000)
 Metaspace       used 17963K, capacity 18304K, committed 18432K, reserved 1069056K
  class space    used 2579K, capacity 2718K, committed 2816K, reserved 1048576K
}
Event: 9.551 GC heap before
{Heap before GC invocations=6 (full 1):
 PSYoungGen      total 38400K, used 5104K [0x00000000e0000000, 0x00000000e2a80000, 0x0000000100000000)
  eden space 33280K, 0% used [0x00000000e0000000,0x00000000e0000000,0x00000000e2080000)
  from space 5120K, 99% used [0x00000000e2080000,0x00000000e257c030,0x00000000e2580000)
  to   space 5120K, 0% used [0x00000000e2580000,0x00000000e2580000,0x00000000e2a80000)
 ParOldGen       total 87552K, used 6112K [0x00000000a0000000, 0x00000000a5580000, 0x00000000e0000000)
  object space 87552K, 6% used [0x00000000a0000000,0x00000000a05f8318,0x00000000a5580000)
 Metaspace       used 17963K, capacity 18304K, committed 18432K, reserved 1069056K
  class space    used 2579K, capacity 2718K, committed 2816K, reserved 1048576K

Deoptimization events (10 events):
Event: 7.897 Thread 0x000000001ae0f000 Uncommon trap: reason=class_check action=maybe_recompile pc=0x00000000034cdcdc method=java.util.regex.Matcher.match(II)Z @ 86
Event: 8.123 Thread 0x000000001ae0f000 Uncommon trap: reason=unstable_if action=reinterpret pc=0x00000000036c4574 method=java.lang.String.lastIndexOf([CII[CIII)I @ 66
Event: 8.249 Thread 0x000000001ae0f000 Uncommon trap: reason=unstable_if action=reinterpret pc=0x00000000033bbcc8 method=java.net.URI.match(CJJ)Z @ 19
Event: 8.249 Thread 0x000000001ae0f000 Uncommon trap: reason=unstable_if action=reinterpret pc=0x000000000350ca80 method=java.net.URI.match(CJJ)Z @ 19
Event: 8.249 Thread 0x000000001ae0f000 Uncommon trap: reason=unstable_if action=reinterpret pc=0x00000000033c0248 method=java.net.URI.match(CJJ)Z @ 19
Event: 8.984 Thread 0x000000001ae0f000 Uncommon trap: reason=unstable_if action=reinterpret pc=0x00000000034f9f58 method=java.io.File.getName()Ljava/lang/String; @ 16
Event: 9.212 Thread 0x000000001ae0f000 Uncommon trap: reason=bimorphic action=maybe_recompile pc=0x00000000036d6dc8 method=java.lang.ClassLoader.loadClass(Ljava/lang/String;Z)Ljava/lang/Class; @ 38
Event: 9.218 Thread 0x000000001ae0f000 Uncommon trap: reason=bimorphic action=maybe_recompile pc=0x00000000036d6dc8 method=java.lang.ClassLoader.loadClass(Ljava/lang/String;Z)Ljava/lang/Class; @ 38
Event: 9.219 Thread 0x000000001ae0f000 Uncommon trap: reason=bimorphic action=maybe_recompile pc=0x00000000036d6dc8 method=java.lang.ClassLoader.loadClass(Ljava/lang/String;Z)Ljava/lang/Class; @ 38
Event: 9.219 Thread 0x000000001ae0f000 Uncommon trap: reason=bimorphic action=maybe_recompile pc=0x00000000036d6dc8 method=java.lang.ClassLoader.loadClass(Ljava/lang/String;Z)Ljava/lang/Class; @ 38

Classes redefined (0 events):
No events

Internal exceptions (10 events):
Event: 9.034 Thread 0x000000001ae0f000 Exception <a 'java/lang/NoSuchMethodError': <clinit>> (0x00000000e1836f60) thrown at [D:\src\AOSP-openjdk-cygwin\jdk8u\hotspot\src\share\vm\prims\jni.cpp, line 1613]
Event: 9.034 Thread 0x000000001ae0f000 Exception <a 'java/lang/NoSuchMethodError': <clinit>> (0x00000000e1839900) thrown at [D:\src\AOSP-openjdk-cygwin\jdk8u\hotspot\src\share\vm\prims\jni.cpp, line 1613]
Event: 9.034 Thread 0x000000001ae0f000 Exception <a 'java/lang/NoSuchMethodError': <clinit>> (0x00000000e1846ef0) thrown at [D:\src\AOSP-openjdk-cygwin\jdk8u\hotspot\src\share\vm\prims\jni.cpp, line 1613]
Event: 9.036 Thread 0x000000001ae0f000 Exception <a 'java/lang/NoSuchMethodError': <clinit>> (0x00000000e1852670) thrown at [D:\src\AOSP-openjdk-cygwin\jdk8u\hotspot\src\share\vm\prims\jni.cpp, line 1613]
Event: 9.223 Thread 0x000000001ae0f000 Exception <a 'java/lang/NoSuchMethodError': <clinit>> (0x00000000e1c18c70) thrown at [D:\src\AOSP-openjdk-cygwin\jdk8u\hotspot\src\share\vm\prims\jni.cpp, line 1613]
Event: 9.259 Thread 0x000000001ae0f000 Exception <a 'java/lang/NoSuchMethodError': <clinit>> (0x00000000e1c64378) thrown at [D:\src\AOSP-openjdk-cygwin\jdk8u\hotspot\src\share\vm\prims\jni.cpp, line 1613]
Event: 9.265 Thread 0x000000001ae0f000 Exception <a 'java/lang/NoSuchMethodError': <clinit>> (0x00000000e1c71e68) thrown at [D:\src\AOSP-openjdk-cygwin\jdk8u\hotspot\src\share\vm\prims\jni.cpp, line 1613]
Event: 9.292 Thread 0x000000001ae0f000 Exception <a 'java/lang/NoSuchMethodError': <clinit>> (0x00000000e1cf0ea8) thrown at [D:\src\AOSP-openjdk-cygwin\jdk8u\hotspot\src\share\vm\prims\jni.cpp, line 1613]
Event: 9.293 Thread 0x000000001ae0f000 Exception <a 'java/lang/NoSuchMethodError': <clinit>> (0x00000000e1cf4b68) thrown at [D:\src\AOSP-openjdk-cygwin\jdk8u\hotspot\src\share\vm\prims\jni.cpp, line 1613]
Event: 9.293 Thread 0x000000001ae0f000 Exception <a 'java/lang/NoSuchMethodError': <clinit>> (0x00000000e1cf6670) thrown at [D:\src\AOSP-openjdk-cygwin\jdk8u\hotspot\src\share\vm\prims\jni.cpp, line 1613]

Events (10 events):
Event: 9.528 loading class org/codehaus/groovy/runtime/metaclass/MetaMethodIndex
Event: 9.528 loading class org/codehaus/groovy/runtime/metaclass/MetaMethodIndex done
Event: 9.530 loading class org/gradle/api/internal/coerce/StringToEnumTransformer
Event: 9.530 loading class org/gradle/api/internal/coerce/StringToEnumTransformer done
Event: 9.532 Thread 0x0000000018f2c000 flushing nmethod 0x0000000003476090
Event: 9.536 loading class org/gradle/api/internal/plugins/DefaultConvention
Event: 9.536 loading class org/gradle/api/internal/plugins/DefaultConvention done
Event: 9.537 loading class org/gradle/api/internal/plugins/ExtensionContainerInternal
Event: 9.537 loading class org/gradle/api/internal/plugins/ExtensionContainerInternal done
Event: 9.539 Executing VM operation: CollectForMetadataAllocation


Dynamic libraries:
0x00007ff760530000 - 0x00007ff760561000 	C:\Program Files\Android\Android Studio\jre\bin\java.exe
0x00007fff95540000 - 0x00007fff95721000 	C:\WINDOWS\SYSTEM32\ntdll.dll
0x00007fff94780000 - 0x00007fff94832000 	C:\WINDOWS\System32\KERNEL32.DLL
0x00007fff91bb0000 - 0x00007fff91e23000 	C:\WINDOWS\System32\KERNELBASE.dll
0x00007fff94fe0000 - 0x00007fff95081000 	C:\WINDOWS\System32\ADVAPI32.dll
0x00007fff94f40000 - 0x00007fff94fde000 	C:\WINDOWS\System32\msvcrt.dll
0x00007fff954b0000 - 0x00007fff9550b000 	C:\WINDOWS\System32\sechost.dll
0x00007fff949c0000 - 0x00007fff94ae4000 	C:\WINDOWS\System32\RPCRT4.dll
0x00007fff94000000 - 0x00007fff94190000 	C:\WINDOWS\System32\USER32.dll
0x00007fff91aa0000 - 0x00007fff91ac0000 	C:\WINDOWS\System32\win32u.dll
0x00007fff94220000 - 0x00007fff94248000 	C:\WINDOWS\System32\GDI32.dll
0x00007fff92830000 - 0x00007fff929c2000 	C:\WINDOWS\System32\gdi32full.dll
0x00007fff91b10000 - 0x00007fff91baf000 	C:\WINDOWS\System32\msvcp_win.dll
0x00007fff92540000 - 0x00007fff9263a000 	C:\WINDOWS\System32\ucrtbase.dll
0x00007fff82810000 - 0x00007fff82a79000 	C:\WINDOWS\WinSxS\amd64_microsoft.windows.common-controls_6595b64144ccf1df_6.0.17134.285_none_fb4297e330656775\COMCTL32.dll
0x00007fff94250000 - 0x00007fff94573000 	C:\WINDOWS\System32\combase.dll
0x00007fff91910000 - 0x00007fff9198a000 	C:\WINDOWS\System32\bcryptPrimitives.dll
0x00007fff941f0000 - 0x00007fff9421d000 	C:\WINDOWS\System32\IMM32.DLL
0x00007fff85f10000 - 0x00007fff85f1a000 	C:\WINDOWS\SYSTEM32\VERSION.dll
0x0000000060a70000 - 0x0000000060aa9000 	C:\PROGRA~2\Sophos\SOPHOS~1\SOPHOS~2.DLL
0x00007fff95420000 - 0x00007fff95428000 	C:\WINDOWS\System32\PSAPI.DLL
0x00000000600d0000 - 0x00000000601a2000 	C:\Program Files\Android\Android Studio\jre\jre\bin\msvcr100.dll
0x000000005f600000 - 0x000000005fe3f000 	C:\Program Files\Android\Android Studio\jre\jre\bin\server\jvm.dll
0x00007fff88ca0000 - 0x00007fff88ca9000 	C:\WINDOWS\SYSTEM32\WSOCK32.dll
0x00007fff8f8f0000 - 0x00007fff8f913000 	C:\WINDOWS\SYSTEM32\WINMM.dll
0x00007fff929d0000 - 0x00007fff92a3c000 	C:\WINDOWS\System32\WS2_32.dll
0x00007fff8f7f0000 - 0x00007fff8f81a000 	C:\WINDOWS\SYSTEM32\winmmbase.dll
0x00007fff91ac0000 - 0x00007fff91b09000 	C:\WINDOWS\System32\cfgmgr32.dll
0x00007fff88e70000 - 0x00007fff88e7f000 	C:\Program Files\Android\Android Studio\jre\jre\bin\verify.dll
0x00007fff791d0000 - 0x00007fff791f9000 	C:\Program Files\Android\Android Studio\jre\jre\bin\java.dll
0x00007fff88e50000 - 0x00007fff88e66000 	C:\Program Files\Android\Android Studio\jre\jre\bin\zip.dll
0x00007fff92a40000 - 0x00007fff93e80000 	C:\WINDOWS\System32\SHELL32.dll
0x00007fff93f50000 - 0x00007fff93ff9000 	C:\WINDOWS\System32\shcore.dll
0x00007fff91e30000 - 0x00007fff9253d000 	C:\WINDOWS\System32\windows.storage.dll
0x00007fff95450000 - 0x00007fff954a1000 	C:\WINDOWS\System32\shlwapi.dll
0x00007fff918f0000 - 0x00007fff91901000 	C:\WINDOWS\System32\kernel.appcore.dll
0x00007fff918b0000 - 0x00007fff918cf000 	C:\WINDOWS\System32\profapi.dll
0x00007fff91860000 - 0x00007fff918ac000 	C:\WINDOWS\System32\powrprof.dll
0x00007fff91850000 - 0x00007fff9185a000 	C:\WINDOWS\System32\FLTLIB.DLL
0x00007fff69030000 - 0x00007fff6904a000 	C:\Program Files\Android\Android Studio\jre\jre\bin\net.dll
0x00007fff910d0000 - 0x00007fff91136000 	C:\WINDOWS\system32\mswsock.dll
0x00007fff69010000 - 0x00007fff69021000 	C:\Program Files\Android\Android Studio\jre\jre\bin\nio.dll
0x00007fff8e5b0000 - 0x00007fff8e5ce000 	C:\Users\Lenovo-PC\.gradle\native\25\windows-amd64\native-platform.dll
0x00007fff88e90000 - 0x00007fff88e9d000 	C:\Program Files\Android\Android Studio\jre\jre\bin\management.dll
0x00007fff91280000 - 0x00007fff91297000 	C:\WINDOWS\SYSTEM32\CRYPTSP.dll
0x00007fff90cb0000 - 0x00007fff90ce3000 	C:\WINDOWS\system32\rsaenh.dll
0x00007fff913b0000 - 0x00007fff913d5000 	C:\WINDOWS\SYSTEM32\bcrypt.dll
0x00007fff91780000 - 0x00007fff917a8000 	C:\WINDOWS\SYSTEM32\USERENV.dll
0x00007fff912a0000 - 0x00007fff912ab000 	C:\WINDOWS\SYSTEM32\CRYPTBASE.dll
0x00007fff90e50000 - 0x00007fff90e88000 	C:\WINDOWS\SYSTEM32\IPHLPAPI.DLL
0x00007fff95090000 - 0x00007fff95098000 	C:\WINDOWS\System32\NSI.dll
0x00007fff8d190000 - 0x00007fff8d1a6000 	C:\WINDOWS\SYSTEM32\dhcpcsvc6.DLL
0x00007fff8d170000 - 0x00007fff8d18a000 	C:\WINDOWS\SYSTEM32\dhcpcsvc.DLL

VM Arguments:
jvm_args: -Xmx1536m -Dfile.encoding=windows-1252 -Duser.country=GB -Duser.language=en -Duser.variant 
java_command: org.gradle.launcher.daemon.bootstrap.GradleDaemon 4.4
java_class_path (initial): C:\Users\Lenovo-PC\.gradle\wrapper\dists\gradle-4.4-all\9br9xq1tocpiv8o6njlyu5op1\gradle-4.4\lib\gradle-launcher-4.4.jar
Launcher Type: SUN_STANDARD

Environment Variables:
JAVA_HOME=C:\Program Files\Java\jdk1.8.0_60
PATH=C:\Program Files (x86)\Common Files\Oracle\Java\javapath;C:\ProgramData\Oracle\Java\javapath;C:\Program Files (x86)\Intel\iCLS Client\;C:\Program Files\Intel\iCLS Client\;C:\WINDOWS\system32;C:\WINDOWS;C:\WINDOWS\System32\Wbem;C:\WINDOWS\System32\WindowsPowerShell\v1.0\;C:\Program Files\Intel\Intel(R) Management Engine Components\DAL;C:\Program Files\Intel\Intel(R) Management Engine Components\IPT;C:\Program Files (x86)\Intel\Intel(R) Management Engine Components\DAL;C:\Program Files (x86)\Intel\Intel(R) Management Engine Components\IPT;C:\Program Files (x86)\Lenovo\Motion Control\;C:\Program Files\Calibre2\;C:\Program Files\MATLAB\MATLAB Production Server\R2015a\runtime\win64;C:\Program Files\MATLAB\MATLAB Production Server\R2015a\bin;C:\Program Files\MATLAB\MATLAB Production Server\R2015a\polyspace\bin;C:\Program Files (x86)\NVIDIA Corporation\PhysX\Common;C:\Program Files\Microsoft SQL Server\130\Tools\Binn\;C:\WINDOWS\system32;C:\WINDOWS;C:\WINDOWS\System32\Wbem;C:\WINDOWS\System32\WindowsPowerShell\v1.0\;C:\Program Files\Microsoft\Web Platform Installer\;C:\Program Files (x86)\Microsoft ASP.NET\ASP.NET Web Pages\v1.0\;C:\Program Files\Microsoft SQL Server\110\Tools\Binn\;C:\Python27;C:\Program Files\PuTTY\;C:\Program Files\nodejs\;C:\WINDOWS\System32\OpenSSH\;C:\Android;C:\Windows\System32;C:\Users\Lenovo-PC\Anaconda2;C:\Users\Lenovo-PC\Anaconda2\Scripts;C:\Users\Lenovo-PC\Anaconda2\Library\bin;C:\Users\Lenovo-PC\AppData\Local\Microsoft\WindowsApps;C:\Users\Lenovo-PC\AppData\Local\GitHub\PortableGit_f02737a78695063deace08e96d5042710d3e32db\cmd;C:\Users\Lenovo-PC\Anaconda2\pkgs\graphviz-2.38.0-4\Library\bin\graphviz;C:\Program Files (x86)\Nmap;C:\Users\Lenovo-PC\AppData\Roaming\npm;
USERNAME=Lenovo-PC
OS=Windows_NT
PROCESSOR_IDENTIFIER=Intel64 Family 6 Model 60 Stepping 3, GenuineIntel



---------------  S Y S T E M  ---------------

OS: Windows 10.0 , 64 bit Build 17134 (10.0.17134.1)

CPU:total 8 (initial active 8) (4 cores per cpu, 2 threads per core) family 6 model 60 stepping 3, cmov, cx8, fxsr, mmx, sse, sse2, sse3, ssse3, sse4.1, sse4.2, popcnt, avx, avx2, aes, clmul, erms, lzcnt, ht, tsc, tscinvbit, bmi1, bmi2

Memory: 4k page, physical 8298776k(859652k free), swap 12394776k(43096k free)

vm_info: OpenJDK 64-Bit Server VM (25.152-b02) for windows-amd64 JRE (1.8.0_152-release-1024-b02), built by "builder" with MS VC++ 10.0 (VS2010)

time: Fri Oct 12 02:42:56 2018
elapsed time: 9 seconds (0d 0h 0m 9s)

