#
# There is insufficient memory for the Java Runtime Environment to continue.
# Native memory allocation (malloc) failed to allocate 2007856 bytes for Chunk::new
# Possible reasons:
#   The system is out of physical RAM or swap space
#   In 32 bit mode, the process size limit was hit
# Possible solutions:
#   Reduce memory load on the system
#   Increase physical memory or swap space
#   Check if swap backing store is full
#   Use 64 bit Java on a 64 bit OS
#   Decrease Java heap size (-Xmx/-Xms)
#   Decrease number of Java threads
#   Decrease Java thread stack sizes (-Xss)
#   Set larger code cache with -XX:ReservedCodeCacheSize=
# This output file may be truncated or incomplete.
#
#  Out of Memory Error (allocation.cpp:390), pid=11308, tid=0x00000000000024b8
#
# JRE version: OpenJDK Runtime Environment (8.0_152-b02) (build 1.8.0_152-release-1024-b02)
# Java VM: OpenJDK 64-Bit Server VM (25.152-b02 mixed mode windows-amd64 compressed oops)
# Failed to write core dump. Minidumps are not enabled by default on client versions of Windows
#

---------------  T H R E A D  ---------------

Current thread (0x0000000018590800):  JavaThread "C2 CompilerThread1" daemon [_thread_in_native, id=9400, stack(0x0000000018e50000,0x0000000018f50000)]

Stack: [0x0000000018e50000,0x0000000018f50000]
[error occurred during error reporting (printing stack bounds), id 0xc0000005]

Native frames: (J=compiled Java code, j=interpreted, Vv=VM code, C=native code)


Current CompileTask:
C2:  14370 1795       4       java.net.URLClassLoader$1::run (5 bytes)


---------------  P R O C E S S  ---------------

Java Threads: ( => current thread )
  0x000000001c1a8800 JavaThread "Cache worker for file hash cache (C:\Users\Lenovo-PC\Documents\SCU\Mobile App Dev\Assignment2\.gradle\4.4\fileHashes)" [_thread_blocked, id=14408, stack(0x000000001d070000,0x000000001d170000)]
  0x00000000195f3000 JavaThread "File lock request listener" [_thread_in_native, id=12904, stack(0x000000001bfa0000,0x000000001c0a0000)]
  0x000000001a648000 JavaThread "Cache worker for file hash cache (C:\Users\Lenovo-PC\.gradle\caches\4.4\fileHashes)" [_thread_blocked, id=12836, stack(0x000000001bea0000,0x000000001bfa0000)]
  0x000000001983c800 JavaThread "Stdin handler" [_thread_blocked, id=6792, stack(0x000000001bba0000,0x000000001bca0000)]
  0x0000000019829800 JavaThread "Asynchronous log dispatcher for DefaultDaemonConnection: socket connection from /127.0.0.1:58946 to /127.0.0.1:58947" [_thread_blocked, id=6132, stack(0x000000001b9a0000,0x000000001baa0000)]
  0x0000000019c5d800 JavaThread "Daemon worker" [_thread_in_native, id=9796, stack(0x000000001b8a0000,0x000000001b9a0000)]
  0x0000000019c61800 JavaThread "Cancel handler" [_thread_blocked, id=6452, stack(0x000000001b7a0000,0x000000001b8a0000)]
  0x0000000019999800 JavaThread "Handler for socket connection from /127.0.0.1:58946 to /127.0.0.1:58947" [_thread_in_native, id=15228, stack(0x000000001b4a0000,0x000000001b5a0000)]
  0x00000000186fc000 JavaThread "Daemon" [_thread_blocked, id=12360, stack(0x000000001b3a0000,0x000000001b4a0000)]
  0x0000000018820000 JavaThread "Daemon periodic checks" [_thread_blocked, id=14540, stack(0x000000001b2a0000,0x000000001b3a0000)]
  0x000000001a3ec800 JavaThread "Incoming local TCP Connector on port 58946" [_thread_in_native, id=14588, stack(0x000000001b060000,0x000000001b160000)]
  0x0000000018623000 JavaThread "Service Thread" daemon [_thread_blocked, id=6468, stack(0x0000000019150000,0x0000000019250000)]
  0x00000000185a0800 JavaThread "C1 CompilerThread3" daemon [_thread_blocked, id=14300, stack(0x0000000019050000,0x0000000019150000)]
  0x0000000018593000 JavaThread "C2 CompilerThread2" daemon [_thread_in_native, id=5904, stack(0x0000000018f50000,0x0000000019050000)]
=>0x0000000018590800 JavaThread "C2 CompilerThread1" daemon [_thread_in_native, id=9400, stack(0x0000000018e50000,0x0000000018f50000)]
  0x000000001858d800 JavaThread "C2 CompilerThread0" daemon [_thread_blocked, id=10464, stack(0x0000000018d50000,0x0000000018e50000)]
  0x0000000018588000 JavaThread "Attach Listener" daemon [_thread_blocked, id=12916, stack(0x0000000018c50000,0x0000000018d50000)]
  0x0000000018585000 JavaThread "Signal Dispatcher" daemon [_thread_blocked, id=13352, stack(0x0000000018b50000,0x0000000018c50000)]
  0x0000000018581800 JavaThread "Finalizer" daemon [_thread_blocked, id=13548, stack(0x0000000018960000,0x0000000018a60000)]
  0x000000001668b000 JavaThread "Reference Handler" daemon [_thread_blocked, id=5712, stack(0x0000000018460000,0x0000000018560000)]
  0x0000000002492800 JavaThread "main" [_thread_blocked, id=10104, stack(0x00000000027d0000,0x00000000028d0000)]

Other Threads:
  0x0000000016685000 VMThread [stack: 0x0000000018360000,0x0000000018460000] [id=8788]
  0x0000000018623800 WatcherThread [stack: 0x0000000019250000,0x0000000019350000] [id=7804]

VM state:not at safepoint (normal execution)

VM Mutex/Monitor currently owned by a thread: None

Heap:
 PSYoungGen      total 33280K, used 12470K [0x00000000e0000000, 0x00000000e4800000, 0x0000000100000000)
  eden space 28160K, 29% used [0x00000000e0000000,0x00000000e0824690,0x00000000e1b80000)
  from space 5120K, 80% used [0x00000000e2580000,0x00000000e2989470,0x00000000e2a80000)
  to   space 10240K, 0% used [0x00000000e1b80000,0x00000000e1b80000,0x00000000e2580000)
 ParOldGen       total 58368K, used 7930K [0x00000000a0000000, 0x00000000a3900000, 0x00000000e0000000)
  object space 58368K, 13% used [0x00000000a0000000,0x00000000a07bebf8,0x00000000a3900000)
 Metaspace       used 24849K, capacity 25302K, committed 25472K, reserved 1071104K
  class space    used 3445K, capacity 3592K, committed 3712K, reserved 1048576K

Card table byte_map: [0x0000000011c90000,0x0000000011fa0000] byte_map_base: 0x0000000011790000

Marking Bits: (ParMarkBitMap*) 0x000000005fdc4970
 Begin Bits: [0x00000000129a0000, 0x00000000141a0000)
 End Bits:   [0x00000000141a0000, 0x00000000159a0000)

Polling page: 0x0000000000cb0000

CodeCache: size=245760Kb used=7770Kb max_used=7770Kb free=237989Kb
 bounds [0x00000000028d0000, 0x0000000003070000, 0x00000000118d0000]
 total_blobs=2627 nmethods=1993 adapters=547
 compilation: enabled

Compilation events (10 events):
Event: 14.347 Thread 0x00000000185a0800 2018       3       java.io.ObjectOutputStream$HandleTable::lookup (56 bytes)
Event: 14.348 Thread 0x00000000185a0800 nmethod 2018 0x00000000030680d0 code [0x0000000003068260, 0x0000000003068628]
Event: 14.349 Thread 0x00000000185a0800 2017       3       java.io.ObjectOutputStream$BlockDataOutputStream::setBlockDataMode (35 bytes)
Event: 14.350 Thread 0x00000000185a0800 nmethod 2017 0x0000000003067c50 code [0x0000000003067dc0, 0x0000000003068028]
Event: 14.352 Thread 0x00000000185a0800 2019       3       org.gradle.internal.service.DefaultServiceRegistry$SingletonService::prepare (19 bytes)
Event: 14.353 Thread 0x00000000185a0800 nmethod 2019 0x00000000030677d0 code [0x0000000003067940, 0x0000000003067ba8]
Event: 14.353 Thread 0x00000000185a0800 2020       3       org.gradle.internal.service.DefaultServiceRegistry$ParentServices::hasService (11 bytes)
Event: 14.353 Thread 0x00000000185a0800 nmethod 2020 0x000000000306a990 code [0x000000000306ab20, 0x000000000306ae98]
Event: 14.357 Thread 0x00000000185a0800 2021       3       java.util.concurrent.ConcurrentHashMap::resizeStamp (13 bytes)
Event: 14.358 Thread 0x00000000185a0800 nmethod 2021 0x0000000003067410 code [0x0000000003067580, 0x0000000003067708]

GC Heap History (10 events):
Event: 9.451 GC heap before
{Heap before GC invocations=3 (full 0):
 PSYoungGen      total 38400K, used 38383K [0x00000000e0000000, 0x00000000e2a80000, 0x0000000100000000)
  eden space 33280K, 100% used [0x00000000e0000000,0x00000000e2080000,0x00000000e2080000)
  from space 5120K, 99% used [0x00000000e2580000,0x00000000e2a7bf20,0x00000000e2a80000)
  to   space 5120K, 0% used [0x00000000e2080000,0x00000000e2080000,0x00000000e2580000)
 ParOldGen       total 87552K, used 521K [0x00000000a0000000, 0x00000000a5580000, 0x00000000e0000000)
  object space 87552K, 0% used [0x00000000a0000000,0x00000000a00826a8,0x00000000a5580000)
 Metaspace       used 14407K, capacity 14790K, committed 14976K, reserved 1062912K
  class space    used 2015K, capacity 2155K, committed 2176K, reserved 1048576K
Event: 9.469 GC heap after
Heap after GC invocations=3 (full 0):
 PSYoungGen      total 38400K, used 5101K [0x00000000e0000000, 0x00000000e2a80000, 0x0000000100000000)
  eden space 33280K, 0% used [0x00000000e0000000,0x00000000e0000000,0x00000000e2080000)
  from space 5120K, 99% used [0x00000000e2080000,0x00000000e257b4f8,0x00000000e2580000)
  to   space 5120K, 0% used [0x00000000e2580000,0x00000000e2580000,0x00000000e2a80000)
 ParOldGen       total 87552K, used 2591K [0x00000000a0000000, 0x00000000a5580000, 0x00000000e0000000)
  object space 87552K, 2% used [0x00000000a0000000,0x00000000a0287cf0,0x00000000a5580000)
 Metaspace       used 14407K, capacity 14790K, committed 14976K, reserved 1062912K
  class space    used 2015K, capacity 2155K, committed 2176K, reserved 1048576K
}
Event: 11.165 GC heap before
{Heap before GC invocations=4 (full 0):
 PSYoungGen      total 38400K, used 38381K [0x00000000e0000000, 0x00000000e2a80000, 0x0000000100000000)
  eden space 33280K, 100% used [0x00000000e0000000,0x00000000e2080000,0x00000000e2080000)
  from space 5120K, 99% used [0x00000000e2080000,0x00000000e257b4f8,0x00000000e2580000)
  to   space 5120K, 0% used [0x00000000e2580000,0x00000000e2580000,0x00000000e2a80000)
 ParOldGen       total 87552K, used 2591K [0x00000000a0000000, 0x00000000a5580000, 0x00000000e0000000)
  object space 87552K, 2% used [0x00000000a0000000,0x00000000a0287cf0,0x00000000a5580000)
 Metaspace       used 17705K, capacity 18080K, committed 18304K, reserved 1064960K
  class space    used 2545K, capacity 2686K, committed 2688K, reserved 1048576K
Event: 11.195 GC heap after
Heap after GC invocations=4 (full 0):
 PSYoungGen      total 38400K, used 5088K [0x00000000e0000000, 0x00000000e2a80000, 0x0000000100000000)
  eden space 33280K, 0% used [0x00000000e0000000,0x00000000e0000000,0x00000000e2080000)
  from space 5120K, 99% used [0x00000000e2580000,0x00000000e2a78020,0x00000000e2a80000)
  to   space 5120K, 0% used [0x00000000e2080000,0x00000000e2080000,0x00000000e2580000)
 ParOldGen       total 87552K, used 5943K [0x00000000a0000000, 0x00000000a5580000, 0x00000000e0000000)
  object space 87552K, 6% used [0x00000000a0000000,0x00000000a05cdf50,0x00000000a5580000)
 Metaspace       used 17705K, capacity 18080K, committed 18304K, reserved 1064960K
  class space    used 2545K, capacity 2686K, committed 2688K, reserved 1048576K
}
Event: 12.539 GC heap before
{Heap before GC invocations=5 (full 0):
 PSYoungGen      total 38400K, used 18162K [0x00000000e0000000, 0x00000000e2a80000, 0x0000000100000000)
  eden space 33280K, 39% used [0x00000000e0000000,0x00000000e0cc48c8,0x00000000e2080000)
  from space 5120K, 99% used [0x00000000e2580000,0x00000000e2a78020,0x00000000e2a80000)
  to   space 5120K, 0% used [0x00000000e2080000,0x00000000e2080000,0x00000000e2580000)
 ParOldGen       total 87552K, used 5943K [0x00000000a0000000, 0x00000000a5580000, 0x00000000e0000000)
  object space 87552K, 6% used [0x00000000a0000000,0x00000000a05cdf50,0x00000000a5580000)
 Metaspace       used 20796K, capacity 21184K, committed 21248K, reserved 1067008K
  class space    used 2903K, capacity 3038K, committed 3072K, reserved 1048576K
Event: 12.557 GC heap after
Heap after GC invocations=5 (full 0):
 PSYoungGen      total 38400K, used 5094K [0x00000000e0000000, 0x00000000e2a80000, 0x0000000100000000)
  eden space 33280K, 0% used [0x00000000e0000000,0x00000000e0000000,0x00000000e2080000)
  from space 5120K, 99% used [0x00000000e2080000,0x00000000e2579a38,0x00000000e2580000)
  to   space 5120K, 0% used [0x00000000e2580000,0x00000000e2580000,0x00000000e2a80000)
 ParOldGen       total 87552K, used 8409K [0x00000000a0000000, 0x00000000a5580000, 0x00000000e0000000)
  object space 87552K, 9% used [0x00000000a0000000,0x00000000a08367c0,0x00000000a5580000)
 Metaspace       used 20796K, capacity 21184K, committed 21248K, reserved 1067008K
  class space    used 2903K, capacity 3038K, committed 3072K, reserved 1048576K
}
Event: 12.558 GC heap before
{Heap before GC invocations=6 (full 1):
 PSYoungGen      total 38400K, used 5094K [0x00000000e0000000, 0x00000000e2a80000, 0x0000000100000000)
  eden space 33280K, 0% used [0x00000000e0000000,0x00000000e0000000,0x00000000e2080000)
  from space 5120K, 99% used [0x00000000e2080000,0x00000000e2579a38,0x00000000e2580000)
  to   space 5120K, 0% used [0x00000000e2580000,0x00000000e2580000,0x00000000e2a80000)
 ParOldGen       total 87552K, used 8409K [0x00000000a0000000, 0x00000000a5580000, 0x00000000e0000000)
  object space 87552K, 9% used [0x00000000a0000000,0x00000000a08367c0,0x00000000a5580000)
 Metaspace       used 20796K, capacity 21184K, committed 21248K, reserved 1067008K
  class space    used 2903K, capacity 3038K, committed 3072K, reserved 1048576K
Event: 12.643 GC heap after
Heap after GC invocations=6 (full 1):
 PSYoungGen      total 38400K, used 0K [0x00000000e0000000, 0x00000000e2a80000, 0x0000000100000000)
  eden space 33280K, 0% used [0x00000000e0000000,0x00000000e0000000,0x00000000e2080000)
  from space 5120K, 0% used [0x00000000e2080000,0x00000000e2080000,0x00000000e2580000)
  to   space 5120K, 0% used [0x00000000e2580000,0x00000000e2580000,0x00000000e2a80000)
 ParOldGen       total 58368K, used 7922K [0x00000000a0000000, 0x00000000a3900000, 0x00000000e0000000)
  object space 58368K, 13% used [0x00000000a0000000,0x00000000a07bcbf8,0x00000000a3900000)
 Metaspace       used 20796K, capacity 21184K, committed 21248K, reserved 1067008K
  class space    used 2903K, capacity 3038K, committed 3072K, reserved 1048576K
}
Event: 14.077 GC heap before
{Heap before GC invocations=7 (full 1):
 PSYoungGen      total 38400K, used 33280K [0x00000000e0000000, 0x00000000e2a80000, 0x0000000100000000)
  eden space 33280K, 100% used [0x00000000e0000000,0x00000000e2080000,0x00000000e2080000)
  from space 5120K, 0% used [0x00000000e2080000,0x00000000e2080000,0x00000000e2580000)
  to   space 5120K, 0% used [0x00000000e2580000,0x00000000e2580000,0x00000000e2a80000)
 ParOldGen       total 58368K, used 7922K [0x00000000a0000000, 0x00000000a3900000, 0x00000000e0000000)
  object space 58368K, 13% used [0x00000000a0000000,0x00000000a07bcbf8,0x00000000a3900000)
 Metaspace       used 24149K, capacity 24624K, committed 24832K, reserved 1071104K
  class space    used 3327K, capacity 3495K, committed 3584K, reserved 1048576K
Event: 14.087 GC heap after
Heap after GC invocations=7 (full 1):
 PSYoungGen      total 33280K, used 4133K [0x00000000e0000000, 0x00000000e4800000, 0x0000000100000000)
  eden space 28160K, 0% used [0x00000000e0000000,0x00000000e0000000,0x00000000e1b80000)
  from space 5120K, 80% used [0x00000000e2580000,0x00000000e2989470,0x00000000e2a80000)
  to   space 10240K, 0% used [0x00000000e1b80000,0x00000000e1b80000,0x00000000e2580000)
 ParOldGen       total 58368K, used 7930K [0x00000000a0000000, 0x00000000a3900000, 0x00000000e0000000)
  object space 58368K, 13% used [0x00000000a0000000,0x00000000a07bebf8,0x00000000a3900000)
 Metaspace       used 24149K, capacity 24624K, committed 24832K, reserved 1071104K
  class space    used 3327K, capacity 3495K, committed 3584K, reserved 1048576K
}

Deoptimization events (10 events):
Event: 13.667 Thread 0x0000000019c5d800 Uncommon trap: reason=unstable_if action=reinterpret pc=0x0000000002bd4ae8 method=java.util.HashMap.hash(Ljava/lang/Object;)I @ 1
Event: 13.870 Thread 0x0000000019c5d800 Uncommon trap: reason=unstable_if action=reinterpret pc=0x0000000002cc197c method=java.util.HashMap.getNode(ILjava/lang/Object;)Ljava/util/HashMap$Node; @ 53
Event: 13.870 Thread 0x0000000019c5d800 Uncommon trap: reason=unstable_if action=reinterpret pc=0x0000000002b379f0 method=java.util.HashMap.hash(Ljava/lang/Object;)I @ 1
Event: 13.870 Thread 0x0000000019c5d800 Uncommon trap: reason=unstable_if action=reinterpret pc=0x0000000002d19480 method=java.util.HashMap.putVal(ILjava/lang/Object;Ljava/lang/Object;ZZ)Ljava/lang/Object; @ 85
Event: 14.006 Thread 0x0000000019c5d800 Uncommon trap: reason=class_check action=maybe_recompile pc=0x0000000002e745c0 method=java.lang.reflect.Method.equals(Ljava/lang/Object;)Z @ 5
Event: 14.014 Thread 0x0000000019c5d800 Uncommon trap: reason=class_check action=maybe_recompile pc=0x0000000002e745c0 method=java.lang.reflect.Method.equals(Ljava/lang/Object;)Z @ 5
Event: 14.088 Thread 0x000000001668b000 Uncommon trap: reason=unstable_if action=reinterpret pc=0x0000000002e08bb8 method=java.lang.ref.Reference.tryHandlePending(Z)Z @ 104
Event: 14.217 Thread 0x0000000019c5d800 Uncommon trap: reason=unstable_if action=reinterpret pc=0x0000000002b6da30 method=java.util.LinkedHashMap.afterNodeInsertion(Z)V @ 1
Event: 14.270 Thread 0x0000000019c5d800 Uncommon trap: reason=class_check action=maybe_recompile pc=0x0000000002e745c0 method=java.lang.reflect.Method.equals(Ljava/lang/Object;)Z @ 5
Event: 14.270 Thread 0x0000000019c5d800 Uncommon trap: reason=class_check action=maybe_recompile pc=0x0000000002e745c0 method=java.lang.reflect.Method.equals(Ljava/lang/Object;)Z @ 5

Classes redefined (0 events):
No events

Internal exceptions (10 events):
Event: 13.407 Thread 0x0000000019c5d800 Exception <a 'java/lang/ClassNotFoundException': org/gradle/api/internal/project/AbstractPluginAwareCustomizer> (0x00000000e0da5b78) thrown at [D:\src\AOSP-openjdk-cygwin\jdk8u\hotspot\src\share\vm\classfile\systemDictionary.cpp, line 210]
Event: 13.411 Thread 0x0000000019c5d800 Exception <a 'java/lang/ClassNotFoundException': org/gradle/initialization/DefaultSettingsCustomizer> (0x00000000e0dd1928) thrown at [D:\src\AOSP-openjdk-cygwin\jdk8u\hotspot\src\share\vm\classfile\systemDictionary.cpp, line 210]
Event: 13.422 Thread 0x0000000019c5d800 Exception <a 'java/lang/ClassNotFoundException': org/gradle/initialization/DefaultSettings_DecoratedCustomizer> (0x00000000e0e2d7c8) thrown at [D:\src\AOSP-openjdk-cygwin\jdk8u\hotspot\src\share\vm\classfile\systemDictionary.cpp, line 210]
Event: 13.453 Thread 0x0000000019c5d800 Exception <a 'java/lang/NoSuchMethodError': <clinit>> (0x00000000e0ee1938) thrown at [D:\src\AOSP-openjdk-cygwin\jdk8u\hotspot\src\share\vm\prims\jni.cpp, line 1613]
Event: 13.463 Thread 0x0000000019c5d800 Exception <a 'java/lang/NoSuchMethodError': <clinit>> (0x00000000e0f07238) thrown at [D:\src\AOSP-openjdk-cygwin\jdk8u\hotspot\src\share\vm\prims\jni.cpp, line 1613]
Event: 13.463 Thread 0x0000000019c5d800 Exception <a 'java/lang/NoSuchMethodError': <clinit>> (0x00000000e0f086f0) thrown at [D:\src\AOSP-openjdk-cygwin\jdk8u\hotspot\src\share\vm\prims\jni.cpp, line 1613]
Event: 13.464 Thread 0x0000000019c5d800 Exception <a 'java/lang/NoSuchMethodError': <clinit>> (0x00000000e0f0a450) thrown at [D:\src\AOSP-openjdk-cygwin\jdk8u\hotspot\src\share\vm\prims\jni.cpp, line 1613]
Event: 13.667 Thread 0x0000000019c5d800 Implicit null exception at 0x0000000002cdaf15 to 0x0000000002cdb111
Event: 13.667 Thread 0x0000000019c5d800 Implicit null exception at 0x0000000002bd4a6f to 0x0000000002bd4ad9
Event: 13.870 Thread 0x0000000019c5d800 Implicit null exception at 0x0000000002b37958 to 0x0000000002b379e6

Events (10 events):
Event: 14.358 loading class org/gradle/tooling/internal/protocol/InternalLaunchable
Event: 14.358 loading class org/gradle/tooling/internal/protocol/InternalLaunchable done
Event: 14.358 loading class org/gradle/tooling/internal/gradle/GradleProjectIdentity
Event: 14.358 loading class org/gradle/tooling/internal/gradle/GradleProjectIdentity done
Event: 14.358 loading class org/gradle/tooling/internal/gradle/GradleBuildIdentity
Event: 14.358 loading class org/gradle/tooling/internal/gradle/GradleBuildIdentity done
Event: 14.358 loading class org/gradle/plugins/ide/internal/tooling/model/LaunchableGradleProjectTask
Event: 14.358 loading class org/gradle/plugins/ide/internal/tooling/model/LaunchableGradleProjectTask done
Event: 14.358 loading class org/gradle/plugins/ide/internal/tooling/IdeaModelBuilder
Event: 14.358 loading class org/gradle/plugins/ide/internal/tooling/IdeaModelBuilder done


Dynamic libraries:
0x00007ff760530000 - 0x00007ff760561000 	C:\Program Files\Android\Android Studio\jre\bin\java.exe
0x00007fff95540000 - 0x00007fff95721000 	C:\WINDOWS\SYSTEM32\ntdll.dll
0x00007fff94780000 - 0x00007fff94832000 	C:\WINDOWS\System32\KERNEL32.DLL
0x00007fff91bb0000 - 0x00007fff91e23000 	C:\WINDOWS\System32\KERNELBASE.dll
0x00007fff94fe0000 - 0x00007fff95081000 	C:\WINDOWS\System32\ADVAPI32.dll
0x00007fff94f40000 - 0x00007fff94fde000 	C:\WINDOWS\System32\msvcrt.dll
0x00007fff954b0000 - 0x00007fff9550b000 	C:\WINDOWS\System32\sechost.dll
0x00007fff949c0000 - 0x00007fff94ae4000 	C:\WINDOWS\System32\RPCRT4.dll
0x00007fff94000000 - 0x00007fff94190000 	C:\WINDOWS\System32\USER32.dll
0x00007fff91aa0000 - 0x00007fff91ac0000 	C:\WINDOWS\System32\win32u.dll
0x00007fff94220000 - 0x00007fff94248000 	C:\WINDOWS\System32\GDI32.dll
0x00007fff92830000 - 0x00007fff929c2000 	C:\WINDOWS\System32\gdi32full.dll
0x00007fff91b10000 - 0x00007fff91baf000 	C:\WINDOWS\System32\msvcp_win.dll
0x00007fff92540000 - 0x00007fff9263a000 	C:\WINDOWS\System32\ucrtbase.dll
0x00007fff82810000 - 0x00007fff82a79000 	C:\WINDOWS\WinSxS\amd64_microsoft.windows.common-controls_6595b64144ccf1df_6.0.17134.285_none_fb4297e330656775\COMCTL32.dll
0x00007fff94250000 - 0x00007fff94573000 	C:\WINDOWS\System32\combase.dll
0x00007fff91910000 - 0x00007fff9198a000 	C:\WINDOWS\System32\bcryptPrimitives.dll
0x00007fff941f0000 - 0x00007fff9421d000 	C:\WINDOWS\System32\IMM32.DLL
0x00007fff85f10000 - 0x00007fff85f1a000 	C:\WINDOWS\SYSTEM32\VERSION.dll
0x0000000060a70000 - 0x0000000060aa9000 	C:\PROGRA~2\Sophos\SOPHOS~1\SOPHOS~2.DLL
0x00007fff95420000 - 0x00007fff95428000 	C:\WINDOWS\System32\PSAPI.DLL
0x00000000600d0000 - 0x00000000601a2000 	C:\Program Files\Android\Android Studio\jre\jre\bin\msvcr100.dll
0x000000005f600000 - 0x000000005fe3f000 	C:\Program Files\Android\Android Studio\jre\jre\bin\server\jvm.dll
0x00007fff88ca0000 - 0x00007fff88ca9000 	C:\WINDOWS\SYSTEM32\WSOCK32.dll
0x00007fff8f8f0000 - 0x00007fff8f913000 	C:\WINDOWS\SYSTEM32\WINMM.dll
0x00007fff929d0000 - 0x00007fff92a3c000 	C:\WINDOWS\System32\WS2_32.dll
0x00007fff8f7f0000 - 0x00007fff8f81a000 	C:\WINDOWS\SYSTEM32\WINMMBASE.dll
0x00007fff91ac0000 - 0x00007fff91b09000 	C:\WINDOWS\System32\cfgmgr32.dll
0x00007fff88e70000 - 0x00007fff88e7f000 	C:\Program Files\Android\Android Studio\jre\jre\bin\verify.dll
0x00007fff791d0000 - 0x00007fff791f9000 	C:\Program Files\Android\Android Studio\jre\jre\bin\java.dll
0x00007fff88e50000 - 0x00007fff88e66000 	C:\Program Files\Android\Android Studio\jre\jre\bin\zip.dll
0x00007fff92a40000 - 0x00007fff93e80000 	C:\WINDOWS\System32\SHELL32.dll
0x00007fff93f50000 - 0x00007fff93ff9000 	C:\WINDOWS\System32\shcore.dll
0x00007fff91e30000 - 0x00007fff9253d000 	C:\WINDOWS\System32\windows.storage.dll
0x00007fff95450000 - 0x00007fff954a1000 	C:\WINDOWS\System32\shlwapi.dll
0x00007fff918f0000 - 0x00007fff91901000 	C:\WINDOWS\System32\kernel.appcore.dll
0x00007fff918b0000 - 0x00007fff918cf000 	C:\WINDOWS\System32\profapi.dll
0x00007fff91860000 - 0x00007fff918ac000 	C:\WINDOWS\System32\powrprof.dll
0x00007fff91850000 - 0x00007fff9185a000 	C:\WINDOWS\System32\FLTLIB.DLL
0x00007fff69030000 - 0x00007fff6904a000 	C:\Program Files\Android\Android Studio\jre\jre\bin\net.dll
0x00007fff910d0000 - 0x00007fff91136000 	C:\WINDOWS\system32\mswsock.dll
0x00007fff69010000 - 0x00007fff69021000 	C:\Program Files\Android\Android Studio\jre\jre\bin\nio.dll
0x00007fff8e5b0000 - 0x00007fff8e5ce000 	C:\Users\Lenovo-PC\.gradle\native\25\windows-amd64\native-platform.dll
0x00007fff88e90000 - 0x00007fff88e9d000 	C:\Program Files\Android\Android Studio\jre\jre\bin\management.dll
0x00007fff91280000 - 0x00007fff91297000 	C:\WINDOWS\SYSTEM32\CRYPTSP.dll
0x00007fff90cb0000 - 0x00007fff90ce3000 	C:\WINDOWS\system32\rsaenh.dll
0x00007fff913b0000 - 0x00007fff913d5000 	C:\WINDOWS\SYSTEM32\bcrypt.dll
0x00007fff91780000 - 0x00007fff917a8000 	C:\WINDOWS\SYSTEM32\USERENV.dll
0x00007fff912a0000 - 0x00007fff912ab000 	C:\WINDOWS\SYSTEM32\CRYPTBASE.dll
0x00007fff90e50000 - 0x00007fff90e88000 	C:\WINDOWS\SYSTEM32\IPHLPAPI.DLL
0x00007fff95090000 - 0x00007fff95098000 	C:\WINDOWS\System32\NSI.dll
0x00007fff8d190000 - 0x00007fff8d1a6000 	C:\WINDOWS\SYSTEM32\dhcpcsvc6.DLL
0x00007fff8d170000 - 0x00007fff8d18a000 	C:\WINDOWS\SYSTEM32\dhcpcsvc.DLL

VM Arguments:
jvm_args: -Xmx1536m -Dfile.encoding=windows-1252 -Duser.country=GB -Duser.language=en -Duser.variant 
java_command: org.gradle.launcher.daemon.bootstrap.GradleDaemon 4.4
java_class_path (initial): C:\Users\Lenovo-PC\.gradle\wrapper\dists\gradle-4.4-all\9br9xq1tocpiv8o6njlyu5op1\gradle-4.4\lib\gradle-launcher-4.4.jar
Launcher Type: SUN_STANDARD

Environment Variables:
JAVA_HOME=C:\Program Files\Java\jdk1.8.0_60
PATH=C:\Program Files (x86)\Common Files\Oracle\Java\javapath;C:\ProgramData\Oracle\Java\javapath;C:\Program Files (x86)\Intel\iCLS Client\;C:\Program Files\Intel\iCLS Client\;C:\WINDOWS\system32;C:\WINDOWS;C:\WINDOWS\System32\Wbem;C:\WINDOWS\System32\WindowsPowerShell\v1.0\;C:\Program Files\Intel\Intel(R) Management Engine Components\DAL;C:\Program Files\Intel\Intel(R) Management Engine Components\IPT;C:\Program Files (x86)\Intel\Intel(R) Management Engine Components\DAL;C:\Program Files (x86)\Intel\Intel(R) Management Engine Components\IPT;C:\Program Files (x86)\Lenovo\Motion Control\;C:\Program Files\Calibre2\;C:\Program Files\MATLAB\MATLAB Production Server\R2015a\runtime\win64;C:\Program Files\MATLAB\MATLAB Production Server\R2015a\bin;C:\Program Files\MATLAB\MATLAB Production Server\R2015a\polyspace\bin;C:\Program Files (x86)\NVIDIA Corporation\PhysX\Common;C:\Program Files\Microsoft SQL Server\130\Tools\Binn\;C:\WINDOWS\system32;C:\WINDOWS;C:\WINDOWS\System32\Wbem;C:\WINDOWS\System32\WindowsPowerShell\v1.0\;C:\Program Files\Microsoft\Web Platform Installer\;C:\Program Files (x86)\Microsoft ASP.NET\ASP.NET Web Pages\v1.0\;C:\Program Files\Microsoft SQL Server\110\Tools\Binn\;C:\Python27;C:\Program Files\PuTTY\;C:\Program Files\nodejs\;C:\WINDOWS\System32\OpenSSH\;C:\Android;C:\Windows\System32;C:\Users\Lenovo-PC\Anaconda2;C:\Users\Lenovo-PC\Anaconda2\Scripts;C:\Users\Lenovo-PC\Anaconda2\Library\bin;C:\Users\Lenovo-PC\AppData\Local\Microsoft\WindowsApps;C:\Users\Lenovo-PC\AppData\Local\GitHub\PortableGit_f02737a78695063deace08e96d5042710d3e32db\cmd;C:\Users\Lenovo-PC\Anaconda2\pkgs\graphviz-2.38.0-4\Library\bin\graphviz;C:\Program Files (x86)\Nmap;C:\Users\Lenovo-PC\AppData\Roaming\npm;
USERNAME=Lenovo-PC
OS=Windows_NT
PROCESSOR_IDENTIFIER=Intel64 Family 6 Model 60 Stepping 3, GenuineIntel



---------------  S Y S T E M  ---------------

OS: Windows 10.0 , 64 bit Build 17134 (10.0.17134.1)

CPU:total 8 (initial active 8) (4 cores per cpu, 2 threads per core) family 6 model 60 stepping 3, cmov, cx8, fxsr, mmx, sse, sse2, sse3, ssse3, sse4.1, sse4.2, popcnt, avx, avx2, aes, clmul, erms, lzcnt, ht, tsc, tscinvbit, bmi1, bmi2

Memory: 4k page, physical 8298776k(951036k free), swap 12394776k(5960k free)

vm_info: OpenJDK 64-Bit Server VM (25.152-b02) for windows-amd64 JRE (1.8.0_152-release-1024-b02), built by "builder" with MS VC++ 10.0 (VS2010)

time: Fri Oct 12 02:41:53 2018
elapsed time: 14 seconds (0d 0h 0m 14s)

