#
# There is insufficient memory for the Java Runtime Environment to continue.
# Native memory allocation (malloc) failed to allocate 32744 bytes for ChunkPool::allocate
# Possible reasons:
#   The system is out of physical RAM or swap space
#   In 32 bit mode, the process size limit was hit
# Possible solutions:
#   Reduce memory load on the system
#   Increase physical memory or swap space
#   Check if swap backing store is full
#   Use 64 bit Java on a 64 bit OS
#   Decrease Java heap size (-Xmx/-Xms)
#   Decrease number of Java threads
#   Decrease Java thread stack sizes (-Xss)
#   Set larger code cache with -XX:ReservedCodeCacheSize=
# This output file may be truncated or incomplete.
#
#  Out of Memory Error (allocation.cpp:273), pid=14460, tid=0x00000000000023d8
#
# JRE version: OpenJDK Runtime Environment (8.0_152-b02) (build 1.8.0_152-release-1024-b02)
# Java VM: OpenJDK 64-Bit Server VM (25.152-b02 mixed mode windows-amd64 compressed oops)
# Failed to write core dump. Minidumps are not enabled by default on client versions of Windows
#

---------------  T H R E A D  ---------------

Current thread (0x0000000018391000):  JavaThread "C2 CompilerThread1" daemon [_thread_in_native, id=9176, stack(0x0000000018c50000,0x0000000018d50000)]

Stack: [0x0000000018c50000,0x0000000018d50000]
[error occurred during error reporting (printing stack bounds), id 0xc0000005]

Native frames: (J=compiled Java code, j=interpreted, Vv=VM code, C=native code)


Current CompileTask:
C2:   7916 1343       4       java.net.URLClassLoader$1::run (5 bytes)


---------------  P R O C E S S  ---------------

Java Threads: ( => current thread )
  0x000000001c3a6000 JavaThread "Cache worker for file hash cache (C:\Users\Lenovo-PC\Documents\SCU\Mobile App Dev\Assignment2\.gradle\4.4\fileHashes)" [_thread_blocked, id=3052, stack(0x000000001ce70000,0x000000001cf70000)]
  0x000000001946e000 JavaThread "File lock request listener" [_thread_in_native, id=7952, stack(0x000000001bda0000,0x000000001bea0000)]
  0x0000000019597800 JavaThread "Cache worker for file hash cache (C:\Users\Lenovo-PC\.gradle\caches\4.4\fileHashes)" [_thread_blocked, id=6944, stack(0x000000001bca0000,0x000000001bda0000)]
  0x00000000184e7800 JavaThread "Stdin handler" [_thread_blocked, id=12064, stack(0x000000001b9a0000,0x000000001baa0000)]
  0x00000000184e4800 JavaThread "Asynchronous log dispatcher for DefaultDaemonConnection: socket connection from /127.0.0.1:59206 to /127.0.0.1:59207" [_thread_blocked, id=2608, stack(0x000000001b7a0000,0x000000001b8a0000)]
  0x00000000198ec800 JavaThread "Daemon worker" [_thread_in_native, id=12916, stack(0x000000001b6a0000,0x000000001b7a0000)]
  0x00000000198e9000 JavaThread "Cancel handler" [_thread_blocked, id=13548, stack(0x000000001b5a0000,0x000000001b6a0000)]
  0x00000000196c3800 JavaThread "Handler for socket connection from /127.0.0.1:59206 to /127.0.0.1:59207" [_thread_in_native, id=8308, stack(0x000000001b2a0000,0x000000001b3a0000)]
  0x00000000195b6000 JavaThread "Daemon" [_thread_blocked, id=5728, stack(0x000000001b1a0000,0x000000001b2a0000)]
  0x00000000184f5800 JavaThread "Daemon periodic checks" [_thread_blocked, id=14860, stack(0x000000001b0a0000,0x000000001b1a0000)]
  0x00000000183de000 JavaThread "Incoming local TCP Connector on port 59206" [_thread_in_native, id=14592, stack(0x000000001ae60000,0x000000001af60000)]
  0x00000000183e8000 JavaThread "Service Thread" daemon [_thread_blocked, id=5768, stack(0x0000000018f50000,0x0000000019050000)]
  0x00000000183a4000 JavaThread "C1 CompilerThread3" daemon [_thread_blocked, id=8496, stack(0x0000000018e50000,0x0000000018f50000)]
  0x0000000018393800 JavaThread "C2 CompilerThread2" daemon [_thread_in_native, id=9020, stack(0x0000000018d50000,0x0000000018e50000)]
=>0x0000000018391000 JavaThread "C2 CompilerThread1" daemon [_thread_in_native, id=9176, stack(0x0000000018c50000,0x0000000018d50000)]
  0x000000001838a000 JavaThread "C2 CompilerThread0" daemon [_thread_in_native, id=2936, stack(0x0000000018b50000,0x0000000018c50000)]
  0x0000000018389000 JavaThread "Attach Listener" daemon [_thread_blocked, id=4536, stack(0x0000000018a50000,0x0000000018b50000)]
  0x0000000018386000 JavaThread "Signal Dispatcher" daemon [_thread_blocked, id=8704, stack(0x0000000018950000,0x0000000018a50000)]
  0x0000000018380800 JavaThread "Finalizer" daemon [_thread_blocked, id=6528, stack(0x0000000018760000,0x0000000018860000)]
  0x000000001647b000 JavaThread "Reference Handler" daemon [_thread_blocked, id=2860, stack(0x0000000018260000,0x0000000018360000)]
  0x0000000002232800 JavaThread "main" [_thread_blocked, id=12664, stack(0x00000000025c0000,0x00000000026c0000)]

Other Threads:
  0x0000000016475800 VMThread [stack: 0x0000000018160000,0x0000000018260000] [id=14960]
  0x00000000183e8800 WatcherThread [stack: 0x0000000019050000,0x0000000019150000] [id=10788]

VM state:not at safepoint (normal execution)

VM Mutex/Monitor currently owned by a thread: None

Heap:
 PSYoungGen      total 38400K, used 27720K [0x00000000e0000000, 0x00000000e4b00000, 0x0000000100000000)
  eden space 33280K, 67% used [0x00000000e0000000,0x00000000e1616180,0x00000000e2080000)
  from space 5120K, 99% used [0x00000000e2080000,0x00000000e257c1f8,0x00000000e2580000)
  to   space 5120K, 0% used [0x00000000e4600000,0x00000000e4600000,0x00000000e4b00000)
 ParOldGen       total 87552K, used 2519K [0x00000000a0000000, 0x00000000a5580000, 0x00000000e0000000)
  object space 87552K, 2% used [0x00000000a0000000,0x00000000a0275ed0,0x00000000a5580000)
 Metaspace       used 16568K, capacity 16870K, committed 17152K, reserved 1064960K
  class space    used 2368K, capacity 2507K, committed 2560K, reserved 1048576K

Card table byte_map: [0x0000000011a80000,0x0000000011d90000] byte_map_base: 0x0000000011580000

Marking Bits: (ParMarkBitMap*) 0x000000005fdc4970
 Begin Bits: [0x0000000012790000, 0x0000000013f90000)
 End Bits:   [0x0000000013f90000, 0x0000000015790000)

Polling page: 0x0000000000610000

CodeCache: size=245760Kb used=4988Kb max_used=4988Kb free=240771Kb
 bounds [0x00000000026c0000, 0x0000000002bb0000, 0x00000000116c0000]
 total_blobs=1876 nmethods=1503 adapters=286
 compilation: enabled

Compilation events (10 events):
Event: 7.816 Thread 0x00000000183a4000 nmethod 1501 0x0000000002b9d090 code [0x0000000002b9d260, 0x0000000002b9d9a8]
Event: 7.823 Thread 0x00000000183a4000 1502       3       sun.reflect.Reflection::filter (220 bytes)
Event: 7.828 Thread 0x00000000183a4000 nmethod 1502 0x0000000002b9de90 code [0x0000000002b9e0a0, 0x0000000002b9ec88]
Event: 7.856 Thread 0x00000000183a4000 1503       3       sun.misc.ProxyGenerator$ConstantPool::getFieldRef (33 bytes)
Event: 7.859 Thread 0x00000000183a4000 nmethod 1503 0x0000000002b9f310 code [0x0000000002b9f5a0, 0x0000000002ba0348]
Event: 7.859 Thread 0x00000000183a4000 1504       1       java.lang.reflect.Constructor::getConstructorAccessor (5 bytes)
Event: 7.859 Thread 0x00000000183a4000 nmethod 1504 0x0000000002ba0e50 code [0x0000000002ba0fa0, 0x0000000002ba10b0]
Event: 7.862 Thread 0x00000000183a4000 1505       3       java.util.LinkedHashMap$LinkedValueIterator::next (8 bytes)
Event: 7.862 Thread 0x00000000183a4000 nmethod 1505 0x0000000002ba1110 code [0x0000000002ba1280, 0x0000000002ba1488]
Event: 7.905 Thread 0x00000000183a4000 1506       3       java.lang.Package::<init> (56 bytes)

GC Heap History (6 events):
Event: 2.338 GC heap before
{Heap before GC invocations=1 (full 0):
 PSYoungGen      total 38400K, used 33280K [0x00000000e0000000, 0x00000000e2a80000, 0x0000000100000000)
  eden space 33280K, 100% used [0x00000000e0000000,0x00000000e2080000,0x00000000e2080000)
  from space 5120K, 0% used [0x00000000e2580000,0x00000000e2580000,0x00000000e2a80000)
  to   space 5120K, 0% used [0x00000000e2080000,0x00000000e2080000,0x00000000e2580000)
 ParOldGen       total 87552K, used 0K [0x00000000a0000000, 0x00000000a5580000, 0x00000000e0000000)
  object space 87552K, 0% used [0x00000000a0000000,0x00000000a0000000,0x00000000a5580000)
 Metaspace       used 6873K, capacity 7038K, committed 7168K, reserved 1056768K
  class space    used 842K, capacity 907K, committed 1024K, reserved 1048576K
Event: 2.353 GC heap after
Heap after GC invocations=1 (full 0):
 PSYoungGen      total 38400K, used 4205K [0x00000000e0000000, 0x00000000e2a80000, 0x0000000100000000)
  eden space 33280K, 0% used [0x00000000e0000000,0x00000000e0000000,0x00000000e2080000)
  from space 5120K, 82% used [0x00000000e2080000,0x00000000e249b7d0,0x00000000e2580000)
  to   space 5120K, 0% used [0x00000000e2580000,0x00000000e2580000,0x00000000e2a80000)
 ParOldGen       total 87552K, used 8K [0x00000000a0000000, 0x00000000a5580000, 0x00000000e0000000)
  object space 87552K, 0% used [0x00000000a0000000,0x00000000a0002000,0x00000000a5580000)
 Metaspace       used 6873K, capacity 7038K, committed 7168K, reserved 1056768K
  class space    used 842K, capacity 907K, committed 1024K, reserved 1048576K
}
Event: 6.175 GC heap before
{Heap before GC invocations=2 (full 0):
 PSYoungGen      total 38400K, used 37485K [0x00000000e0000000, 0x00000000e2a80000, 0x0000000100000000)
  eden space 33280K, 100% used [0x00000000e0000000,0x00000000e2080000,0x00000000e2080000)
  from space 5120K, 82% used [0x00000000e2080000,0x00000000e249b7d0,0x00000000e2580000)
  to   space 5120K, 0% used [0x00000000e2580000,0x00000000e2580000,0x00000000e2a80000)
 ParOldGen       total 87552K, used 8K [0x00000000a0000000, 0x00000000a5580000, 0x00000000e0000000)
  object space 87552K, 0% used [0x00000000a0000000,0x00000000a0002000,0x00000000a5580000)
 Metaspace       used 11372K, capacity 11698K, committed 11904K, reserved 1058816K
  class space    used 1511K, capacity 1627K, committed 1664K, reserved 1048576K
Event: 6.194 GC heap after
Heap after GC invocations=2 (full 0):
 PSYoungGen      total 38400K, used 5103K [0x00000000e0000000, 0x00000000e2a80000, 0x0000000100000000)
  eden space 33280K, 0% used [0x00000000e0000000,0x00000000e0000000,0x00000000e2080000)
  from space 5120K, 99% used [0x00000000e2580000,0x00000000e2a7bd28,0x00000000e2a80000)
  to   space 5120K, 0% used [0x00000000e2080000,0x00000000e2080000,0x00000000e2580000)
 ParOldGen       total 87552K, used 499K [0x00000000a0000000, 0x00000000a5580000, 0x00000000e0000000)
  object space 87552K, 0% used [0x00000000a0000000,0x00000000a007cee0,0x00000000a5580000)
 Metaspace       used 11372K, capacity 11698K, committed 11904K, reserved 1058816K
  class space    used 1511K, capacity 1627K, committed 1664K, reserved 1048576K
}
Event: 7.005 GC heap before
{Heap before GC invocations=3 (full 0):
 PSYoungGen      total 38400K, used 38383K [0x00000000e0000000, 0x00000000e2a80000, 0x0000000100000000)
  eden space 33280K, 100% used [0x00000000e0000000,0x00000000e2080000,0x00000000e2080000)
  from space 5120K, 99% used [0x00000000e2580000,0x00000000e2a7bd28,0x00000000e2a80000)
  to   space 5120K, 0% used [0x00000000e2080000,0x00000000e2080000,0x00000000e2580000)
 ParOldGen       total 87552K, used 499K [0x00000000a0000000, 0x00000000a5580000, 0x00000000e0000000)
  object space 87552K, 0% used [0x00000000a0000000,0x00000000a007cee0,0x00000000a5580000)
 Metaspace       used 14393K, capacity 14694K, committed 14976K, reserved 1062912K
  class space    used 2015K, capacity 2123K, committed 2176K, reserved 1048576K
Event: 7.025 GC heap after
Heap after GC invocations=3 (full 0):
 PSYoungGen      total 38400K, used 5104K [0x00000000e0000000, 0x00000000e4b00000, 0x0000000100000000)
  eden space 33280K, 0% used [0x00000000e0000000,0x00000000e0000000,0x00000000e2080000)
  from space 5120K, 99% used [0x00000000e2080000,0x00000000e257c1f8,0x00000000e2580000)
  to   space 5120K, 0% used [0x00000000e4600000,0x00000000e4600000,0x00000000e4b00000)
 ParOldGen       total 87552K, used 2519K [0x00000000a0000000, 0x00000000a5580000, 0x00000000e0000000)
  object space 87552K, 2% used [0x00000000a0000000,0x00000000a0275ed0,0x00000000a5580000)
 Metaspace       used 14393K, capacity 14694K, committed 14976K, reserved 1062912K
  class space    used 2015K, capacity 2123K, committed 2176K, reserved 1048576K
}

Deoptimization events (10 events):
Event: 6.209 Thread 0x00000000196c3800 Uncommon trap: reason=unstable_if action=reinterpret pc=0x0000000002a3d820 method=java.util.concurrent.ConcurrentHashMap.putVal(Ljava/lang/Object;Ljava/lang/Object;Z)Ljava/lang/Object; @ 206
Event: 6.313 Thread 0x00000000198ec800 Uncommon trap: reason=bimorphic action=maybe_recompile pc=0x00000000029e228c method=java.util.HashMap.putVal(ILjava/lang/Object;Ljava/lang/Object;ZZ)Ljava/lang/Object; @ 253
Event: 6.313 Thread 0x00000000198ec800 Uncommon trap: reason=bimorphic action=maybe_recompile pc=0x00000000029e228c method=java.util.HashMap.putVal(ILjava/lang/Object;Ljava/lang/Object;ZZ)Ljava/lang/Object; @ 253
Event: 6.339 Thread 0x00000000198ec800 Uncommon trap: reason=class_check action=maybe_recompile pc=0x0000000002960198 method=java.util.regex.Matcher.match(II)Z @ 86
Event: 6.896 Thread 0x00000000198ec800 Uncommon trap: reason=class_check action=maybe_recompile pc=0x0000000002960198 method=java.util.regex.Matcher.match(II)Z @ 86
Event: 6.897 Thread 0x00000000198ec800 Uncommon trap: reason=class_check action=maybe_recompile pc=0x00000000029299dc method=java.util.regex.Matcher.match(II)Z @ 86
Event: 7.040 Thread 0x00000000198ec800 Uncommon trap: reason=unstable_if action=reinterpret pc=0x0000000002b0ac74 method=java.lang.String.lastIndexOf([CII[CIII)I @ 66
Event: 7.172 Thread 0x00000000198ec800 Uncommon trap: reason=unstable_if action=reinterpret pc=0x000000000281b448 method=java.net.URI.match(CJJ)Z @ 19
Event: 7.172 Thread 0x00000000198ec800 Uncommon trap: reason=unstable_if action=reinterpret pc=0x0000000002967d40 method=java.net.URI.match(CJJ)Z @ 19
Event: 7.173 Thread 0x00000000198ec800 Uncommon trap: reason=unstable_if action=reinterpret pc=0x000000000281a748 method=java.net.URI.match(CJJ)Z @ 19

Classes redefined (0 events):
No events

Internal exceptions (10 events):
Event: 6.233 Thread 0x00000000196c3800 Exception <a 'java/lang/NoSuchMethodError': <clinit>> (0x00000000e00dace8) thrown at [D:\src\AOSP-openjdk-cygwin\jdk8u\hotspot\src\share\vm\prims\jni.cpp, line 1613]
Event: 6.237 Thread 0x00000000196c3800 Exception <a 'java/lang/NoSuchMethodError': <clinit>> (0x00000000e00f2868) thrown at [D:\src\AOSP-openjdk-cygwin\jdk8u\hotspot\src\share\vm\prims\jni.cpp, line 1613]
Event: 6.238 Thread 0x00000000196c3800 Exception <a 'java/lang/NoSuchMethodError': <clinit>> (0x00000000e00fb330) thrown at [D:\src\AOSP-openjdk-cygwin\jdk8u\hotspot\src\share\vm\prims\jni.cpp, line 1613]
Event: 6.239 Thread 0x00000000196c3800 Exception <a 'java/lang/NoSuchMethodError': <clinit>> (0x00000000e010ce98) thrown at [D:\src\AOSP-openjdk-cygwin\jdk8u\hotspot\src\share\vm\prims\jni.cpp, line 1613]
Event: 6.251 Thread 0x00000000196c3800 Exception <a 'java/lang/NoSuchMethodError': <clinit>> (0x00000000e017a890) thrown at [D:\src\AOSP-openjdk-cygwin\jdk8u\hotspot\src\share\vm\prims\jni.cpp, line 1613]
Event: 6.259 Thread 0x00000000196c3800 Exception <a 'java/lang/NoSuchMethodError': <clinit>> (0x00000000e019e200) thrown at [D:\src\AOSP-openjdk-cygwin\jdk8u\hotspot\src\share\vm\prims\jni.cpp, line 1613]
Event: 6.268 Thread 0x00000000196c3800 Exception <a 'java/lang/NoSuchMethodError': <clinit>> (0x00000000e01b91a0) thrown at [D:\src\AOSP-openjdk-cygwin\jdk8u\hotspot\src\share\vm\prims\jni.cpp, line 1613]
Event: 6.276 Thread 0x00000000196c3800 Exception <a 'java/lang/NoSuchMethodError': <clinit>> (0x00000000e01de5d8) thrown at [D:\src\AOSP-openjdk-cygwin\jdk8u\hotspot\src\share\vm\prims\jni.cpp, line 1613]
Event: 6.302 Thread 0x00000000198ec800 Exception <a 'java/lang/NoSuchMethodError': <clinit>> (0x00000000e03391b0) thrown at [D:\src\AOSP-openjdk-cygwin\jdk8u\hotspot\src\share\vm\prims\jni.cpp, line 1613]
Event: 6.303 Thread 0x00000000198ec800 Exception <a 'java/lang/NoSuchMethodError': <clinit>> (0x00000000e0341438) thrown at [D:\src\AOSP-openjdk-cygwin\jdk8u\hotspot\src\share\vm\prims\jni.cpp, line 1613]

Events (10 events):
Event: 7.901 loading class org/gradle/execution/BuildExecutionAction
Event: 7.901 loading class org/gradle/execution/BuildExecutionAction done
Event: 7.901 loading class org/gradle/execution/DryRunBuildExecutionAction
Event: 7.901 loading class org/gradle/execution/DryRunBuildExecutionAction done
Event: 7.902 loading class org/gradle/execution/SelectedTaskExecutionAction
Event: 7.902 loading class org/gradle/execution/SelectedTaskExecutionAction done
Event: 7.903 loading class org/gradle/execution/TaskFailureHandler
Event: 7.903 loading class org/gradle/execution/TaskFailureHandler done
Event: 7.904 loading class org/gradle/api/internal/model/DefaultObjectFactory
Event: 7.904 loading class org/gradle/api/internal/model/DefaultObjectFactory done


Dynamic libraries:
0x00007ff760530000 - 0x00007ff760561000 	C:\Program Files\Android\Android Studio\jre\bin\java.exe
0x00007fff95540000 - 0x00007fff95721000 	C:\WINDOWS\SYSTEM32\ntdll.dll
0x00007fff94780000 - 0x00007fff94832000 	C:\WINDOWS\System32\KERNEL32.DLL
0x00007fff91bb0000 - 0x00007fff91e23000 	C:\WINDOWS\System32\KERNELBASE.dll
0x00007fff94fe0000 - 0x00007fff95081000 	C:\WINDOWS\System32\ADVAPI32.dll
0x00007fff94f40000 - 0x00007fff94fde000 	C:\WINDOWS\System32\msvcrt.dll
0x00007fff954b0000 - 0x00007fff9550b000 	C:\WINDOWS\System32\sechost.dll
0x00007fff949c0000 - 0x00007fff94ae4000 	C:\WINDOWS\System32\RPCRT4.dll
0x00007fff94000000 - 0x00007fff94190000 	C:\WINDOWS\System32\USER32.dll
0x00007fff91aa0000 - 0x00007fff91ac0000 	C:\WINDOWS\System32\win32u.dll
0x00007fff94220000 - 0x00007fff94248000 	C:\WINDOWS\System32\GDI32.dll
0x00007fff92830000 - 0x00007fff929c2000 	C:\WINDOWS\System32\gdi32full.dll
0x00007fff91b10000 - 0x00007fff91baf000 	C:\WINDOWS\System32\msvcp_win.dll
0x00007fff92540000 - 0x00007fff9263a000 	C:\WINDOWS\System32\ucrtbase.dll
0x00007fff82810000 - 0x00007fff82a79000 	C:\WINDOWS\WinSxS\amd64_microsoft.windows.common-controls_6595b64144ccf1df_6.0.17134.285_none_fb4297e330656775\COMCTL32.dll
0x00007fff94250000 - 0x00007fff94573000 	C:\WINDOWS\System32\combase.dll
0x00007fff91910000 - 0x00007fff9198a000 	C:\WINDOWS\System32\bcryptPrimitives.dll
0x00007fff941f0000 - 0x00007fff9421d000 	C:\WINDOWS\System32\IMM32.DLL
0x00007fff85f10000 - 0x00007fff85f1a000 	C:\WINDOWS\SYSTEM32\VERSION.dll
0x0000000060a70000 - 0x0000000060aa9000 	C:\PROGRA~2\Sophos\SOPHOS~1\SOPHOS~2.DLL
0x00007fff95420000 - 0x00007fff95428000 	C:\WINDOWS\System32\PSAPI.DLL
0x00000000600d0000 - 0x00000000601a2000 	C:\Program Files\Android\Android Studio\jre\jre\bin\msvcr100.dll
0x000000005f600000 - 0x000000005fe3f000 	C:\Program Files\Android\Android Studio\jre\jre\bin\server\jvm.dll
0x00007fff88ca0000 - 0x00007fff88ca9000 	C:\WINDOWS\SYSTEM32\WSOCK32.dll
0x00007fff8f8f0000 - 0x00007fff8f913000 	C:\WINDOWS\SYSTEM32\WINMM.dll
0x00007fff929d0000 - 0x00007fff92a3c000 	C:\WINDOWS\System32\WS2_32.dll
0x00007fff8f7f0000 - 0x00007fff8f81a000 	C:\WINDOWS\SYSTEM32\winmmbase.dll
0x00007fff91ac0000 - 0x00007fff91b09000 	C:\WINDOWS\System32\cfgmgr32.dll
0x00007fff88e70000 - 0x00007fff88e7f000 	C:\Program Files\Android\Android Studio\jre\jre\bin\verify.dll
0x00007fff791d0000 - 0x00007fff791f9000 	C:\Program Files\Android\Android Studio\jre\jre\bin\java.dll
0x00007fff88e50000 - 0x00007fff88e66000 	C:\Program Files\Android\Android Studio\jre\jre\bin\zip.dll
0x00007fff92a40000 - 0x00007fff93e80000 	C:\WINDOWS\System32\SHELL32.dll
0x00007fff93f50000 - 0x00007fff93ff9000 	C:\WINDOWS\System32\shcore.dll
0x00007fff91e30000 - 0x00007fff9253d000 	C:\WINDOWS\System32\windows.storage.dll
0x00007fff95450000 - 0x00007fff954a1000 	C:\WINDOWS\System32\shlwapi.dll
0x00007fff918f0000 - 0x00007fff91901000 	C:\WINDOWS\System32\kernel.appcore.dll
0x00007fff918b0000 - 0x00007fff918cf000 	C:\WINDOWS\System32\profapi.dll
0x00007fff91860000 - 0x00007fff918ac000 	C:\WINDOWS\System32\powrprof.dll
0x00007fff91850000 - 0x00007fff9185a000 	C:\WINDOWS\System32\FLTLIB.DLL
0x00007fff69030000 - 0x00007fff6904a000 	C:\Program Files\Android\Android Studio\jre\jre\bin\net.dll
0x00007fff910d0000 - 0x00007fff91136000 	C:\WINDOWS\system32\mswsock.dll
0x00007fff69010000 - 0x00007fff69021000 	C:\Program Files\Android\Android Studio\jre\jre\bin\nio.dll
0x00007fff8e5b0000 - 0x00007fff8e5ce000 	C:\Users\Lenovo-PC\.gradle\native\25\windows-amd64\native-platform.dll
0x00007fff88e90000 - 0x00007fff88e9d000 	C:\Program Files\Android\Android Studio\jre\jre\bin\management.dll
0x00007fff91280000 - 0x00007fff91297000 	C:\WINDOWS\SYSTEM32\CRYPTSP.dll
0x00007fff90cb0000 - 0x00007fff90ce3000 	C:\WINDOWS\system32\rsaenh.dll
0x00007fff913b0000 - 0x00007fff913d5000 	C:\WINDOWS\SYSTEM32\bcrypt.dll
0x00007fff91780000 - 0x00007fff917a8000 	C:\WINDOWS\SYSTEM32\USERENV.dll
0x00007fff912a0000 - 0x00007fff912ab000 	C:\WINDOWS\SYSTEM32\CRYPTBASE.dll
0x00007fff90e50000 - 0x00007fff90e88000 	C:\WINDOWS\SYSTEM32\IPHLPAPI.DLL
0x00007fff95090000 - 0x00007fff95098000 	C:\WINDOWS\System32\NSI.dll
0x00007fff8d190000 - 0x00007fff8d1a6000 	C:\WINDOWS\SYSTEM32\dhcpcsvc6.DLL
0x00007fff8d170000 - 0x00007fff8d18a000 	C:\WINDOWS\SYSTEM32\dhcpcsvc.DLL

VM Arguments:
jvm_args: -Xmx1536m -Dfile.encoding=windows-1252 -Duser.country=GB -Duser.language=en -Duser.variant 
java_command: org.gradle.launcher.daemon.bootstrap.GradleDaemon 4.4
java_class_path (initial): C:\Users\Lenovo-PC\.gradle\wrapper\dists\gradle-4.4-all\9br9xq1tocpiv8o6njlyu5op1\gradle-4.4\lib\gradle-launcher-4.4.jar
Launcher Type: SUN_STANDARD

Environment Variables:
JAVA_HOME=C:\Program Files\Java\jdk1.8.0_60
PATH=C:\Program Files (x86)\Common Files\Oracle\Java\javapath;C:\ProgramData\Oracle\Java\javapath;C:\Program Files (x86)\Intel\iCLS Client\;C:\Program Files\Intel\iCLS Client\;C:\WINDOWS\system32;C:\WINDOWS;C:\WINDOWS\System32\Wbem;C:\WINDOWS\System32\WindowsPowerShell\v1.0\;C:\Program Files\Intel\Intel(R) Management Engine Components\DAL;C:\Program Files\Intel\Intel(R) Management Engine Components\IPT;C:\Program Files (x86)\Intel\Intel(R) Management Engine Components\DAL;C:\Program Files (x86)\Intel\Intel(R) Management Engine Components\IPT;C:\Program Files (x86)\Lenovo\Motion Control\;C:\Program Files\Calibre2\;C:\Program Files\MATLAB\MATLAB Production Server\R2015a\runtime\win64;C:\Program Files\MATLAB\MATLAB Production Server\R2015a\bin;C:\Program Files\MATLAB\MATLAB Production Server\R2015a\polyspace\bin;C:\Program Files (x86)\NVIDIA Corporation\PhysX\Common;C:\Program Files\Microsoft SQL Server\130\Tools\Binn\;C:\WINDOWS\system32;C:\WINDOWS;C:\WINDOWS\System32\Wbem;C:\WINDOWS\System32\WindowsPowerShell\v1.0\;C:\Program Files\Microsoft\Web Platform Installer\;C:\Program Files (x86)\Microsoft ASP.NET\ASP.NET Web Pages\v1.0\;C:\Program Files\Microsoft SQL Server\110\Tools\Binn\;C:\Python27;C:\Program Files\PuTTY\;C:\Program Files\nodejs\;C:\WINDOWS\System32\OpenSSH\;C:\Android;C:\Windows\System32;C:\Users\Lenovo-PC\Anaconda2;C:\Users\Lenovo-PC\Anaconda2\Scripts;C:\Users\Lenovo-PC\Anaconda2\Library\bin;C:\Users\Lenovo-PC\AppData\Local\Microsoft\WindowsApps;C:\Users\Lenovo-PC\AppData\Local\GitHub\PortableGit_f02737a78695063deace08e96d5042710d3e32db\cmd;C:\Users\Lenovo-PC\Anaconda2\pkgs\graphviz-2.38.0-4\Library\bin\graphviz;C:\Program Files (x86)\Nmap;C:\Users\Lenovo-PC\AppData\Roaming\npm;
USERNAME=Lenovo-PC
OS=Windows_NT
PROCESSOR_IDENTIFIER=Intel64 Family 6 Model 60 Stepping 3, GenuineIntel



---------------  S Y S T E M  ---------------

OS: Windows 10.0 , 64 bit Build 17134 (10.0.17134.1)

CPU:total 8 (initial active 8) (4 cores per cpu, 2 threads per core) family 6 model 60 stepping 3, cmov, cx8, fxsr, mmx, sse, sse2, sse3, ssse3, sse4.1, sse4.2, popcnt, avx, avx2, aes, clmul, erms, lzcnt, ht, tsc, tscinvbit, bmi1, bmi2

Memory: 4k page, physical 8298776k(515276k free), swap 12394776k(3108k free)

vm_info: OpenJDK 64-Bit Server VM (25.152-b02) for windows-amd64 JRE (1.8.0_152-release-1024-b02), built by "builder" with MS VC++ 10.0 (VS2010)

time: Fri Oct 12 02:55:14 2018
elapsed time: 7 seconds (0d 0h 0m 7s)

