#
# There is insufficient memory for the Java Runtime Environment to continue.
# Native memory allocation (malloc) failed to allocate 32744 bytes for ChunkPool::allocate
# Possible reasons:
#   The system is out of physical RAM or swap space
#   In 32 bit mode, the process size limit was hit
# Possible solutions:
#   Reduce memory load on the system
#   Increase physical memory or swap space
#   Check if swap backing store is full
#   Use 64 bit Java on a 64 bit OS
#   Decrease Java heap size (-Xmx/-Xms)
#   Decrease number of Java threads
#   Decrease Java thread stack sizes (-Xss)
#   Set larger code cache with -XX:ReservedCodeCacheSize=
# This output file may be truncated or incomplete.
#
#  Out of Memory Error (allocation.cpp:273), pid=1392, tid=0x00000000000031e8
#
# JRE version: OpenJDK Runtime Environment (8.0_152-b02) (build 1.8.0_152-release-1024-b02)
# Java VM: OpenJDK 64-Bit Server VM (25.152-b02 mixed mode windows-amd64 compressed oops)
# Failed to write core dump. Minidumps are not enabled by default on client versions of Windows
#

---------------  T H R E A D  ---------------

Current thread (0x0000000018f29000):  JavaThread "C2 CompilerThread1" daemon [_thread_in_native, id=12776, stack(0x00000000197f0000,0x00000000198f0000)]

Stack: [0x00000000197f0000,0x00000000198f0000]
[error occurred during error reporting (printing stack bounds), id 0xc0000005]

Native frames: (J=compiled Java code, j=interpreted, Vv=VM code, C=native code)


Current CompileTask:
C2:   7925 1542       4       java.io.DataInputStream::readUTF (501 bytes)


---------------  P R O C E S S  ---------------

Java Threads: ( => current thread )
  0x000000001acf6000 JavaThread "Cache worker for file hash cache (C:\Users\Lenovo-PC\Documents\SCU\Mobile App Dev\Assignment2\.gradle\4.4\fileHashes)" [_thread_blocked, id=14812, stack(0x000000001da10000,0x000000001db10000)]
  0x000000001ad1a000 JavaThread "File lock request listener" [_thread_in_native, id=10400, stack(0x000000001c940000,0x000000001ca40000)]
  0x000000001ab70800 JavaThread "Cache worker for file hash cache (C:\Users\Lenovo-PC\.gradle\caches\4.4\fileHashes)" [_thread_blocked, id=14540, stack(0x000000001c840000,0x000000001c940000)]
  0x0000000019131000 JavaThread "Stdin handler" [_thread_blocked, id=252, stack(0x000000001c540000,0x000000001c640000)]
  0x000000001ad52800 JavaThread "Asynchronous log dispatcher for DefaultDaemonConnection: socket connection from /127.0.0.1:59173 to /127.0.0.1:59174" [_thread_blocked, id=12648, stack(0x000000001c340000,0x000000001c440000)]
  0x000000001ad51800 JavaThread "Daemon worker" [_thread_in_native, id=6956, stack(0x000000001c240000,0x000000001c340000)]
  0x000000001ad38800 JavaThread "Cancel handler" [_thread_blocked, id=8016, stack(0x000000001c140000,0x000000001c240000)]
  0x00000000192e3800 JavaThread "Handler for socket connection from /127.0.0.1:59173 to /127.0.0.1:59174" [_thread_in_native, id=15356, stack(0x000000001be40000,0x000000001bf40000)]
  0x00000000192e2800 JavaThread "Daemon" [_thread_blocked, id=5336, stack(0x000000001bd40000,0x000000001be40000)]
  0x000000001aa45000 JavaThread "Daemon periodic checks" [_thread_blocked, id=9028, stack(0x000000001bc40000,0x000000001bd40000)]
  0x000000001a98a000 JavaThread "Incoming local TCP Connector on port 59173" [_thread_in_native, id=8972, stack(0x000000001ba00000,0x000000001bb00000)]
  0x0000000018f88000 JavaThread "Service Thread" daemon [_thread_blocked, id=4580, stack(0x0000000019af0000,0x0000000019bf0000)]
  0x0000000018f3d000 JavaThread "C1 CompilerThread3" daemon [_thread_blocked, id=7444, stack(0x00000000199f0000,0x0000000019af0000)]
  0x0000000018f2b800 JavaThread "C2 CompilerThread2" daemon [_thread_in_native, id=2408, stack(0x00000000198f0000,0x00000000199f0000)]
=>0x0000000018f29000 JavaThread "C2 CompilerThread1" daemon [_thread_in_native, id=12776, stack(0x00000000197f0000,0x00000000198f0000)]
  0x0000000018f26800 JavaThread "C2 CompilerThread0" daemon [_thread_in_native, id=2928, stack(0x00000000196f0000,0x00000000197f0000)]
  0x0000000018f36000 JavaThread "Attach Listener" daemon [_thread_blocked, id=11796, stack(0x00000000195f0000,0x00000000196f0000)]
  0x0000000018f33000 JavaThread "Signal Dispatcher" daemon [_thread_blocked, id=7240, stack(0x00000000194f0000,0x00000000195f0000)]
  0x0000000018f21800 JavaThread "Finalizer" daemon [_thread_blocked, id=11172, stack(0x0000000019300000,0x0000000019400000)]
  0x000000001700b800 JavaThread "Reference Handler" daemon [_thread_blocked, id=7448, stack(0x0000000018e00000,0x0000000018f00000)]
  0x0000000003152800 JavaThread "main" [_thread_blocked, id=824, stack(0x0000000003010000,0x0000000003110000)]

Other Threads:
  0x0000000017005800 VMThread [stack: 0x0000000018d00000,0x0000000018e00000] [id=8796]
  0x0000000018f89000 WatcherThread [stack: 0x0000000019bf0000,0x0000000019cf0000] [id=9212]

VM state:not at safepoint (normal execution)

VM Mutex/Monitor currently owned by a thread: None

Heap:
 PSYoungGen      total 71680K, used 7061K [0x00000000e0000000, 0x00000000e4b00000, 0x0000000100000000)
  eden space 66560K, 2% used [0x00000000e0000000,0x00000000e01ed4d0,0x00000000e4100000)
  from space 5120K, 99% used [0x00000000e4600000,0x00000000e4af8020,0x00000000e4b00000)
  to   space 5120K, 0% used [0x00000000e4100000,0x00000000e4100000,0x00000000e4600000)
 ParOldGen       total 87552K, used 6029K [0x00000000a0000000, 0x00000000a5580000, 0x00000000e0000000)
  object space 87552K, 6% used [0x00000000a0000000,0x00000000a05e3478,0x00000000a5580000)
 Metaspace       used 17906K, capacity 18266K, committed 18432K, reserved 1064960K
  class space    used 2568K, capacity 2697K, committed 2816K, reserved 1048576K

Card table byte_map: [0x0000000012610000,0x0000000012920000] byte_map_base: 0x0000000012110000

Marking Bits: (ParMarkBitMap*) 0x000000005fdc4970
 Begin Bits: [0x0000000013320000, 0x0000000014b20000)
 End Bits:   [0x0000000014b20000, 0x0000000016320000)

Polling page: 0x00000000014b0000

CodeCache: size=245760Kb used=5139Kb max_used=5206Kb free=240620Kb
 bounds [0x0000000003250000, 0x0000000003770000, 0x0000000012250000]
 total_blobs=1887 nmethods=1511 adapters=289
 compilation: enabled

Compilation events (10 events):
Event: 7.778 Thread 0x0000000018f29000 nmethod 1537 0x0000000003767990 code [0x0000000003767b20, 0x0000000003767f78]
Event: 7.825 Thread 0x0000000018f3d000 1539       3       java.lang.Integer::valueOf (32 bytes)
Event: 7.826 Thread 0x0000000018f3d000 nmethod 1539 0x0000000003767310 code [0x0000000003767480, 0x00000000037677d0]
Event: 7.826 Thread 0x0000000018f29000 1542       4       java.io.DataInputStream::readUTF (501 bytes)
Event: 7.826 Thread 0x0000000018f3d000 1540       3       java.lang.Integer::hashCode (8 bytes)
Event: 7.827 Thread 0x0000000018f3d000 nmethod 1540 0x000000000335e010 code [0x000000000335e160, 0x000000000335e310]
Event: 7.827 Thread 0x0000000018f3d000 1541       3       java.lang.Integer::hashCode (2 bytes)
Event: 7.827 Thread 0x0000000018f3d000 nmethod 1541 0x0000000003366390 code [0x00000000033664e0, 0x0000000003366610]
Event: 7.828 Thread 0x0000000018f3d000 1543       3       org.codehaus.groovy.reflection.GeneratedMetaMethod$DgmMethodRecord::<init> (5 bytes)
Event: 7.828 Thread 0x0000000018f3d000 nmethod 1543 0x00000000033690d0 code [0x0000000003369220, 0x00000000033693d0]

GC Heap History (8 events):
Event: 2.410 GC heap before
{Heap before GC invocations=1 (full 0):
 PSYoungGen      total 38400K, used 33280K [0x00000000e0000000, 0x00000000e2a80000, 0x0000000100000000)
  eden space 33280K, 100% used [0x00000000e0000000,0x00000000e2080000,0x00000000e2080000)
  from space 5120K, 0% used [0x00000000e2580000,0x00000000e2580000,0x00000000e2a80000)
  to   space 5120K, 0% used [0x00000000e2080000,0x00000000e2080000,0x00000000e2580000)
 ParOldGen       total 87552K, used 0K [0x00000000a0000000, 0x00000000a5580000, 0x00000000e0000000)
  object space 87552K, 0% used [0x00000000a0000000,0x00000000a0000000,0x00000000a5580000)
 Metaspace       used 6886K, capacity 7038K, committed 7168K, reserved 1056768K
  class space    used 841K, capacity 907K, committed 1024K, reserved 1048576K
Event: 2.424 GC heap after
Heap after GC invocations=1 (full 0):
 PSYoungGen      total 38400K, used 4152K [0x00000000e0000000, 0x00000000e2a80000, 0x0000000100000000)
  eden space 33280K, 0% used [0x00000000e0000000,0x00000000e0000000,0x00000000e2080000)
  from space 5120K, 81% used [0x00000000e2080000,0x00000000e248e278,0x00000000e2580000)
  to   space 5120K, 0% used [0x00000000e2580000,0x00000000e2580000,0x00000000e2a80000)
 ParOldGen       total 87552K, used 8K [0x00000000a0000000, 0x00000000a5580000, 0x00000000e0000000)
  object space 87552K, 0% used [0x00000000a0000000,0x00000000a0002000,0x00000000a5580000)
 Metaspace       used 6886K, capacity 7038K, committed 7168K, reserved 1056768K
  class space    used 841K, capacity 907K, committed 1024K, reserved 1048576K
}
Event: 5.738 GC heap before
{Heap before GC invocations=2 (full 0):
 PSYoungGen      total 38400K, used 37432K [0x00000000e0000000, 0x00000000e2a80000, 0x0000000100000000)
  eden space 33280K, 100% used [0x00000000e0000000,0x00000000e2080000,0x00000000e2080000)
  from space 5120K, 81% used [0x00000000e2080000,0x00000000e248e278,0x00000000e2580000)
  to   space 5120K, 0% used [0x00000000e2580000,0x00000000e2580000,0x00000000e2a80000)
 ParOldGen       total 87552K, used 8K [0x00000000a0000000, 0x00000000a5580000, 0x00000000e0000000)
  object space 87552K, 0% used [0x00000000a0000000,0x00000000a0002000,0x00000000a5580000)
 Metaspace       used 11379K, capacity 11698K, committed 11904K, reserved 1058816K
  class space    used 1511K, capacity 1627K, committed 1664K, reserved 1048576K
Event: 5.756 GC heap after
Heap after GC invocations=2 (full 0):
 PSYoungGen      total 38400K, used 5103K [0x00000000e0000000, 0x00000000e2a80000, 0x0000000100000000)
  eden space 33280K, 0% used [0x00000000e0000000,0x00000000e0000000,0x00000000e2080000)
  from space 5120K, 99% used [0x00000000e2580000,0x00000000e2a7bf20,0x00000000e2a80000)
  to   space 5120K, 0% used [0x00000000e2080000,0x00000000e2080000,0x00000000e2580000)
 ParOldGen       total 87552K, used 459K [0x00000000a0000000, 0x00000000a5580000, 0x00000000e0000000)
  object space 87552K, 0% used [0x00000000a0000000,0x00000000a0072e60,0x00000000a5580000)
 Metaspace       used 11379K, capacity 11698K, committed 11904K, reserved 1058816K
  class space    used 1511K, capacity 1627K, committed 1664K, reserved 1048576K
}
Event: 6.492 GC heap before
{Heap before GC invocations=3 (full 0):
 PSYoungGen      total 38400K, used 38383K [0x00000000e0000000, 0x00000000e2a80000, 0x0000000100000000)
  eden space 33280K, 100% used [0x00000000e0000000,0x00000000e2080000,0x00000000e2080000)
  from space 5120K, 99% used [0x00000000e2580000,0x00000000e2a7bf20,0x00000000e2a80000)
  to   space 5120K, 0% used [0x00000000e2080000,0x00000000e2080000,0x00000000e2580000)
 ParOldGen       total 87552K, used 459K [0x00000000a0000000, 0x00000000a5580000, 0x00000000e0000000)
  object space 87552K, 0% used [0x00000000a0000000,0x00000000a0072e60,0x00000000a5580000)
 Metaspace       used 14361K, capacity 14652K, committed 14720K, reserved 1062912K
  class space    used 2012K, capacity 2116K, committed 2176K, reserved 1048576K
Event: 6.514 GC heap after
Heap after GC invocations=3 (full 0):
 PSYoungGen      total 38400K, used 5117K [0x00000000e0000000, 0x00000000e4b00000, 0x0000000100000000)
  eden space 33280K, 0% used [0x00000000e0000000,0x00000000e0000000,0x00000000e2080000)
  from space 5120K, 99% used [0x00000000e2080000,0x00000000e257f508,0x00000000e2580000)
  to   space 5120K, 0% used [0x00000000e4600000,0x00000000e4600000,0x00000000e4b00000)
 ParOldGen       total 87552K, used 2489K [0x00000000a0000000, 0x00000000a5580000, 0x00000000e0000000)
  object space 87552K, 2% used [0x00000000a0000000,0x00000000a026e480,0x00000000a5580000)
 Metaspace       used 14361K, capacity 14652K, committed 14720K, reserved 1062912K
  class space    used 2012K, capacity 2116K, committed 2176K, reserved 1048576K
}
Event: 7.855 GC heap before
{Heap before GC invocations=4 (full 0):
 PSYoungGen      total 38400K, used 38397K [0x00000000e0000000, 0x00000000e4b00000, 0x0000000100000000)
  eden space 33280K, 100% used [0x00000000e0000000,0x00000000e2080000,0x00000000e2080000)
  from space 5120K, 99% used [0x00000000e2080000,0x00000000e257f508,0x00000000e2580000)
  to   space 5120K, 0% used [0x00000000e4600000,0x00000000e4600000,0x00000000e4b00000)
 ParOldGen       total 87552K, used 2489K [0x00000000a0000000, 0x00000000a5580000, 0x00000000e0000000)
  object space 87552K, 2% used [0x00000000a0000000,0x00000000a026e480,0x00000000a5580000)
 Metaspace       used 17772K, capacity 18170K, committed 18304K, reserved 1064960K
  class space    used 2540K, capacity 2665K, committed 2688K, reserved 1048576K
Event: 7.885 GC heap after
Heap after GC invocations=4 (full 0):
 PSYoungGen      total 71680K, used 5088K [0x00000000e0000000, 0x00000000e4b00000, 0x0000000100000000)
  eden space 66560K, 0% used [0x00000000e0000000,0x00000000e0000000,0x00000000e4100000)
  from space 5120K, 99% used [0x00000000e4600000,0x00000000e4af8020,0x00000000e4b00000)
  to   space 5120K, 0% used [0x00000000e4100000,0x00000000e4100000,0x00000000e4600000)
 ParOldGen       total 87552K, used 6029K [0x00000000a0000000, 0x00000000a5580000, 0x00000000e0000000)
  object space 87552K, 6% used [0x00000000a0000000,0x00000000a05e3478,0x00000000a5580000)
 Metaspace       used 17772K, capacity 18170K, committed 18304K, reserved 1064960K
  class space    used 2540K, capacity 2665K, committed 2688K, reserved 1048576K
}

Deoptimization events (10 events):
Event: 5.921 Thread 0x000000001ad51800 Uncommon trap: reason=bimorphic action=maybe_recompile pc=0x0000000003578df0 method=java.util.HashMap.putVal(ILjava/lang/Object;Ljava/lang/Object;ZZ)Ljava/lang/Object; @ 253
Event: 5.921 Thread 0x000000001ad51800 Uncommon trap: reason=bimorphic action=maybe_recompile pc=0x0000000003578df0 method=java.util.HashMap.putVal(ILjava/lang/Object;Ljava/lang/Object;ZZ)Ljava/lang/Object; @ 253
Event: 5.951 Thread 0x000000001ad51800 Uncommon trap: reason=class_check action=maybe_recompile pc=0x00000000034e7e18 method=java.util.regex.Matcher.match(II)Z @ 86
Event: 6.375 Thread 0x000000001ad51800 Uncommon trap: reason=class_check action=maybe_recompile pc=0x00000000034e7e18 method=java.util.regex.Matcher.match(II)Z @ 86
Event: 6.376 Thread 0x000000001ad51800 Uncommon trap: reason=class_check action=maybe_recompile pc=0x00000000034bd1dc method=java.util.regex.Matcher.match(II)Z @ 86
Event: 6.527 Thread 0x000000001ad51800 Uncommon trap: reason=unstable_if action=reinterpret pc=0x00000000036a3574 method=java.lang.String.lastIndexOf([CII[CIII)I @ 66
Event: 6.660 Thread 0x000000001ad51800 Uncommon trap: reason=unstable_if action=reinterpret pc=0x00000000033a9d48 method=java.net.URI.match(CJJ)Z @ 19
Event: 6.661 Thread 0x000000001ad51800 Uncommon trap: reason=unstable_if action=reinterpret pc=0x00000000034f85c0 method=java.net.URI.match(CJJ)Z @ 19
Event: 6.661 Thread 0x000000001ad51800 Uncommon trap: reason=unstable_if action=reinterpret pc=0x00000000033a9a08 method=java.net.URI.match(CJJ)Z @ 19
Event: 7.373 Thread 0x000000001ad51800 Uncommon trap: reason=unstable_if action=reinterpret pc=0x00000000034e6618 method=java.io.File.getName()Ljava/lang/String; @ 16

Classes redefined (0 events):
No events

Internal exceptions (10 events):
Event: 5.820 Thread 0x00000000192e3800 Exception <a 'java/lang/NoSuchMethodError': <clinit>> (0x00000000e0131a48) thrown at [D:\src\AOSP-openjdk-cygwin\jdk8u\hotspot\src\share\vm\prims\jni.cpp, line 1613]
Event: 5.835 Thread 0x00000000192e3800 Exception <a 'java/lang/NoSuchMethodError': <clinit>> (0x00000000e01678b8) thrown at [D:\src\AOSP-openjdk-cygwin\jdk8u\hotspot\src\share\vm\prims\jni.cpp, line 1613]
Event: 5.836 Thread 0x00000000192e3800 Exception <a 'java/lang/NoSuchMethodError': <clinit>> (0x00000000e0175520) thrown at [D:\src\AOSP-openjdk-cygwin\jdk8u\hotspot\src\share\vm\prims\jni.cpp, line 1613]
Event: 5.845 Thread 0x00000000192e3800 Exception <a 'java/lang/NoSuchMethodError': <clinit>> (0x00000000e019ae30) thrown at [D:\src\AOSP-openjdk-cygwin\jdk8u\hotspot\src\share\vm\prims\jni.cpp, line 1613]
Event: 5.900 Thread 0x000000001ad51800 Exception <a 'java/lang/NoSuchMethodError': <clinit>> (0x00000000e030e1d0) thrown at [D:\src\AOSP-openjdk-cygwin\jdk8u\hotspot\src\share\vm\prims\jni.cpp, line 1613]
Event: 5.901 Thread 0x000000001ad51800 Exception <a 'java/lang/NoSuchMethodError': <clinit>> (0x00000000e0316458) thrown at [D:\src\AOSP-openjdk-cygwin\jdk8u\hotspot\src\share\vm\prims\jni.cpp, line 1613]
Event: 7.434 Thread 0x000000001ad51800 Exception <a 'java/lang/NoSuchMethodError': <clinit>> (0x00000000e17e0ad8) thrown at [D:\src\AOSP-openjdk-cygwin\jdk8u\hotspot\src\share\vm\prims\jni.cpp, line 1613]
Event: 7.435 Thread 0x000000001ad51800 Exception <a 'java/lang/NoSuchMethodError': <clinit>> (0x00000000e17e3478) thrown at [D:\src\AOSP-openjdk-cygwin\jdk8u\hotspot\src\share\vm\prims\jni.cpp, line 1613]
Event: 7.437 Thread 0x000000001ad51800 Exception <a 'java/lang/NoSuchMethodError': <clinit>> (0x00000000e17f0a68) thrown at [D:\src\AOSP-openjdk-cygwin\jdk8u\hotspot\src\share\vm\prims\jni.cpp, line 1613]
Event: 7.440 Thread 0x000000001ad51800 Exception <a 'java/lang/NoSuchMethodError': <clinit>> (0x00000000e17fc1e8) thrown at [D:\src\AOSP-openjdk-cygwin\jdk8u\hotspot\src\share\vm\prims\jni.cpp, line 1613]

Events (10 events):
Event: 7.909 loading class org/codehaus/groovy/util/ManagedReference
Event: 7.909 loading class org/codehaus/groovy/util/ManagedReference done
Event: 7.909 loading class org/codehaus/groovy/util/ManagedReference$1
Event: 7.909 loading class org/codehaus/groovy/util/ManagedReference$1 done
Event: 7.911 loading class org/codehaus/groovy/util/LazyReference
Event: 7.911 loading class org/codehaus/groovy/util/LazyReference done
Event: 7.912 loading class org/codehaus/groovy/reflection/CachedClass$1
Event: 7.912 loading class org/codehaus/groovy/reflection/CachedClass$1 done
Event: 7.913 loading class org/codehaus/groovy/reflection/CachedClass$2
Event: 7.913 loading class org/codehaus/groovy/reflection/CachedClass$2 done


Dynamic libraries:
0x00007ff760530000 - 0x00007ff760561000 	C:\Program Files\Android\Android Studio\jre\bin\java.exe
0x00007fff95540000 - 0x00007fff95721000 	C:\WINDOWS\SYSTEM32\ntdll.dll
0x00007fff94780000 - 0x00007fff94832000 	C:\WINDOWS\System32\KERNEL32.DLL
0x00007fff91bb0000 - 0x00007fff91e23000 	C:\WINDOWS\System32\KERNELBASE.dll
0x00007fff94fe0000 - 0x00007fff95081000 	C:\WINDOWS\System32\ADVAPI32.dll
0x00007fff94f40000 - 0x00007fff94fde000 	C:\WINDOWS\System32\msvcrt.dll
0x00007fff954b0000 - 0x00007fff9550b000 	C:\WINDOWS\System32\sechost.dll
0x00007fff949c0000 - 0x00007fff94ae4000 	C:\WINDOWS\System32\RPCRT4.dll
0x00007fff94000000 - 0x00007fff94190000 	C:\WINDOWS\System32\USER32.dll
0x00007fff91aa0000 - 0x00007fff91ac0000 	C:\WINDOWS\System32\win32u.dll
0x00007fff94220000 - 0x00007fff94248000 	C:\WINDOWS\System32\GDI32.dll
0x00007fff92830000 - 0x00007fff929c2000 	C:\WINDOWS\System32\gdi32full.dll
0x00007fff91b10000 - 0x00007fff91baf000 	C:\WINDOWS\System32\msvcp_win.dll
0x00007fff92540000 - 0x00007fff9263a000 	C:\WINDOWS\System32\ucrtbase.dll
0x00007fff82810000 - 0x00007fff82a79000 	C:\WINDOWS\WinSxS\amd64_microsoft.windows.common-controls_6595b64144ccf1df_6.0.17134.285_none_fb4297e330656775\COMCTL32.dll
0x00007fff94250000 - 0x00007fff94573000 	C:\WINDOWS\System32\combase.dll
0x00007fff91910000 - 0x00007fff9198a000 	C:\WINDOWS\System32\bcryptPrimitives.dll
0x00007fff941f0000 - 0x00007fff9421d000 	C:\WINDOWS\System32\IMM32.DLL
0x00007fff85f10000 - 0x00007fff85f1a000 	C:\WINDOWS\SYSTEM32\VERSION.dll
0x0000000060a70000 - 0x0000000060aa9000 	C:\PROGRA~2\Sophos\SOPHOS~1\SOPHOS~2.DLL
0x00007fff95420000 - 0x00007fff95428000 	C:\WINDOWS\System32\PSAPI.DLL
0x00000000600d0000 - 0x00000000601a2000 	C:\Program Files\Android\Android Studio\jre\jre\bin\msvcr100.dll
0x000000005f600000 - 0x000000005fe3f000 	C:\Program Files\Android\Android Studio\jre\jre\bin\server\jvm.dll
0x00007fff88ca0000 - 0x00007fff88ca9000 	C:\WINDOWS\SYSTEM32\WSOCK32.dll
0x00007fff8f8f0000 - 0x00007fff8f913000 	C:\WINDOWS\SYSTEM32\WINMM.dll
0x00007fff929d0000 - 0x00007fff92a3c000 	C:\WINDOWS\System32\WS2_32.dll
0x00007fff8f7f0000 - 0x00007fff8f81a000 	C:\WINDOWS\SYSTEM32\winmmbase.dll
0x00007fff91ac0000 - 0x00007fff91b09000 	C:\WINDOWS\System32\cfgmgr32.dll
0x00007fff88e70000 - 0x00007fff88e7f000 	C:\Program Files\Android\Android Studio\jre\jre\bin\verify.dll
0x00007fff791d0000 - 0x00007fff791f9000 	C:\Program Files\Android\Android Studio\jre\jre\bin\java.dll
0x00007fff88e50000 - 0x00007fff88e66000 	C:\Program Files\Android\Android Studio\jre\jre\bin\zip.dll
0x00007fff92a40000 - 0x00007fff93e80000 	C:\WINDOWS\System32\SHELL32.dll
0x00007fff93f50000 - 0x00007fff93ff9000 	C:\WINDOWS\System32\shcore.dll
0x00007fff91e30000 - 0x00007fff9253d000 	C:\WINDOWS\System32\windows.storage.dll
0x00007fff95450000 - 0x00007fff954a1000 	C:\WINDOWS\System32\shlwapi.dll
0x00007fff918f0000 - 0x00007fff91901000 	C:\WINDOWS\System32\kernel.appcore.dll
0x00007fff918b0000 - 0x00007fff918cf000 	C:\WINDOWS\System32\profapi.dll
0x00007fff91860000 - 0x00007fff918ac000 	C:\WINDOWS\System32\powrprof.dll
0x00007fff91850000 - 0x00007fff9185a000 	C:\WINDOWS\System32\FLTLIB.DLL
0x00007fff69030000 - 0x00007fff6904a000 	C:\Program Files\Android\Android Studio\jre\jre\bin\net.dll
0x00007fff910d0000 - 0x00007fff91136000 	C:\WINDOWS\system32\mswsock.dll
0x00007fff69010000 - 0x00007fff69021000 	C:\Program Files\Android\Android Studio\jre\jre\bin\nio.dll
0x00007fff8e5b0000 - 0x00007fff8e5ce000 	C:\Users\Lenovo-PC\.gradle\native\25\windows-amd64\native-platform.dll
0x00007fff88e90000 - 0x00007fff88e9d000 	C:\Program Files\Android\Android Studio\jre\jre\bin\management.dll
0x00007fff91280000 - 0x00007fff91297000 	C:\WINDOWS\SYSTEM32\CRYPTSP.dll
0x00007fff90cb0000 - 0x00007fff90ce3000 	C:\WINDOWS\system32\rsaenh.dll
0x00007fff913b0000 - 0x00007fff913d5000 	C:\WINDOWS\SYSTEM32\bcrypt.dll
0x00007fff91780000 - 0x00007fff917a8000 	C:\WINDOWS\SYSTEM32\USERENV.dll
0x00007fff912a0000 - 0x00007fff912ab000 	C:\WINDOWS\SYSTEM32\CRYPTBASE.dll
0x00007fff90e50000 - 0x00007fff90e88000 	C:\WINDOWS\SYSTEM32\IPHLPAPI.DLL
0x00007fff95090000 - 0x00007fff95098000 	C:\WINDOWS\System32\NSI.dll
0x00007fff8d190000 - 0x00007fff8d1a6000 	C:\WINDOWS\SYSTEM32\dhcpcsvc6.DLL
0x00007fff8d170000 - 0x00007fff8d18a000 	C:\WINDOWS\SYSTEM32\dhcpcsvc.DLL

VM Arguments:
jvm_args: -Xmx1536m -Dfile.encoding=windows-1252 -Duser.country=GB -Duser.language=en -Duser.variant 
java_command: org.gradle.launcher.daemon.bootstrap.GradleDaemon 4.4
java_class_path (initial): C:\Users\Lenovo-PC\.gradle\wrapper\dists\gradle-4.4-all\9br9xq1tocpiv8o6njlyu5op1\gradle-4.4\lib\gradle-launcher-4.4.jar
Launcher Type: SUN_STANDARD

Environment Variables:
JAVA_HOME=C:\Program Files\Java\jdk1.8.0_60
PATH=C:\Program Files (x86)\Common Files\Oracle\Java\javapath;C:\ProgramData\Oracle\Java\javapath;C:\Program Files (x86)\Intel\iCLS Client\;C:\Program Files\Intel\iCLS Client\;C:\WINDOWS\system32;C:\WINDOWS;C:\WINDOWS\System32\Wbem;C:\WINDOWS\System32\WindowsPowerShell\v1.0\;C:\Program Files\Intel\Intel(R) Management Engine Components\DAL;C:\Program Files\Intel\Intel(R) Management Engine Components\IPT;C:\Program Files (x86)\Intel\Intel(R) Management Engine Components\DAL;C:\Program Files (x86)\Intel\Intel(R) Management Engine Components\IPT;C:\Program Files (x86)\Lenovo\Motion Control\;C:\Program Files\Calibre2\;C:\Program Files\MATLAB\MATLAB Production Server\R2015a\runtime\win64;C:\Program Files\MATLAB\MATLAB Production Server\R2015a\bin;C:\Program Files\MATLAB\MATLAB Production Server\R2015a\polyspace\bin;C:\Program Files (x86)\NVIDIA Corporation\PhysX\Common;C:\Program Files\Microsoft SQL Server\130\Tools\Binn\;C:\WINDOWS\system32;C:\WINDOWS;C:\WINDOWS\System32\Wbem;C:\WINDOWS\System32\WindowsPowerShell\v1.0\;C:\Program Files\Microsoft\Web Platform Installer\;C:\Program Files (x86)\Microsoft ASP.NET\ASP.NET Web Pages\v1.0\;C:\Program Files\Microsoft SQL Server\110\Tools\Binn\;C:\Python27;C:\Program Files\PuTTY\;C:\Program Files\nodejs\;C:\WINDOWS\System32\OpenSSH\;C:\Android;C:\Windows\System32;C:\Users\Lenovo-PC\Anaconda2;C:\Users\Lenovo-PC\Anaconda2\Scripts;C:\Users\Lenovo-PC\Anaconda2\Library\bin;C:\Users\Lenovo-PC\AppData\Local\Microsoft\WindowsApps;C:\Users\Lenovo-PC\AppData\Local\GitHub\PortableGit_f02737a78695063deace08e96d5042710d3e32db\cmd;C:\Users\Lenovo-PC\Anaconda2\pkgs\graphviz-2.38.0-4\Library\bin\graphviz;C:\Program Files (x86)\Nmap;C:\Users\Lenovo-PC\AppData\Roaming\npm;
USERNAME=Lenovo-PC
OS=Windows_NT
PROCESSOR_IDENTIFIER=Intel64 Family 6 Model 60 Stepping 3, GenuineIntel



---------------  S Y S T E M  ---------------

OS: Windows 10.0 , 64 bit Build 17134 (10.0.17134.1)

CPU:total 8 (initial active 8) (4 cores per cpu, 2 threads per core) family 6 model 60 stepping 3, cmov, cx8, fxsr, mmx, sse, sse2, sse3, ssse3, sse4.1, sse4.2, popcnt, avx, avx2, aes, clmul, erms, lzcnt, ht, tsc, tscinvbit, bmi1, bmi2

Memory: 4k page, physical 8298776k(591316k free), swap 12394776k(4160k free)

vm_info: OpenJDK 64-Bit Server VM (25.152-b02) for windows-amd64 JRE (1.8.0_152-release-1024-b02), built by "builder" with MS VC++ 10.0 (VS2010)

time: Fri Oct 12 02:51:21 2018
elapsed time: 7 seconds (0d 0h 0m 7s)

